#
# There is insufficient memory for the Java Runtime Environment to continue.
# Native memory allocation (malloc) failed to allocate 1166784 bytes for Chunk::new
# Possible reasons:
#   The system is out of physical RAM or swap space
#   The process is running with CompressedOops enabled, and the Java Heap may be blocking the growth of the native heap
# Possible solutions:
#   Reduce memory load on the system
#   Increase physical memory or swap space
#   Check if swap backing store is full
#   Decrease Java heap size (-Xmx/-Xms)
#   Decrease number of Java threads
#   Decrease Java thread stack sizes (-Xss)
#   Set larger code cache with -XX:ReservedCodeCacheSize=
#   JVM is running with Unscaled Compressed Oops mode in which the Java heap is
#     placed in the first 4GB address space. The Java Heap base address is the
#     maximum limit for the native heap growth. Please use -XX:HeapBaseMinAddress
#     to set the Java Heap base and to place the Java Heap above 4GB virtual address.
# This output file may be truncated or incomplete.
#
#  Out of Memory Error (./open/src/hotspot/share/memory/arena.cpp:195), pid=13620, tid=16416
#
# JRE version: Java(TM) SE Runtime Environment (15.0.1+9) (build 15.0.1+9-18)
# Java VM: Java HotSpot(TM) 64-Bit Server VM (15.0.1+9-18, mixed mode, sharing, tiered, compressed oops, g1 gc, windows-amd64)
# No core dump will be written. Minidumps are not enabled by default on client versions of Windows
#

---------------  S U M M A R Y ------------

Command Line: -ea -Didea.test.cyclic.buffer.size=1048576 -javaagent:C:\Users\qkdlf\ideaIU-2022.1.3.win\lib\idea_rt.jar=65253:C:\Users\qkdlf\ideaIU-2022.1.3.win\bin -Dfile.encoding=UTF-8 com.intellij.rt.junit.JUnitStarter -ideVersion5 -junit5 jpabook.jpashop.MemberRepositoryTest,testMember

Host: Intel(R) Core(TM) i5-7200U CPU @ 2.50GHz, 4 cores, 7G,  Windows 10 , 64 bit Build 19041 (10.0.19041.3155)
Time: Fri Aug 11 02:11:50 2023 ¥Î«—πŒ±π «•¡ÿΩ√ elapsed time: 10.456494 seconds (0d 0h 0m 10s)

---------------  T H R E A D  ---------------

Current thread (0x00000142d2340de0):  JavaThread "C2 CompilerThread0" daemon [_thread_in_native, id=16416, stack(0x0000001fb5b00000,0x0000001fb5c00000)]


Current CompileTask:
C2:  10457 4126       4       java.lang.Class::getMethodsRecursive (99 bytes)

Stack: [0x0000001fb5b00000,0x0000001fb5c00000]
Native frames: (J=compiled Java code, j=interpreted, Vv=VM code, C=native code)
V  [jvm.dll+0x62ae9a]
V  [jvm.dll+0x781389]
V  [jvm.dll+0x782ae3]
V  [jvm.dll+0x783143]
V  [jvm.dll+0x216265]
V  [jvm.dll+0x97efa]
V  [jvm.dll+0x985dc]
V  [jvm.dll+0x32e525]
V  [jvm.dll+0x2f78aa]
V  [jvm.dll+0x2f6c6a]
V  [jvm.dll+0x1ea645]
V  [jvm.dll+0x1e98ae]
V  [jvm.dll+0x1784c7]
V  [jvm.dll+0x1f9165]
V  [jvm.dll+0x1f720c]
V  [jvm.dll+0x74485d]
V  [jvm.dll+0x73d65a]
V  [jvm.dll+0x629c56]
C  [ucrtbase.dll+0x21bb2]
C  [KERNEL32.DLL+0x17614]
C  [ntdll.dll+0x526b1]


---------------  P R O C E S S  ---------------

Threads class SMR info:
_java_thread_list=0x00000142d3228910, length=15, elements={
0x00000142b21afa50, 0x00000142d231dba0, 0x00000142d231e580, 0x00000142d2339c40,
0x00000142d233d920, 0x00000142d23401f0, 0x00000142d2340de0, 0x00000142d234cbf0,
0x00000142d234dcd0, 0x00000142d2301d00, 0x00000142d2e38fb0, 0x00000142d2e39480,
0x00000142d4ec8030, 0x00000142d6887600, 0x00000142d6887ad0
}

Java Threads: ( => current thread )
  0x00000142b21afa50 JavaThread "main" [_thread_in_native, id=18444, stack(0x0000001fb4f00000,0x0000001fb5000000)]
  0x00000142d231dba0 JavaThread "Reference Handler" daemon [_thread_blocked, id=16652, stack(0x0000001fb5600000,0x0000001fb5700000)]
  0x00000142d231e580 JavaThread "Finalizer" daemon [_thread_blocked, id=4736, stack(0x0000001fb5700000,0x0000001fb5800000)]
  0x00000142d2339c40 JavaThread "Signal Dispatcher" daemon [_thread_blocked, id=9708, stack(0x0000001fb5800000,0x0000001fb5900000)]
  0x00000142d233d920 JavaThread "Attach Listener" daemon [_thread_blocked, id=18248, stack(0x0000001fb5900000,0x0000001fb5a00000)]
  0x00000142d23401f0 JavaThread "Service Thread" daemon [_thread_blocked, id=24268, stack(0x0000001fb5a00000,0x0000001fb5b00000)]
=>0x00000142d2340de0 JavaThread "C2 CompilerThread0" daemon [_thread_in_native, id=16416, stack(0x0000001fb5b00000,0x0000001fb5c00000)]
  0x00000142d234cbf0 JavaThread "C1 CompilerThread0" daemon [_thread_blocked, id=18572, stack(0x0000001fb5c00000,0x0000001fb5d00000)]
  0x00000142d234dcd0 JavaThread "Sweeper thread" daemon [_thread_blocked, id=24068, stack(0x0000001fb5d00000,0x0000001fb5e00000)]
  0x00000142d2301d00 JavaThread "Common-Cleaner" daemon [_thread_blocked, id=6092, stack(0x0000001fb5e00000,0x0000001fb5f00000)]
  0x00000142d2e38fb0 JavaThread "Monitor Ctrl-Break" daemon [_thread_in_native, id=22112, stack(0x0000001fb5f00000,0x0000001fb6000000)]
  0x00000142d2e39480 JavaThread "Notification Thread" daemon [_thread_blocked, id=13600, stack(0x0000001fb6000000,0x0000001fb6100000)]
  0x00000142d4ec8030 JavaThread "C2 CompilerThread1" daemon [_thread_in_native, id=24572, stack(0x0000001fb6300000,0x0000001fb6400000)]
  0x00000142d6887600 JavaThread "HikariPool-1 housekeeper" daemon [_thread_blocked, id=12316, stack(0x0000001fb6600000,0x0000001fb6700000)]
  0x00000142d6887ad0 JavaThread "HikariPool-1 connection adder" daemon [_thread_blocked, id=18472, stack(0x0000001fb6700000,0x0000001fb6800000)]

Other Threads:
  0x00000142d231a500 VMThread "VM Thread" [stack: 0x0000001fb5500000,0x0000001fb5600000] [id=25240]
  0x00000142d2d9a760 WatcherThread [stack: 0x0000001fb6100000,0x0000001fb6200000] [id=11344]
  0x00000142b21ee8d0 GCTaskThread "GC Thread#0" [stack: 0x0000001fb5000000,0x0000001fb5100000] [id=9332]
  0x00000142d2e5ebd0 GCTaskThread "GC Thread#1" [stack: 0x0000001fb6200000,0x0000001fb6300000] [id=18144]
  0x00000142d2e5d580 GCTaskThread "GC Thread#2" [stack: 0x0000001fb6400000,0x0000001fb6500000] [id=20636]
  0x00000142d2e5f230 GCTaskThread "GC Thread#3" [stack: 0x0000001fb6800000,0x0000001fb6900000] [id=1192]
  0x00000142b22005c0 ConcurrentGCThread "G1 Main Marker" [stack: 0x0000001fb5100000,0x0000001fb5200000] [id=21820]
  0x00000142b2201860 ConcurrentGCThread "G1 Conc#0" [stack: 0x0000001fb5200000,0x0000001fb5300000] [id=5136]
  0x00000142b226d6b0 ConcurrentGCThread "G1 Refine#0" [stack: 0x0000001fb5300000,0x0000001fb5400000] [id=10896]
  0x00000142d3472830 ConcurrentGCThread "G1 Refine#1" [stack: 0x0000001fb6500000,0x0000001fb6600000] [id=21936]
  0x00000142b226e0c0 ConcurrentGCThread "G1 Young RemSet Sampling" [stack: 0x0000001fb5400000,0x0000001fb5500000] [id=4396]

Threads with active compile tasks:
C2 CompilerThread0    10525 4126       4       java.lang.Class::getMethodsRecursive (99 bytes)
C2 CompilerThread1    10525 4130   !   4       jdk.internal.loader.URLClassPath$JarLoader::getResource (354 bytes)

VM state: not at safepoint (normal execution)

VM Mutex/Monitor currently owned by a thread: None

Heap address: 0x0000000081c00000, size: 2020 MB, Compressed Oops mode: 32-bit
CDS archive(s) mapped at: [0x0000000800000000-0x0000000800b50000-0x0000000800b50000), size 11862016, SharedBaseAddress: 0x0000000800000000, ArchiveRelocationMode: 0.
Compressed class space mapped at: 0x0000000800b50000-0x0000000840b50000, size: 1073741824
Narrow klass base: 0x0000000800000000, Narrow klass shift: 3, Narrow klass range: 0x100000000

GC Precious Log:
 CPUs: 4 total, 4 available
 Memory: 8072M
 Large Page Support: Disabled
 NUMA Support: Disabled
 Compressed Oops: Enabled (32-bit)
 Heap Region Size: 1M
 Heap Min Capacity: 8M
 Heap Initial Capacity: 128M
 Heap Max Capacity: 2020M
 Pre-touch: Disabled
 Parallel Workers: 4
 Concurrent Workers: 1
 Concurrent Refinement Workers: 4
 Periodic GC: Disabled

Heap:
 garbage-first heap   total 58368K, used 39321K [0x0000000081c00000, 0x0000000100000000)
  region size 1024K, 23 young (23552K), 3 survivors (3072K)
 Metaspace       used 48058K, capacity 48417K, committed 48512K, reserved 1091584K
  class space    used 6379K, capacity 6525K, committed 6528K, reserved 1048576K

Heap Regions: E=young(eden), S=young(survivor), O=old, HS=humongous(starts), HC=humongous(continues), CS=collection set, F=free, OA=open archive, CA=closed archive, TAMS=top-at-mark-start (previous, next)
|   0|0x0000000081c00000, 0x0000000081d00000, 0x0000000081d00000|100%|HS|  |TAMS 0x0000000081d00000, 0x0000000081c00000| Complete 
|   1|0x0000000081d00000, 0x0000000081e00000, 0x0000000081e00000|100%| O|  |TAMS 0x0000000081e00000, 0x0000000081d00000| Untracked 
|   2|0x0000000081e00000, 0x0000000081f00000, 0x0000000081f00000|100%| O|  |TAMS 0x0000000081f00000, 0x0000000081e00000| Untracked 
|   3|0x0000000081f00000, 0x0000000082000000, 0x0000000082000000|100%| O|  |TAMS 0x0000000082000000, 0x0000000081f00000| Untracked 
|   4|0x0000000082000000, 0x0000000082100000, 0x0000000082100000|100%| O|  |TAMS 0x0000000082100000, 0x0000000082000000| Untracked 
|   5|0x0000000082100000, 0x0000000082200000, 0x0000000082200000|100%| O|  |TAMS 0x0000000082200000, 0x0000000082100000| Untracked 
|   6|0x0000000082200000, 0x0000000082300000, 0x0000000082300000|100%| O|  |TAMS 0x0000000082300000, 0x0000000082200000| Untracked 
|   7|0x0000000082300000, 0x0000000082310e00, 0x0000000082400000|  6%| O|  |TAMS 0x0000000082310e00, 0x0000000082300000| Untracked 
|   8|0x0000000082400000, 0x0000000082500000, 0x0000000082500000|100%| O|  |TAMS 0x0000000082500000, 0x0000000082400000| Untracked 
|   9|0x0000000082500000, 0x0000000082600000, 0x0000000082600000|100%| O|  |TAMS 0x0000000082600000, 0x0000000082500000| Untracked 
|  10|0x0000000082600000, 0x0000000082700000, 0x0000000082700000|100%| O|  |TAMS 0x0000000082700000, 0x0000000082600000| Untracked 
|  11|0x0000000082700000, 0x0000000082800000, 0x0000000082800000|100%| O|  |TAMS 0x0000000082800000, 0x0000000082700000| Untracked 
|  12|0x0000000082800000, 0x0000000082900000, 0x0000000082900000|100%| O|  |TAMS 0x0000000082900000, 0x0000000082800000| Untracked 
|  13|0x0000000082900000, 0x0000000082a00000, 0x0000000082a00000|100%| O|  |TAMS 0x0000000082a00000, 0x0000000082900000| Untracked 
|  14|0x0000000082a00000, 0x0000000082b00000, 0x0000000082b00000|100%| O|  |TAMS 0x0000000082af4600, 0x0000000082a00000| Untracked 
|  15|0x0000000082b00000, 0x0000000082c00000, 0x0000000082c00000|100%| O|  |TAMS 0x0000000082b00000, 0x0000000082b00000| Untracked 
|  16|0x0000000082c00000, 0x0000000082d00000, 0x0000000082d00000|100%| O|  |TAMS 0x0000000082c00000, 0x0000000082c00000| Untracked 
|  17|0x0000000082d00000, 0x0000000082e00000, 0x0000000082e00000|100%| O|  |TAMS 0x0000000082d00000, 0x0000000082d00000| Untracked 
|  18|0x0000000082e00000, 0x0000000082e26000, 0x0000000082f00000| 14%| O|  |TAMS 0x0000000082e00000, 0x0000000082e00000| Untracked 
|  19|0x0000000082f00000, 0x0000000082f00000, 0x0000000083000000|  0%| F|  |TAMS 0x0000000082f00000, 0x0000000082f00000| Untracked 
|  20|0x0000000083000000, 0x0000000083000000, 0x0000000083100000|  0%| F|  |TAMS 0x0000000083000000, 0x0000000083000000| Untracked 
|  21|0x0000000083100000, 0x0000000083100000, 0x0000000083200000|  0%| F|  |TAMS 0x0000000083100000, 0x0000000083100000| Untracked 
|  22|0x0000000083200000, 0x0000000083200000, 0x0000000083300000|  0%| F|  |TAMS 0x0000000083200000, 0x0000000083200000| Untracked 
|  23|0x0000000083300000, 0x0000000083300000, 0x0000000083400000|  0%| F|  |TAMS 0x0000000083300000, 0x0000000083300000| Untracked 
|  24|0x0000000083400000, 0x0000000083400000, 0x0000000083500000|  0%| F|  |TAMS 0x0000000083400000, 0x0000000083400000| Untracked 
|  25|0x0000000083500000, 0x0000000083500000, 0x0000000083600000|  0%| F|  |TAMS 0x0000000083500000, 0x0000000083500000| Untracked 
|  26|0x0000000083600000, 0x0000000083600000, 0x0000000083700000|  0%| F|  |TAMS 0x0000000083600000, 0x0000000083600000| Untracked 
|  27|0x0000000083700000, 0x0000000083700000, 0x0000000083800000|  0%| F|  |TAMS 0x0000000083700000, 0x0000000083700000| Untracked 
|  28|0x0000000083800000, 0x000000008382f648, 0x0000000083900000| 18%| S|CS|TAMS 0x0000000083800000, 0x0000000083800000| Complete 
|  29|0x0000000083900000, 0x0000000083900000, 0x0000000083a00000|  0%| F|  |TAMS 0x0000000083900000, 0x0000000083900000| Untracked 
|  30|0x0000000083a00000, 0x0000000083a00000, 0x0000000083b00000|  0%| F|  |TAMS 0x0000000083a00000, 0x0000000083a00000| Untracked 
|  31|0x0000000083b00000, 0x0000000083b00000, 0x0000000083c00000|  0%| F|  |TAMS 0x0000000083b00000, 0x0000000083b00000| Untracked 
|  32|0x0000000083c00000, 0x0000000083d00000, 0x0000000083d00000|100%| S|CS|TAMS 0x0000000083c00000, 0x0000000083c00000| Complete 
|  33|0x0000000083d00000, 0x0000000083e00000, 0x0000000083e00000|100%| S|CS|TAMS 0x0000000083d00000, 0x0000000083d00000| Complete 
|  34|0x0000000083e00000, 0x0000000083e00000, 0x0000000083f00000|  0%| F|  |TAMS 0x0000000083e00000, 0x0000000083e00000| Untracked 
|  35|0x0000000083f00000, 0x0000000083f00000, 0x0000000084000000|  0%| F|  |TAMS 0x0000000083f00000, 0x0000000083f00000| Untracked 
|  36|0x0000000084000000, 0x0000000084000000, 0x0000000084100000|  0%| F|  |TAMS 0x0000000084000000, 0x0000000084000000| Untracked 
|  37|0x0000000084100000, 0x00000000841de280, 0x0000000084200000| 86%| E|  |TAMS 0x0000000084100000, 0x0000000084100000| Complete 
|  38|0x0000000084200000, 0x0000000084300000, 0x0000000084300000|100%| E|CS|TAMS 0x0000000084200000, 0x0000000084200000| Complete 
|  39|0x0000000084300000, 0x0000000084400000, 0x0000000084400000|100%| E|CS|TAMS 0x0000000084300000, 0x0000000084300000| Complete 
|  40|0x0000000084400000, 0x0000000084500000, 0x0000000084500000|100%| E|CS|TAMS 0x0000000084400000, 0x0000000084400000| Complete 
|  41|0x0000000084500000, 0x0000000084600000, 0x0000000084600000|100%| E|CS|TAMS 0x0000000084500000, 0x0000000084500000| Complete 
|  42|0x0000000084600000, 0x0000000084700000, 0x0000000084700000|100%| E|CS|TAMS 0x0000000084600000, 0x0000000084600000| Complete 
|  43|0x0000000084700000, 0x0000000084800000, 0x0000000084800000|100%| E|CS|TAMS 0x0000000084700000, 0x0000000084700000| Complete 
|  44|0x0000000084800000, 0x0000000084900000, 0x0000000084900000|100%| E|CS|TAMS 0x0000000084800000, 0x0000000084800000| Complete 
|  45|0x0000000084900000, 0x0000000084a00000, 0x0000000084a00000|100%| E|CS|TAMS 0x0000000084900000, 0x0000000084900000| Complete 
|  46|0x0000000084a00000, 0x0000000084b00000, 0x0000000084b00000|100%| E|CS|TAMS 0x0000000084a00000, 0x0000000084a00000| Complete 
|  47|0x0000000084b00000, 0x0000000084c00000, 0x0000000084c00000|100%| E|CS|TAMS 0x0000000084b00000, 0x0000000084b00000| Complete 
|  48|0x0000000084c00000, 0x0000000084d00000, 0x0000000084d00000|100%| E|CS|TAMS 0x0000000084c00000, 0x0000000084c00000| Complete 
|  49|0x0000000084d00000, 0x0000000084e00000, 0x0000000084e00000|100%| E|CS|TAMS 0x0000000084d00000, 0x0000000084d00000| Complete 
|  50|0x0000000084e00000, 0x0000000084f00000, 0x0000000084f00000|100%| E|CS|TAMS 0x0000000084e00000, 0x0000000084e00000| Complete 
| 105|0x0000000088500000, 0x0000000088600000, 0x0000000088600000|100%| E|CS|TAMS 0x0000000088500000, 0x0000000088500000| Complete 
| 106|0x0000000088600000, 0x0000000088700000, 0x0000000088700000|100%| E|CS|TAMS 0x0000000088600000, 0x0000000088600000| Complete 
| 107|0x0000000088700000, 0x0000000088800000, 0x0000000088800000|100%| E|CS|TAMS 0x0000000088700000, 0x0000000088700000| Complete 
| 108|0x0000000088800000, 0x0000000088900000, 0x0000000088900000|100%| E|CS|TAMS 0x0000000088800000, 0x0000000088800000| Complete 
| 109|0x0000000088900000, 0x0000000088a00000, 0x0000000088a00000|100%| E|CS|TAMS 0x0000000088900000, 0x0000000088900000| Complete 
| 127|0x0000000089b00000, 0x0000000089c00000, 0x0000000089c00000|100%| E|CS|TAMS 0x0000000089b00000, 0x0000000089b00000| Complete 

Card table byte_map: [0x00000142cb5d0000,0x00000142cb9d0000] _byte_map_base: 0x00000142cb1c2000

Marking Bits (Prev, Next): (CMBitMap*) 0x00000142b21effe0, (CMBitMap*) 0x00000142b21f0020
 Prev Bits: [0x00000142cbdd0000, 0x00000142cdd60000)
 Next Bits: [0x00000142cdd60000, 0x00000142cfcf0000)

Polling page: 0x00000142b2270000

Metaspace:

Usage:
  Non-class:     40.91 MB capacity,    40.70 MB (>99%) used,   154.09 KB ( <1%) free+waste,    58.69 KB ( <1%) overhead. 
      Class:      6.37 MB capacity,     6.23 MB ( 98%) used,   123.24 KB (  2%) free+waste,    22.69 KB ( <1%) overhead. 
       Both:     47.28 MB capacity,    46.93 MB (>99%) used,   277.33 KB ( <1%) free+waste,    81.38 KB ( <1%) overhead. 

Virtual space:
  Non-class space:       42.00 MB reserved,      41.00 MB ( 98%) committed 
      Class space:        1.00 GB reserved,       6.38 MB ( <1%) committed 
             Both:        1.04 GB reserved,      47.38 MB (  4%) committed 

Chunk freelists:
   Non-Class:  28.00 KB
       Class:  3.00 KB
        Both:  31.00 KB

MaxMetaspaceSize: 17179869184.00 GB
CompressedClassSpaceSize: 1.00 GB

CodeHeap 'non-profiled nmethods': size=120000Kb used=2676Kb max_used=2676Kb free=117323Kb
 bounds [0x00000142c3680000, 0x00000142c3920000, 0x00000142cabb0000]
CodeHeap 'profiled nmethods': size=120000Kb used=9068Kb max_used=9068Kb free=110931Kb
 bounds [0x00000142bc150000, 0x00000142bca30000, 0x00000142c3680000]
CodeHeap 'non-nmethods': size=5760Kb used=1294Kb max_used=1384Kb free=4465Kb
 bounds [0x00000142bbbb0000, 0x00000142bbe20000, 0x00000142bc150000]
 total_blobs=4752 nmethods=4171 adapters=492
 compilation: enabled
              stopped_count=0, restarted_count=0
 full_count=0

Compilation events (20 events):
Event: 10.430 Thread 0x00000142d234cbf0 nmethod 4179 0x00000142bca20610 code [0x00000142bca20860, 0x00000142bca210b8]
Event: 10.430 Thread 0x00000142d234cbf0 4180       3       java.util.AbstractMap::isEmpty (13 bytes)
Event: 10.430 Thread 0x00000142d234cbf0 nmethod 4180 0x00000142bca21490 code [0x00000142bca21640, 0x00000142bca21868]
Event: 10.430 Thread 0x00000142d234cbf0 4181       3       org.springframework.core.annotation.TypeMappedAnnotations::getAggregates (51 bytes)
Event: 10.431 Thread 0x00000142d234cbf0 nmethod 4181 0x00000142bca21910 code [0x00000142bca21b40, 0x00000142bca22498]
Event: 10.431 Thread 0x00000142d234cbf0 4176       1       sun.reflect.generics.tree.MethodTypeSignature::getParameterTypes (5 bytes)
Event: 10.431 Thread 0x00000142d234cbf0 nmethod 4176 0x00000142c3911f90 code [0x00000142c3912120, 0x00000142c39121d8]
Event: 10.433 Thread 0x00000142d4ec8030 nmethod 4042 0x00000142c3912290 code [0x00000142c39128e0, 0x00000142c39183c8]
Event: 10.433 Thread 0x00000142d4ec8030 4139       4       java.util.AbstractCollection::toArray (144 bytes)
Event: 10.440 Thread 0x00000142d234cbf0 4182       3       java.lang.PublicMethods$MethodList::filter (104 bytes)
Event: 10.441 Thread 0x00000142d234cbf0 nmethod 4182 0x00000142bca22710 code [0x00000142bca22960, 0x00000142bca233d8]
Event: 10.441 Thread 0x00000142d234cbf0 4183       3       java.lang.NoSuchMethodException::<init> (6 bytes)
Event: 10.441 Thread 0x00000142d234cbf0 nmethod 4183 0x00000142bca23890 code [0x00000142bca23a40, 0x00000142bca23c28]
Event: 10.441 Thread 0x00000142d234cbf0 4184       3       org.springframework.core.MethodParameter::getParameterType (48 bytes)
Event: 10.442 Thread 0x00000142d234cbf0 nmethod 4184 0x00000142bca23d10 code [0x00000142bca23f20, 0x00000142bca24738]
Event: 10.448 Thread 0x00000142d4ec8030 nmethod 4139 0x00000142c391bf90 code [0x00000142c391c140, 0x00000142c391cb38]
Event: 10.448 Thread 0x00000142d4ec8030 4130   !   4       jdk.internal.loader.URLClassPath$JarLoader::getResource (354 bytes)
Event: 10.448 Thread 0x00000142d234cbf0 4185       3       java.util.concurrent.ConcurrentHashMap::mappingCount (17 bytes)
Event: 10.449 Thread 0x00000142d234cbf0 nmethod 4185 0x00000142bca24910 code [0x00000142bca24ac0, 0x00000142bca24c48]
Event: 10.452 Thread 0x00000142d234cbf0 4186       3       jdk.internal.misc.VM::isSystemDomainLoader (17 bytes)

GC Heap History (20 events):
Event: 2.555 GC heap before
{Heap before GC invocations=2 (full 0):
 garbage-first heap   total 131072K, used 28254K [0x0000000081c00000, 0x0000000100000000)
  region size 1024K, 21 young (21504K), 1 survivors (1024K)
 Metaspace       used 9719K, capacity 10253K, committed 10496K, reserved 1058816K
  class space    used 1165K, capacity 1213K, committed 1280K, reserved 1048576K
}
Event: 2.560 GC heap after
{Heap after GC invocations=3 (full 0):
 garbage-first heap   total 131072K, used 9283K [0x0000000081c00000, 0x0000000100000000)
  region size 1024K, 2 young (2048K), 2 survivors (2048K)
 Metaspace       used 9719K, capacity 10253K, committed 10496K, reserved 1058816K
  class space    used 1165K, capacity 1213K, committed 1280K, reserved 1048576K
}
Event: 4.132 GC heap before
{Heap before GC invocations=3 (full 0):
 garbage-first heap   total 131072K, used 84035K [0x0000000081c00000, 0x0000000100000000)
  region size 1024K, 76 young (77824K), 2 survivors (2048K)
 Metaspace       used 20033K, capacity 20366K, committed 20608K, reserved 1067008K
  class space    used 2502K, capacity 2619K, committed 2688K, reserved 1048576K
}
Event: 4.152 GC heap after
{Heap after GC invocations=4 (full 0):
 garbage-first heap   total 131072K, used 11777K [0x0000000081c00000, 0x0000000100000000)
  region size 1024K, 5 young (5120K), 5 survivors (5120K)
 Metaspace       used 20033K, capacity 20366K, committed 20608K, reserved 1067008K
  class space    used 2502K, capacity 2619K, committed 2688K, reserved 1048576K
}
Event: 4.279 GC heap before
{Heap before GC invocations=4 (full 0):
 garbage-first heap   total 131072K, used 28161K [0x0000000081c00000, 0x0000000100000000)
  region size 1024K, 23 young (23552K), 5 survivors (5120K)
 Metaspace       used 20864K, capacity 21117K, committed 21248K, reserved 1067008K
  class space    used 2600K, capacity 2720K, committed 2816K, reserved 1048576K
}
Event: 4.284 GC heap after
{Heap after GC invocations=5 (full 0):
 garbage-first heap   total 131072K, used 12255K [0x0000000081c00000, 0x0000000100000000)
  region size 1024K, 5 young (5120K), 5 survivors (5120K)
 Metaspace       used 20864K, capacity 21117K, committed 21248K, reserved 1067008K
  class space    used 2600K, capacity 2720K, committed 2816K, reserved 1048576K
}
Event: 5.046 GC heap before
{Heap before GC invocations=6 (full 0):
 garbage-first heap   total 48128K, used 35807K [0x0000000081c00000, 0x0000000100000000)
  region size 1024K, 28 young (28672K), 5 survivors (5120K)
 Metaspace       used 22625K, capacity 22947K, committed 23168K, reserved 1069056K
  class space    used 2815K, capacity 2918K, committed 2944K, reserved 1048576K
}
Event: 5.056 GC heap after
{Heap after GC invocations=7 (full 0):
 garbage-first heap   total 48128K, used 13144K [0x0000000081c00000, 0x0000000100000000)
  region size 1024K, 2 young (2048K), 2 survivors (2048K)
 Metaspace       used 22625K, capacity 22947K, committed 23168K, reserved 1069056K
  class space    used 2815K, capacity 2918K, committed 2944K, reserved 1048576K
}
Event: 5.880 GC heap before
{Heap before GC invocations=7 (full 0):
 garbage-first heap   total 48128K, used 34648K [0x0000000081c00000, 0x0000000100000000)
  region size 1024K, 23 young (23552K), 2 survivors (2048K)
 Metaspace       used 25728K, capacity 26050K, committed 26240K, reserved 1073152K
  class space    used 3231K, capacity 3345K, committed 3456K, reserved 1048576K
}
Event: 5.888 GC heap after
{Heap after GC invocations=8 (full 0):
 garbage-first heap   total 48128K, used 14322K [0x0000000081c00000, 0x0000000100000000)
  region size 1024K, 3 young (3072K), 3 survivors (3072K)
 Metaspace       used 25728K, capacity 26050K, committed 26240K, reserved 1073152K
  class space    used 3231K, capacity 3345K, committed 3456K, reserved 1048576K
}
Event: 6.669 GC heap before
{Heap before GC invocations=8 (full 0):
 garbage-first heap   total 48128K, used 34802K [0x0000000081c00000, 0x0000000100000000)
  region size 1024K, 24 young (24576K), 3 survivors (3072K)
 Metaspace       used 28735K, capacity 29157K, committed 29440K, reserved 1075200K
  class space    used 3598K, capacity 3741K, committed 3840K, reserved 1048576K
}
Event: 6.680 GC heap after
{Heap after GC invocations=9 (full 0):
 garbage-first heap   total 58368K, used 15849K [0x0000000081c00000, 0x0000000100000000)
  region size 1024K, 3 young (3072K), 3 survivors (3072K)
 Metaspace       used 28735K, capacity 29157K, committed 29440K, reserved 1075200K
  class space    used 3598K, capacity 3741K, committed 3840K, reserved 1048576K
}
Event: 7.849 GC heap before
{Heap before GC invocations=9 (full 0):
 garbage-first heap   total 58368K, used 43497K [0x0000000081c00000, 0x0000000100000000)
  region size 1024K, 30 young (30720K), 3 survivors (3072K)
 Metaspace       used 35339K, capacity 35701K, committed 35840K, reserved 1081344K
  class space    used 4573K, capacity 4681K, committed 4736K, reserved 1048576K
}
Event: 7.860 GC heap after
{Heap after GC invocations=10 (full 0):
 garbage-first heap   total 58368K, used 17685K [0x0000000081c00000, 0x0000000100000000)
  region size 1024K, 4 young (4096K), 4 survivors (4096K)
 Metaspace       used 35339K, capacity 35701K, committed 35840K, reserved 1081344K
  class space    used 4573K, capacity 4681K, committed 4736K, reserved 1048576K
}
Event: 7.879 GC heap before
{Heap before GC invocations=10 (full 0):
 garbage-first heap   total 58368K, used 17685K [0x0000000081c00000, 0x0000000100000000)
  region size 1024K, 5 young (5120K), 4 survivors (4096K)
 Metaspace       used 35456K, capacity 35797K, committed 35840K, reserved 1081344K
  class space    used 4593K, capacity 4713K, committed 4736K, reserved 1048576K
}
Event: 7.886 GC heap after
{Heap after GC invocations=11 (full 0):
 garbage-first heap   total 58368K, used 18286K [0x0000000081c00000, 0x0000000100000000)
  region size 1024K, 3 young (3072K), 3 survivors (3072K)
 Metaspace       used 35456K, capacity 35797K, committed 35840K, reserved 1081344K
  class space    used 4593K, capacity 4713K, committed 4736K, reserved 1048576K
}
Event: 8.651 GC heap before
{Heap before GC invocations=12 (full 0):
 garbage-first heap   total 58368K, used 39790K [0x0000000081c00000, 0x0000000100000000)
  region size 1024K, 25 young (25600K), 3 survivors (3072K)
 Metaspace       used 40669K, capacity 41022K, committed 41088K, reserved 1085440K
  class space    used 5316K, capacity 5451K, committed 5504K, reserved 1048576K
}
Event: 8.657 GC heap after
{Heap after GC invocations=13 (full 0):
 garbage-first heap   total 58368K, used 18857K [0x0000000081c00000, 0x0000000100000000)
  region size 1024K, 3 young (3072K), 3 survivors (3072K)
 Metaspace       used 40669K, capacity 41022K, committed 41088K, reserved 1085440K
  class space    used 5316K, capacity 5451K, committed 5504K, reserved 1048576K
}
Event: 9.697 GC heap before
{Heap before GC invocations=13 (full 0):
 garbage-first heap   total 58368K, used 42409K [0x0000000081c00000, 0x0000000100000000)
  region size 1024K, 26 young (26624K), 3 survivors (3072K)
 Metaspace       used 45710K, capacity 46076K, committed 46208K, reserved 1089536K
  class space    used 6086K, capacity 6195K, committed 6272K, reserved 1048576K
}
Event: 9.704 GC heap after
{Heap after GC invocations=14 (full 0):
 garbage-first heap   total 58368K, used 19865K [0x0000000081c00000, 0x0000000100000000)
  region size 1024K, 3 young (3072K), 3 survivors (3072K)
 Metaspace       used 45710K, capacity 46076K, committed 46208K, reserved 1089536K
  class space    used 6086K, capacity 6195K, committed 6272K, reserved 1048576K
}

Deoptimization events (20 events):
Event: 10.409 Thread 0x00000142b21afa50 Uncommon trap: trap_request=0xffffff45 fr.pc=0x00000142c38bd2ec relative=0x000000000000072c
Event: 10.409 Thread 0x00000142b21afa50 Uncommon trap: reason=unstable_if action=reinterpret pc=0x00000142c38bd2ec method=java.lang.PublicMethods$MethodList.filter([Ljava/lang/reflect/Method;Ljava/lang/String;[Ljava/lang/Class;Z)Ljava/lang/PublicMethods$MethodList; @ 43 c2
Event: 10.409 Thread 0x00000142b21afa50 DEOPT PACKING pc=0x00000142c38bd2ec sp=0x0000001fb4ffbb80
Event: 10.409 Thread 0x00000142b21afa50 DEOPT UNPACKING pc=0x00000142bbbfe42f sp=0x0000001fb4ffbb40 mode 2
Event: 10.448 Thread 0x00000142b21afa50 Uncommon trap: trap_request=0xffffffd6 fr.pc=0x00000142c391c984 relative=0x0000000000000844
Event: 10.448 Thread 0x00000142b21afa50 Uncommon trap: reason=array_check action=maybe_recompile pc=0x00000142c391c984 method=java.util.AbstractCollection.toArray([Ljava/lang/Object;)[Ljava/lang/Object; @ 116 c2
Event: 10.448 Thread 0x00000142b21afa50 DEOPT PACKING pc=0x00000142c391c984 sp=0x0000001fb4ffa6f0
Event: 10.448 Thread 0x00000142b21afa50 DEOPT UNPACKING pc=0x00000142bbbfe42f sp=0x0000001fb4ffa6b0 mode 2
Event: 10.448 Thread 0x00000142b21afa50 Uncommon trap: trap_request=0xffffffd6 fr.pc=0x00000142c391c984 relative=0x0000000000000844
Event: 10.448 Thread 0x00000142b21afa50 Uncommon trap: reason=array_check action=maybe_recompile pc=0x00000142c391c984 method=java.util.AbstractCollection.toArray([Ljava/lang/Object;)[Ljava/lang/Object; @ 116 c2
Event: 10.448 Thread 0x00000142b21afa50 DEOPT PACKING pc=0x00000142c391c984 sp=0x0000001fb4ffa5d0
Event: 10.448 Thread 0x00000142b21afa50 DEOPT UNPACKING pc=0x00000142bbbfe42f sp=0x0000001fb4ffa590 mode 2
Event: 10.448 Thread 0x00000142b21afa50 Uncommon trap: trap_request=0xffffffd6 fr.pc=0x00000142c391c984 relative=0x0000000000000844
Event: 10.448 Thread 0x00000142b21afa50 Uncommon trap: reason=array_check action=maybe_recompile pc=0x00000142c391c984 method=java.util.AbstractCollection.toArray([Ljava/lang/Object;)[Ljava/lang/Object; @ 116 c2
Event: 10.448 Thread 0x00000142b21afa50 DEOPT PACKING pc=0x00000142c391c984 sp=0x0000001fb4ffa850
Event: 10.448 Thread 0x00000142b21afa50 DEOPT UNPACKING pc=0x00000142bbbfe42f sp=0x0000001fb4ffa810 mode 2
Event: 10.449 Thread 0x00000142b21afa50 Uncommon trap: trap_request=0xffffffd6 fr.pc=0x00000142c391c984 relative=0x0000000000000844
Event: 10.449 Thread 0x00000142b21afa50 Uncommon trap: reason=array_check action=maybe_recompile pc=0x00000142c391c984 method=java.util.AbstractCollection.toArray([Ljava/lang/Object;)[Ljava/lang/Object; @ 116 c2
Event: 10.449 Thread 0x00000142b21afa50 DEOPT PACKING pc=0x00000142c391c984 sp=0x0000001fb4ffa6f0
Event: 10.449 Thread 0x00000142b21afa50 DEOPT UNPACKING pc=0x00000142bbbfe42f sp=0x0000001fb4ffa6b0 mode 2

Classes unloaded (0 events):
No events

Classes redefined (0 events):
No events

Internal exceptions (20 events):
Event: 10.424 Thread 0x00000142b21afa50 Exception <a 'java/lang/ClassNotFoundException'{0x0000000084207380}: org/springframework/boot/task/TaskExecutorBuilderCustomizer> (0x0000000084207380) 
thrown [./open/src/hotspot/share/classfile/systemDictionary.cpp, line 295]
Event: 10.426 Thread 0x00000142b21afa50 Exception <a 'java/lang/ClassNotFoundException'{0x000000008421e578}: java/lang/ObjectCustomizer> (0x000000008421e578) 
thrown [./open/src/hotspot/share/classfile/systemDictionary.cpp, line 295]
Event: 10.427 Thread 0x00000142b21afa50 Exception <a 'java/lang/ClassNotFoundException'{0x0000000084229630}: org/springframework/boot/autoconfigure/web/servlet/error/ErrorMvcAutoConfiguration$WhitelabelErrorViewConfigurationCustomizer> (0x0000000084229630) 
thrown [./open/src/hotspot/share/classfile/systemDictionary.cpp, line 295]
Event: 10.428 Thread 0x00000142b21afa50 Exception <a 'java/lang/ClassNotFoundException'{0x0000000084236010}: java/lang/ObjectCustomizer> (0x0000000084236010) 
thrown [./open/src/hotspot/share/classfile/systemDictionary.cpp, line 295]
Event: 10.429 Thread 0x00000142b21afa50 Exception <a 'java/lang/ClassNotFoundException'{0x0000000084240a68}: org/springframework/boot/autoconfigure/web/servlet/error/ErrorMvcAutoConfiguration$StaticViewCustomizer> (0x0000000084240a68) 
thrown [./open/src/hotspot/share/classfile/systemDictionary.cpp, line 295]
Event: 10.430 Thread 0x00000142b21afa50 Exception <a 'java/lang/ClassNotFoundException'{0x000000008424ba98}: org/springframework/web/servlet/ViewCustomizer> (0x000000008424ba98) 
thrown [./open/src/hotspot/share/classfile/systemDictionary.cpp, line 295]
Event: 10.432 Thread 0x00000142b21afa50 Exception <a 'java/lang/ClassNotFoundException'{0x0000000084262910}: java/lang/ObjectCustomizer> (0x0000000084262910) 
thrown [./open/src/hotspot/share/classfile/systemDictionary.cpp, line 295]
Event: 10.433 Thread 0x00000142b21afa50 Exception <a 'java/lang/ClassNotFoundException'{0x000000008426c7e8}: org/springframework/context/support/ApplicationObjectSupportCustomizer> (0x000000008426c7e8) 
thrown [./open/src/hotspot/share/classfile/systemDictionary.cpp, line 295]
Event: 10.433 Thread 0x00000142b21afa50 Exception <a 'java/lang/ClassNotFoundException'{0x0000000084277160}: org/springframework/web/context/support/WebApplicationObjectSupportCustomizer> (0x0000000084277160) 
thrown [./open/src/hotspot/share/classfile/systemDictionary.cpp, line 295]
Event: 10.434 Thread 0x00000142b21afa50 Exception <a 'java/lang/ClassNotFoundException'{0x000000008427fcc8}: org/springframework/web/servlet/view/BeanNameViewResolverCustomizer> (0x000000008427fcc8) 
thrown [./open/src/hotspot/share/classfile/systemDictionary.cpp, line 295]
Event: 10.436 Thread 0x00000142b21afa50 Exception <a 'java/lang/ClassNotFoundException'{0x000000008428b4e0}: org/springframework/web/servlet/ViewResolverCustomizer> (0x000000008428b4e0) 
thrown [./open/src/hotspot/share/classfile/systemDictionary.cpp, line 295]
Event: 10.437 Thread 0x00000142b21afa50 Exception <a 'java/lang/ClassNotFoundException'{0x00000000842923b0}: org/springframework/core/OrderedCustomizer> (0x00000000842923b0) 
thrown [./open/src/hotspot/share/classfile/systemDictionary.cpp, line 295]
Event: 10.437 Thread 0x00000142b21afa50 Exception <a 'java/lang/ClassNotFoundException'{0x0000000084299628}: org/springframework/web/context/ServletContextAwareCustomizer> (0x0000000084299628) 
thrown [./open/src/hotspot/share/classfile/systemDictionary.cpp, line 295]
Event: 10.438 Thread 0x00000142b21afa50 Exception <a 'java/lang/ClassNotFoundException'{0x00000000842a0c98}: org/springframework/beans/factory/AwareCustomizer> (0x00000000842a0c98) 
thrown [./open/src/hotspot/share/classfile/systemDictionary.cpp, line 295]
Event: 10.439 Thread 0x00000142b21afa50 Exception <a 'java/lang/ClassNotFoundException'{0x00000000842a7350}: org/springframework/context/ApplicationContextAwareCustomizer> (0x00000000842a7350) 
thrown [./open/src/hotspot/share/classfile/systemDictionary.cpp, line 295]
Event: 10.440 Thread 0x00000142b21afa50 Exception <a 'java/lang/ClassNotFoundException'{0x00000000842aed10}: org/springframework/beans/factory/AwareCustomizer> (0x00000000842aed10) 
thrown [./open/src/hotspot/share/classfile/systemDictionary.cpp, line 295]
Event: 10.446 Thread 0x00000142b21afa50 Exception <a 'java/lang/ClassNotFoundException'{0x00000000842daba0}: java/lang/ObjectCustomizer> (0x00000000842daba0) 
thrown [./open/src/hotspot/share/classfile/systemDictionary.cpp, line 295]
Event: 10.447 Thread 0x00000142b21afa50 Exception <a 'java/lang/ClassNotFoundException'{0x00000000842e4c70}: org/springframework/boot/autoconfigure/web/WebPropertiesCustomizer> (0x00000000842e4c70) 
thrown [./open/src/hotspot/share/classfile/systemDictionary.cpp, line 295]
Event: 10.450 Thread 0x00000142b21afa50 Exception <a 'java/lang/ClassNotFoundException'{0x0000000084105990}: java/lang/ObjectCustomizer> (0x0000000084105990) 
thrown [./open/src/hotspot/share/classfile/systemDictionary.cpp, line 295]
Event: 10.451 Thread 0x00000142b21afa50 Exception <a 'java/lang/ClassNotFoundException'{0x0000000084110c48}: org/springframework/boot/autoconfigure/web/servlet/error/ErrorMvcAutoConfiguration$DefaultErrorViewResolverConfigurationCustomizer> (0x0000000084110c48) 
thrown [./open/src/hotspot/share/classfile/systemDictionary.cpp, line 295]

Events (20 events):
Event: 10.426 loading class java/lang/ObjectCustomizer
Event: 10.426 loading class java/lang/ObjectCustomizer done
Event: 10.426 loading class java/lang/ObjectCustomizer
Event: 10.426 loading class java/lang/ObjectCustomizer done
Event: 10.428 loading class java/lang/ObjectCustomizer
Event: 10.428 loading class java/lang/ObjectCustomizer done
Event: 10.428 loading class java/lang/ObjectCustomizer
Event: 10.428 loading class java/lang/ObjectCustomizer done
Event: 10.432 loading class java/lang/ObjectCustomizer
Event: 10.432 loading class java/lang/ObjectCustomizer done
Event: 10.432 loading class java/lang/ObjectCustomizer
Event: 10.432 loading class java/lang/ObjectCustomizer done
Event: 10.446 loading class java/lang/ObjectCustomizer
Event: 10.446 loading class java/lang/ObjectCustomizer done
Event: 10.446 loading class java/lang/ObjectCustomizer
Event: 10.446 loading class java/lang/ObjectCustomizer done
Event: 10.449 loading class java/lang/ObjectCustomizer
Event: 10.449 loading class java/lang/ObjectCustomizer done
Event: 10.450 loading class java/lang/ObjectCustomizer
Event: 10.450 loading class java/lang/ObjectCustomizer done


Dynamic libraries:
0x00007ff6e8ae0000 - 0x00007ff6e8aef000 	C:\Program Files\Java\jdk-15.0.1\bin\java.exe
0x00007ffd4ed10000 - 0x00007ffd4ef08000 	C:\WINDOWS\SYSTEM32\ntdll.dll
0x00007ffd4cd70000 - 0x00007ffd4ce2f000 	C:\WINDOWS\System32\KERNEL32.DLL
0x00007ffd4c6f0000 - 0x00007ffd4c9e6000 	C:\WINDOWS\System32\KERNELBASE.dll
0x00007ffd4cc70000 - 0x00007ffd4cd70000 	C:\WINDOWS\System32\ucrtbase.dll
0x00007ffd45420000 - 0x00007ffd45439000 	C:\Program Files\Java\jdk-15.0.1\bin\VCRUNTIME140.dll
0x00007ffd26330000 - 0x00007ffd26348000 	C:\Program Files\Java\jdk-15.0.1\bin\jli.dll
0x00007ffd4da90000 - 0x00007ffd4db3f000 	C:\WINDOWS\System32\ADVAPI32.dll
0x00007ffd4ce60000 - 0x00007ffd4cefe000 	C:\WINDOWS\System32\msvcrt.dll
0x00007ffd4d2e0000 - 0x00007ffd4d37c000 	C:\WINDOWS\System32\sechost.dll
0x00007ffd4dda0000 - 0x00007ffd4dec6000 	C:\WINDOWS\System32\RPCRT4.dll
0x00007ffd4dbf0000 - 0x00007ffd4dd8d000 	C:\WINDOWS\System32\USER32.dll
0x00007ffd4c6c0000 - 0x00007ffd4c6e2000 	C:\WINDOWS\System32\win32u.dll
0x00007ffd4d0b0000 - 0x00007ffd4d0dc000 	C:\WINDOWS\System32\GDI32.dll
0x00007ffd4c460000 - 0x00007ffd4c575000 	C:\WINDOWS\System32\gdi32full.dll
0x00007ffd3b4f0000 - 0x00007ffd3b78a000 	C:\WINDOWS\WinSxS\amd64_microsoft.windows.common-controls_6595b64144ccf1df_6.0.19041.1110_none_60b5254171f9507e\COMCTL32.dll
0x00007ffd4cbd0000 - 0x00007ffd4cc6d000 	C:\WINDOWS\System32\msvcp_win.dll
0x00007ffd44ab0000 - 0x00007ffd44aba000 	C:\WINDOWS\SYSTEM32\VERSION.dll
0x00007ffd4ce30000 - 0x00007ffd4ce60000 	C:\WINDOWS\System32\IMM32.DLL
0x00007ffd45410000 - 0x00007ffd4541c000 	C:\Program Files\Java\jdk-15.0.1\bin\vcruntime140_1.dll
0x00007ffd16670000 - 0x00007ffd16701000 	C:\Program Files\Java\jdk-15.0.1\bin\msvcp140.dll
0x00007ffd05340000 - 0x00007ffd05e9e000 	C:\Program Files\Java\jdk-15.0.1\bin\server\jvm.dll
0x00007ffd4dd90000 - 0x00007ffd4dd98000 	C:\WINDOWS\System32\PSAPI.DLL
0x00007ffd3f190000 - 0x00007ffd3f1b7000 	C:\WINDOWS\SYSTEM32\WINMM.dll
0x00007ffd46870000 - 0x00007ffd46879000 	C:\WINDOWS\SYSTEM32\WSOCK32.dll
0x00007ffd4d380000 - 0x00007ffd4d3eb000 	C:\WINDOWS\System32\WS2_32.dll
0x00007ffd4a260000 - 0x00007ffd4a272000 	C:\WINDOWS\SYSTEM32\kernel.appcore.dll
0x00007ffd34a80000 - 0x00007ffd34a8a000 	C:\Program Files\Java\jdk-15.0.1\bin\jimage.dll
0x00007ffd39200000 - 0x00007ffd393e4000 	C:\WINDOWS\SYSTEM32\DBGHELP.DLL
0x00007ffd391c0000 - 0x00007ffd391f4000 	C:\WINDOWS\SYSTEM32\dbgcore.DLL
0x00007ffd4c580000 - 0x00007ffd4c602000 	C:\WINDOWS\System32\bcryptPrimitives.dll
0x00007ffd349f0000 - 0x00007ffd349fe000 	C:\Program Files\Java\jdk-15.0.1\bin\instrument.dll
0x00007ffd20500000 - 0x00007ffd20525000 	C:\Program Files\Java\jdk-15.0.1\bin\java.dll
0x00007ffd4df60000 - 0x00007ffd4e6a4000 	C:\WINDOWS\System32\SHELL32.dll
0x00007ffd4a460000 - 0x00007ffd4abf4000 	C:\WINDOWS\SYSTEM32\windows.storage.dll
0x00007ffd4d450000 - 0x00007ffd4d7a4000 	C:\WINDOWS\System32\combase.dll
0x00007ffd4be30000 - 0x00007ffd4be5e000 	C:\WINDOWS\SYSTEM32\Wldp.dll
0x00007ffd4d910000 - 0x00007ffd4d9bd000 	C:\WINDOWS\System32\SHCORE.dll
0x00007ffd4d280000 - 0x00007ffd4d2d5000 	C:\WINDOWS\System32\shlwapi.dll
0x00007ffd4c320000 - 0x00007ffd4c345000 	C:\WINDOWS\SYSTEM32\profapi.dll
0x00007ffd25e90000 - 0x00007ffd25ea8000 	C:\Program Files\Java\jdk-15.0.1\bin\zip.dll
0x00007ffd25b90000 - 0x00007ffd25ba9000 	C:\Program Files\Java\jdk-15.0.1\bin\net.dll
0x00007ffd44570000 - 0x00007ffd4467a000 	C:\WINDOWS\SYSTEM32\WINHTTP.dll
0x00007ffd4bb40000 - 0x00007ffd4bbaa000 	C:\WINDOWS\system32\mswsock.dll
0x00007ffd21a40000 - 0x00007ffd21a52000 	C:\Program Files\Java\jdk-15.0.1\bin\nio.dll
0x00007ffd481c0000 - 0x00007ffd481da000 	C:\Users\qkdlf\ideaIU-2022.1.3.win\bin\breakgen64.dll
0x00007ffd34930000 - 0x00007ffd34940000 	C:\Program Files\Java\jdk-15.0.1\bin\verify.dll
0x00007ffd340b0000 - 0x00007ffd340b9000 	C:\Program Files\Java\jdk-15.0.1\bin\management.dll
0x00007ffd33cb0000 - 0x00007ffd33cbb000 	C:\Program Files\Java\jdk-15.0.1\bin\management_ext.dll
0x00007ffd2c5e0000 - 0x00007ffd2c5f7000 	C:\WINDOWS\system32\napinsp.dll
0x00007ffd2c5c0000 - 0x00007ffd2c5db000 	C:\WINDOWS\system32\pnrpnsp.dll
0x00007ffd47560000 - 0x00007ffd47575000 	C:\WINDOWS\system32\wshbth.dll
0x00007ffd48100000 - 0x00007ffd4811d000 	C:\WINDOWS\system32\NLAapi.dll
0x00007ffd4b800000 - 0x00007ffd4b83c000 	C:\WINDOWS\SYSTEM32\IPHLPAPI.DLL
0x00007ffd4b850000 - 0x00007ffd4b91a000 	C:\WINDOWS\SYSTEM32\DNSAPI.dll
0x00007ffd4df50000 - 0x00007ffd4df58000 	C:\WINDOWS\System32\NSI.dll
0x00007ffd2c580000 - 0x00007ffd2c592000 	C:\WINDOWS\System32\winrnr.dll
0x00007ffd44090000 - 0x00007ffd4409a000 	C:\Windows\System32\rasadhlp.dll
0x00007ffd3f380000 - 0x00007ffd3f402000 	C:\WINDOWS\System32\fwpuclnt.dll
0x00007ffd4cba0000 - 0x00007ffd4cbc7000 	C:\WINDOWS\System32\bcrypt.dll
0x00007ffd4bd90000 - 0x00007ffd4bda8000 	C:\WINDOWS\SYSTEM32\CRYPTSP.dll
0x00007ffd4b400000 - 0x00007ffd4b434000 	C:\WINDOWS\system32\rsaenh.dll
0x00007ffd4c2e0000 - 0x00007ffd4c30e000 	C:\WINDOWS\SYSTEM32\USERENV.dll
0x00007ffd4bd80000 - 0x00007ffd4bd8c000 	C:\WINDOWS\SYSTEM32\CRYPTBASE.dll
0x00007ffd44a90000 - 0x00007ffd44aa7000 	C:\WINDOWS\SYSTEM32\dhcpcsvc6.DLL
0x00007ffd43f40000 - 0x00007ffd43f5d000 	C:\WINDOWS\SYSTEM32\dhcpcsvc.DLL

dbghelp: loaded successfully - version: 4.0.5 - missing functions: none
symbol engine: initialized successfully - sym options: 0x614 - pdb path: .;C:\Program Files\Java\jdk-15.0.1\bin;C:\WINDOWS\SYSTEM32;C:\WINDOWS\WinSxS\amd64_microsoft.windows.common-controls_6595b64144ccf1df_6.0.19041.1110_none_60b5254171f9507e;C:\Program Files\Java\jdk-15.0.1\bin\server;C:\Users\qkdlf\ideaIU-2022.1.3.win\bin

VM Arguments:
jvm_args: -ea -Didea.test.cyclic.buffer.size=1048576 -javaagent:C:\Users\qkdlf\ideaIU-2022.1.3.win\lib\idea_rt.jar=65253:C:\Users\qkdlf\ideaIU-2022.1.3.win\bin -Dfile.encoding=UTF-8 
java_command: com.intellij.rt.junit.JUnitStarter -ideVersion5 -junit5 jpabook.jpashop.MemberRepositoryTest,testMember
java_class_path (initial): C:\Users\qkdlf\.m2\repository\org\junit\platform\junit-platform-launcher\1.8.2\junit-platform-launcher-1.8.2.jar;C:\Users\qkdlf\.m2\repository\org\junit\platform\junit-platform-engine\1.8.2\junit-platform-engine-1.8.2.jar;C:\Users\qkdlf\.m2\repository\org\opentest4j\opentest4j\1.2.0\opentest4j-1.2.0.jar;C:\Users\qkdlf\.m2\repository\org\junit\platform\junit-platform-commons\1.8.2\junit-platform-commons-1.8.2.jar;C:\Users\qkdlf\.m2\repository\org\apiguardian\apiguardian-api\1.1.2\apiguardian-api-1.1.2.jar;C:\Users\qkdlf\ideaIU-2022.1.3.win\lib\idea_rt.jar;C:\Users\qkdlf\ideaIU-2022.1.3.win\plugins\junit\lib\junit5-rt.jar;C:\Users\qkdlf\ideaIU-2022.1.3.win\plugins\junit\lib\junit-rt.jar;C:\Users\qkdlf\Project\springBootProject\jpashop\out\test\classes;C:\Users\qkdlf\Project\springBootProject\jpashop\out\production\classes;C:\Users\qkdlf\Project\springBootProject\jpashop\out\production\resources;C:\Users\qkdlf\.gradle\caches\modules-2\files-2.1\org.springframework.boot\spring-boot-starter-data-jpa\2.7.14\ad7d3be24a386ec45ce020b8922e9d056f7a6835\spring-boot-starter-data-jpa-2.7.14.jar;C:\Users\qkdlf\.gradle\caches\modules-2\files-2.1\org.springframework.boot\spring-boot-starter-thymeleaf\2.7.14\91a1934c6fae08a28665182ab802d41e0b44ffd\spring-boot-starter-thymeleaf-2.7.14.jar;C:\Users\qkdlf\.gradle\caches\modules-2\files-2.1\org.springframework.boot\spring-boot-starter-web\2.7.14\300b311c5fb98a2ee547df33a9d37782dddb496e\spring-boot-starter-web-2.7.14.jar;C:\Users\qkdlf\.gradle\caches\modules-2\files-2.1\org.springframework.boot\spring-boot-starter-test\2.7.14\271dd314bbd13c71e45e8001cb7bb22e3495da83\spring-boot-starter-test-2.7.14.jar;C:\Users\qkdlf\.gradle\caches\modules-2\files-2.1\org.springframework.boot\spring-boot-starter-aop\2.7.14\c4fb902f51ab09247de60c463761980d0d1a5888\spring-boot-starter-aop-2.7.14.jar;C:\Users\qkdlf\.gradle\caches\modules-2\files-2.1\org.springframework.boot\spring-boot-starter-jdbc\2.7.14\80b80408b6b75ce0dc2833cb0
Launcher Type: SUN_STANDARD

[Global flags]
     intx CICompilerCount                          = 3                                         {product} {ergonomic}
     uint ConcGCThreads                            = 1                                         {product} {ergonomic}
     uint G1ConcRefinementThreads                  = 4                                         {product} {ergonomic}
   size_t G1HeapRegionSize                         = 1048576                                   {product} {ergonomic}
    uintx GCDrainStackTargetSize                   = 64                                        {product} {ergonomic}
   size_t InitialHeapSize                          = 134217728                                 {product} {ergonomic}
   size_t MarkStackSize                            = 4194304                                   {product} {ergonomic}
   size_t MaxHeapSize                              = 2118123520                                {product} {ergonomic}
   size_t MaxNewSize                               = 1270874112                                {product} {ergonomic}
   size_t MinHeapDeltaBytes                        = 1048576                                   {product} {ergonomic}
   size_t MinHeapSize                              = 8388608                                   {product} {ergonomic}
    uintx NonNMethodCodeHeapSize                   = 5832780                                {pd product} {ergonomic}
    uintx NonProfiledCodeHeapSize                  = 122912730                              {pd product} {ergonomic}
    uintx ProfiledCodeHeapSize                     = 122912730                              {pd product} {ergonomic}
    uintx ReservedCodeCacheSize                    = 251658240                              {pd product} {ergonomic}
     bool SegmentedCodeCache                       = true                                      {product} {ergonomic}
   size_t SoftMaxHeapSize                          = 2118123520                             {manageable} {ergonomic}
     bool UseCompressedClassPointers               = true                                 {lp64_product} {ergonomic}
     bool UseCompressedOops                        = true                                 {lp64_product} {ergonomic}
     bool UseG1GC                                  = true                                      {product} {ergonomic}
     bool UseLargePagesIndividualAllocation        = false                                  {pd product} {ergonomic}

Logging:
Log output configuration:
 #0: stdout all=warning uptime,level,tags
 #1: stderr all=off uptime,level,tags

Environment Variables:
JAVA_HOME=C:\Program Files\Java\jdk-15.0.1
PATH=D:\oracleDatabase\WINDOWS.X64_193000_db_home\bin;C:\xampp\mysql\bin;C:\Program Files (x86)\Windows Resource Kits\Tools\;C:\Users\qkdlf\OneDrive\πŸ≈¡ »≠∏È\tool\spring5\gradle-7.1\bin;C:\Users\qkdlf\OneDrive\πŸ≈¡ »≠∏È\tool\spring5\apache-maven-3.8.1\bin;C:\Program Files\Java\jdk-15.0.1\bin;C:\Program Files\Common Files\Oracle\Java\javapath;C:\Program Files (x86)\Common Files\Oracle\Java\javapath;D:\OracleDatabase\bin;C:\Program Files (x86)\NAT Service;C:\Program Files (x86)\Intel\iCLS Client\;C:\Program Files\Intel\iCLS Client\;C:\windows\system32;C:\windows;C:\windows\System32\Wbem;C:\windows\System32\WindowsPowerShell\v1.0\;C:\Program Files (x86)\NVIDIA Corporation\PhysX\Common;C:\Program Files (x86)\Intel\Intel(R) Management Engine Components\DAL;C:\Program Files\Intel\Intel(R) Management Engine Components\DAL;C:\Program Files (x86)\Intel\Intel(R) Management Engine Components\IPT;C:\Program Files\Intel\Intel(R) Management Engine Components\IPT;C:\Program Files\dotnet\;C:\Program Files\Microsoft SQL Server\130\Tools\Binn\;C:\WINDOWS\system32;C:\WINDOWS;C:\WINDOWS\System32\Wbem;C:\WINDOWS\System32\WindowsPowerShell\v1.0\;C:\WINDOWS\System32\OpenSSH\;C:\Program Files (x86)\PuTTY\;C:\Program Files\nodejs\;C:\Program Files\MySQL\MySQL Server 8.0\bin;C:\Program Files\Git\cmd;C:\Program Files\Amazon\AWSCLIV2\;C:\Program Files\PuTTY\;C:\Program Files\Docker\Docker\resources\bin;D:\Ruby27-x64\bin;C:\Users\qkdlf\AppData\Local\Programs\Python\Python38-32\Scripts\;C:\Users\qkdlf\AppData\Local\Programs\Python\Python38-32\;C:\Users\qkdlf\AppData\Local\Microsoft\WindowsApps;C:\Users\qkdlf\AppData\Local\Programs\Microsoft VS Code\bin;C:\Program Files\Wireshark;C:\Program Files\Bandizip\;D:\MiKTex\miktex\bin\x64\;C:\Users\qkdlf\AppData\Local\Microsoft\WindowsApps;C:\Users\qkdlf\AppData\Roaming\npm;C:\Users\qkdlf\ideaIU-2022.1.3.win\bin;
USERNAME=qkdlf
OS=Windows_NT
PROCESSOR_IDENTIFIER=Intel64 Family 6 Model 142 Stepping 9, GenuineIntel



---------------  S Y S T E M  ---------------

OS:
 Windows 10 , 64 bit Build 19041 (10.0.19041.3155)
OS uptime: 3 days 12:29 hours
HyperV virtualization detected

CPU: total 4 (initial active 4) (2 cores per cpu, 2 threads per core) family 6 model 142 stepping 9 microcode 0xb4, cmov, cx8, fxsr, mmx, sse, sse2, sse3, ssse3, sse4.1, sse4.2, popcnt, vzeroupper, avx, avx2, aes, clmul, erms, 3dnowpref, lzcnt, ht, tsc, tscinvbit, bmi1, bmi2, adx, fma, clflush, clflushopt

Memory: 4k page, system-wide physical 8072M (421M free)
TotalPageFile size 32648M (AvailPageFile size 6M)
current process WorkingSet (physical memory assigned to process): 230M, peak: 231M
current process commit charge ("private bytes"): 262M, peak: 264M

vm_info: Java HotSpot(TM) 64-Bit Server VM (15.0.1+9-18) for windows-amd64 JRE (15.0.1+9-18), built on Sep 15 2020 14:43:54 by "mach5one" with unknown MS VC++:1925

END.
