#
# There is insufficient memory for the Java Runtime Environment to continue.
# Native memory allocation (malloc) failed to allocate 32744 bytes for ChunkPool::allocate
# Possible reasons:
#   The system is out of physical RAM or swap space
#   The process is running with CompressedOops enabled, and the Java Heap may be blocking the growth of the native heap
# Possible solutions:
#   Reduce memory load on the system
#   Increase physical memory or swap space
#   Check if swap backing store is full
#   Decrease Java heap size (-Xmx/-Xms)
#   Decrease number of Java threads
#   Decrease Java thread stack sizes (-Xss)
#   Set larger code cache with -XX:ReservedCodeCacheSize=
#   JVM is running with Unscaled Compressed Oops mode in which the Java heap is
#     placed in the first 4GB address space. The Java Heap base address is the
#     maximum limit for the native heap growth. Please use -XX:HeapBaseMinAddress
#     to set the Java Heap base and to place the Java Heap above 4GB virtual address.
# This output file may be truncated or incomplete.
#
#  Out of Memory Error (./open/src/hotspot/share/memory/arena.cpp:79), pid=17384, tid=5748
#
# JRE version: Java(TM) SE Runtime Environment (15.0.1+9) (build 15.0.1+9-18)
# Java VM: Java HotSpot(TM) 64-Bit Server VM (15.0.1+9-18, mixed mode, sharing, tiered, compressed oops, g1 gc, windows-amd64)
# No core dump will be written. Minidumps are not enabled by default on client versions of Windows
#

---------------  S U M M A R Y ------------

Command Line: -agentlib:jdwp=transport=dt_socket,address=127.0.0.1:65109,suspend=y,server=n -ea -Didea.test.cyclic.buffer.size=1048576 -javaagent:C:\Users\qkdlf\ideaIU-2022.1.3.win\plugins\java\lib\rt\debugger-agent.jar -Dfile.encoding=UTF-8 com.intellij.rt.junit.JUnitStarter -ideVersion5 -junit5 jpabook.jpashop.MemberRepositoryTest,testMember

Host: Intel(R) Core(TM) i5-7200U CPU @ 2.50GHz, 4 cores, 7G,  Windows 10 , 64 bit Build 19041 (10.0.19041.3155)
Time: Fri Aug 11 02:09:27 2023 ¥Î«—πŒ±π «•¡ÿΩ√ elapsed time: 12.344525 seconds (0d 0h 0m 12s)

---------------  T H R E A D  ---------------

Current thread (0x0000013ff388a030):  JavaThread "C2 CompilerThread1" daemon [_thread_in_native, id=5748, stack(0x0000001711c00000,0x0000001711d00000)]


Current CompileTask:
C2:  12345 3764   !   4       jdk.internal.loader.BuiltinClassLoader::loadClassOrNull (143 bytes)

Stack: [0x0000001711c00000,0x0000001711d00000]
Native frames: (J=compiled Java code, j=interpreted, Vv=VM code, C=native code)
V  [jvm.dll+0x62ae9a]
V  [jvm.dll+0x781389]
V  [jvm.dll+0x782ae3]
V  [jvm.dll+0x783143]
V  [jvm.dll+0x216265]
V  [jvm.dll+0x9828f]
V  [jvm.dll+0x985dc]
V  [jvm.dll+0x333314]
V  [jvm.dll+0x32cc8c]
V  [jvm.dll+0x18e315]
V  [jvm.dll+0x1ea762]
V  [jvm.dll+0x1e98ae]
V  [jvm.dll+0x1784c7]
V  [jvm.dll+0x1f9165]
V  [jvm.dll+0x1f720c]
V  [jvm.dll+0x74485d]
V  [jvm.dll+0x73d65a]
V  [jvm.dll+0x629c56]
C  [ucrtbase.dll+0x21bb2]
C  [KERNEL32.DLL+0x17614]
C  [ntdll.dll+0x526b1]


---------------  P R O C E S S  ---------------

Threads class SMR info:
_java_thread_list=0x0000013ff306e1f0, length=15, elements={
0x0000013fd1f904e0, 0x0000013ff0199760, 0x0000013ff019aad0, 0x0000013ff01b8c30,
0x0000013ff01b95f0, 0x0000013ff01bb0b0, 0x0000013ff01bdea0, 0x0000013ff01fea30,
0x0000013ff0ac60c0, 0x0000013ff017a450, 0x0000013ff0c2b4f0, 0x0000013ff0c59640,
0x0000013ff0c5ed50, 0x0000013ff0c5f430, 0x0000013ff388a030
}

Java Threads: ( => current thread )
  0x0000013fd1f904e0 JavaThread "main" [_thread_in_vm, id=17548, stack(0x0000001710500000,0x0000001710600000)]
  0x0000013ff0199760 JavaThread "Reference Handler" daemon [_thread_blocked, id=24112, stack(0x0000001710c00000,0x0000001710d00000)]
  0x0000013ff019aad0 JavaThread "Finalizer" daemon [_thread_blocked, id=10500, stack(0x0000001710d00000,0x0000001710e00000)]
  0x0000013ff01b8c30 JavaThread "Signal Dispatcher" daemon [_thread_blocked, id=21964, stack(0x0000001710e00000,0x0000001710f00000)]
  0x0000013ff01b95f0 JavaThread "Attach Listener" daemon [_thread_blocked, id=12436, stack(0x0000001710f00000,0x0000001711000000)]
  0x0000013ff01bb0b0 JavaThread "Service Thread" daemon [_thread_blocked, id=18340, stack(0x0000001711000000,0x0000001711100000)]
  0x0000013ff01bdea0 JavaThread "C2 CompilerThread0" daemon [_thread_in_native, id=23772, stack(0x0000001711100000,0x0000001711200000)]
  0x0000013ff01fea30 JavaThread "C1 CompilerThread0" daemon [_thread_blocked, id=15088, stack(0x0000001711200000,0x0000001711300000)]
  0x0000013ff0ac60c0 JavaThread "Sweeper thread" daemon [_thread_blocked, id=6932, stack(0x0000001711300000,0x0000001711400000)]
  0x0000013ff017a450 JavaThread "Common-Cleaner" daemon [_thread_blocked, id=25212, stack(0x0000001711400000,0x0000001711500000)]
  0x0000013ff0c2b4f0 JavaThread "JDWP Transport Listener: dt_socket" daemon [_thread_blocked, id=23440, stack(0x0000001711500000,0x0000001711600000)]
  0x0000013ff0c59640 JavaThread "JDWP Event Helper Thread" daemon [_thread_blocked, id=11376, stack(0x0000001711600000,0x0000001711700000)]
  0x0000013ff0c5ed50 JavaThread "JDWP Command Reader" daemon [_thread_in_native, id=19812, stack(0x0000001711700000,0x0000001711800000)]
  0x0000013ff0c5f430 JavaThread "Notification Thread" daemon [_thread_blocked, id=13988, stack(0x0000001711800000,0x0000001711900000)]
=>0x0000013ff388a030 JavaThread "C2 CompilerThread1" daemon [_thread_in_native, id=5748, stack(0x0000001711c00000,0x0000001711d00000)]

Other Threads:
  0x0000013ff0195330 VMThread "VM Thread" [stack: 0x0000001710b00000,0x0000001710c00000] [id=11408]
  0x0000013ff0c14700 WatcherThread [stack: 0x0000001711900000,0x0000001711a00000] [id=12156]
  0x0000013fd1fd00f0 GCTaskThread "GC Thread#0" [stack: 0x0000001710600000,0x0000001710700000] [id=9680]
  0x0000013ff0ce0420 GCTaskThread "GC Thread#1" [stack: 0x0000001711a00000,0x0000001711b00000] [id=21484]
  0x0000013ff0ce1740 GCTaskThread "GC Thread#2" [stack: 0x0000001711b00000,0x0000001711c00000] [id=20224]
  0x0000013ff0ce0db0 GCTaskThread "GC Thread#3" [stack: 0x0000001711f00000,0x0000001712000000] [id=5724]
  0x0000013fd1fe0ec0 ConcurrentGCThread "G1 Main Marker" [stack: 0x0000001710700000,0x0000001710800000] [id=23732]
  0x0000013fd1fe1ab0 ConcurrentGCThread "G1 Conc#0" [stack: 0x0000001710800000,0x0000001710900000] [id=17440]
  0x0000013fd2048eb0 ConcurrentGCThread "G1 Refine#0" [stack: 0x0000001710900000,0x0000001710a00000] [id=9076]
  0x0000013fd20497f0 ConcurrentGCThread "G1 Young RemSet Sampling" [stack: 0x0000001710a00000,0x0000001710b00000] [id=19392]

Threads with active compile tasks:
C2 CompilerThread0    12440 3746   !   4       jdk.internal.loader.BuiltinClassLoader::findClassOnClassPathOrNull (64 bytes)
C2 CompilerThread1    12440 3764   !   4       jdk.internal.loader.BuiltinClassLoader::loadClassOrNull (143 bytes)

VM state: not at safepoint (normal execution)

VM Mutex/Monitor currently owned by a thread: None

Heap address: 0x0000000081c00000, size: 2020 MB, Compressed Oops mode: 32-bit
CDS archive(s) mapped at: [0x0000000800000000-0x0000000800b50000-0x0000000800b50000), size 11862016, SharedBaseAddress: 0x0000000800000000, ArchiveRelocationMode: 0.
Compressed class space mapped at: 0x0000000800b50000-0x0000000840b50000, size: 1073741824
Narrow klass base: 0x0000000800000000, Narrow klass shift: 3, Narrow klass range: 0x100000000

GC Precious Log:
 CPUs: 4 total, 4 available
 Memory: 8072M
 Large Page Support: Disabled
 NUMA Support: Disabled
 Compressed Oops: Enabled (32-bit)
 Heap Region Size: 1M
 Heap Min Capacity: 8M
 Heap Initial Capacity: 128M
 Heap Max Capacity: 2020M
 Pre-touch: Disabled
 Parallel Workers: 4
 Concurrent Workers: 1
 Concurrent Refinement Workers: 4
 Periodic GC: Disabled

Heap:
 garbage-first heap   total 48128K, used 26521K [0x0000000081c00000, 0x0000000100000000)
  region size 1024K, 12 young (12288K), 2 survivors (2048K)
 Metaspace       used 37367K, capacity 37720K, committed 37832K, reserved 1083392K
  class space    used 4777K, capacity 4906K, committed 4992K, reserved 1048576K

Heap Regions: E=young(eden), S=young(survivor), O=old, HS=humongous(starts), HC=humongous(continues), CS=collection set, F=free, OA=open archive, CA=closed archive, TAMS=top-at-mark-start (previous, next)
|   0|0x0000000081c00000, 0x0000000081d00000, 0x0000000081d00000|100%|HS|  |TAMS 0x0000000081d00000, 0x0000000081c00000| Complete 
|   1|0x0000000081d00000, 0x0000000081e00000, 0x0000000081e00000|100%| O|  |TAMS 0x0000000081e00000, 0x0000000081d00000| Untracked 
|   2|0x0000000081e00000, 0x0000000081f00000, 0x0000000081f00000|100%| O|  |TAMS 0x0000000081f00000, 0x0000000081e00000| Untracked 
|   3|0x0000000081f00000, 0x0000000082000000, 0x0000000082000000|100%| O|  |TAMS 0x0000000082000000, 0x0000000081f00000| Untracked 
|   4|0x0000000082000000, 0x0000000082100000, 0x0000000082100000|100%| O|  |TAMS 0x0000000082100000, 0x0000000082000000| Untracked 
|   5|0x0000000082100000, 0x0000000082200000, 0x0000000082200000|100%| O|  |TAMS 0x0000000082200000, 0x0000000082100000| Untracked 
|   6|0x0000000082200000, 0x000000008228e400, 0x0000000082300000| 55%| O|  |TAMS 0x000000008228e400, 0x0000000082200000| Untracked 
|   7|0x0000000082300000, 0x0000000082400000, 0x0000000082400000|100%| O|  |TAMS 0x0000000082400000, 0x0000000082300000| Untracked 
|   8|0x0000000082400000, 0x0000000082500000, 0x0000000082500000|100%| O|  |TAMS 0x0000000082500000, 0x0000000082400000| Untracked 
|   9|0x0000000082500000, 0x0000000082600000, 0x0000000082600000|100%| O|  |TAMS 0x0000000082600000, 0x0000000082500000| Untracked 
|  10|0x0000000082600000, 0x0000000082700000, 0x0000000082700000|100%| O|  |TAMS 0x0000000082700000, 0x0000000082600000| Untracked 
|  11|0x0000000082700000, 0x0000000082800000, 0x0000000082800000|100%| O|  |TAMS 0x0000000082800000, 0x0000000082700000| Untracked 
|  12|0x0000000082800000, 0x0000000082900000, 0x0000000082900000|100%| O|  |TAMS 0x0000000082900000, 0x0000000082800000| Untracked 
|  13|0x0000000082900000, 0x0000000082a00000, 0x0000000082a00000|100%| O|  |TAMS 0x0000000082a00000, 0x0000000082900000| Untracked 
|  14|0x0000000082a00000, 0x0000000082b00000, 0x0000000082b00000|100%| O|  |TAMS 0x0000000082b00000, 0x0000000082a00000| Untracked 
|  15|0x0000000082b00000, 0x0000000082bf7c00, 0x0000000082c00000| 96%| O|  |TAMS 0x0000000082bf7c00, 0x0000000082b00000| Untracked 
|  16|0x0000000082c00000, 0x0000000082c00000, 0x0000000082d00000|  0%| F|  |TAMS 0x0000000082c00000, 0x0000000082c00000| Untracked 
|  17|0x0000000082d00000, 0x0000000082d00000, 0x0000000082e00000|  0%| F|  |TAMS 0x0000000082d00000, 0x0000000082d00000| Untracked 
|  18|0x0000000082e00000, 0x0000000082e00000, 0x0000000082f00000|  0%| F|  |TAMS 0x0000000082e00000, 0x0000000082e00000| Untracked 
|  19|0x0000000082f00000, 0x0000000082f00000, 0x0000000083000000|  0%| F|  |TAMS 0x0000000082f00000, 0x0000000082f00000| Untracked 
|  20|0x0000000083000000, 0x0000000083000000, 0x0000000083100000|  0%| F|  |TAMS 0x0000000083000000, 0x0000000083000000| Untracked 
|  21|0x0000000083100000, 0x0000000083100000, 0x0000000083200000|  0%| F|  |TAMS 0x0000000083100000, 0x0000000083100000| Untracked 
|  22|0x0000000083200000, 0x0000000083200000, 0x0000000083300000|  0%| F|  |TAMS 0x0000000083200000, 0x0000000083200000| Untracked 
|  23|0x0000000083300000, 0x0000000083300000, 0x0000000083400000|  0%| F|  |TAMS 0x0000000083300000, 0x0000000083300000| Untracked 
|  24|0x0000000083400000, 0x0000000083400000, 0x0000000083500000|  0%| F|  |TAMS 0x0000000083400000, 0x0000000083400000| Untracked 
|  25|0x0000000083500000, 0x0000000083500000, 0x0000000083600000|  0%| F|  |TAMS 0x0000000083500000, 0x0000000083500000| Untracked 
|  26|0x0000000083600000, 0x0000000083600000, 0x0000000083700000|  0%| F|  |TAMS 0x0000000083600000, 0x0000000083600000| Untracked 
|  27|0x0000000083700000, 0x0000000083700000, 0x0000000083800000|  0%| F|  |TAMS 0x0000000083700000, 0x0000000083700000| Untracked 
|  28|0x0000000083800000, 0x0000000083800000, 0x0000000083900000|  0%| F|  |TAMS 0x0000000083800000, 0x0000000083800000| Untracked 
|  29|0x0000000083900000, 0x0000000083900000, 0x0000000083a00000|  0%| F|  |TAMS 0x0000000083900000, 0x0000000083900000| Untracked 
|  30|0x0000000083a00000, 0x0000000083a00000, 0x0000000083b00000|  0%| F|  |TAMS 0x0000000083a00000, 0x0000000083a00000| Untracked 
|  31|0x0000000083b00000, 0x0000000083b60678, 0x0000000083c00000| 37%| S|CS|TAMS 0x0000000083b00000, 0x0000000083b00000| Complete 
|  32|0x0000000083c00000, 0x0000000083d00000, 0x0000000083d00000|100%| S|CS|TAMS 0x0000000083c00000, 0x0000000083c00000| Complete 
|  33|0x0000000083d00000, 0x0000000083d00000, 0x0000000083e00000|  0%| F|  |TAMS 0x0000000083d00000, 0x0000000083d00000| Untracked 
|  34|0x0000000083e00000, 0x0000000083e00000, 0x0000000083f00000|  0%| F|  |TAMS 0x0000000083e00000, 0x0000000083e00000| Untracked 
|  35|0x0000000083f00000, 0x0000000083f00000, 0x0000000084000000|  0%| F|  |TAMS 0x0000000083f00000, 0x0000000083f00000| Untracked 
|  36|0x0000000084000000, 0x0000000084000000, 0x0000000084100000|  0%| F|  |TAMS 0x0000000084000000, 0x0000000084000000| Untracked 
|  37|0x0000000084100000, 0x00000000841d2b70, 0x0000000084200000| 82%| E|  |TAMS 0x0000000084100000, 0x0000000084100000| Complete 
|  38|0x0000000084200000, 0x0000000084300000, 0x0000000084300000|100%| E|CS|TAMS 0x0000000084200000, 0x0000000084200000| Complete 
|  39|0x0000000084300000, 0x0000000084400000, 0x0000000084400000|100%| E|CS|TAMS 0x0000000084300000, 0x0000000084300000| Complete 
|  88|0x0000000087400000, 0x0000000087500000, 0x0000000087500000|100%| E|CS|TAMS 0x0000000087400000, 0x0000000087400000| Complete 
|  89|0x0000000087500000, 0x0000000087600000, 0x0000000087600000|100%| E|CS|TAMS 0x0000000087500000, 0x0000000087500000| Complete 
|  90|0x0000000087600000, 0x0000000087700000, 0x0000000087700000|100%| E|CS|TAMS 0x0000000087600000, 0x0000000087600000| Complete 
|  91|0x0000000087700000, 0x0000000087800000, 0x0000000087800000|100%| E|CS|TAMS 0x0000000087700000, 0x0000000087700000| Complete 
|  92|0x0000000087800000, 0x0000000087900000, 0x0000000087900000|100%| E|CS|TAMS 0x0000000087800000, 0x0000000087800000| Complete 
|  93|0x0000000087900000, 0x0000000087a00000, 0x0000000087a00000|100%| E|CS|TAMS 0x0000000087900000, 0x0000000087900000| Complete 
| 127|0x0000000089b00000, 0x0000000089c00000, 0x0000000089c00000|100%| E|CS|TAMS 0x0000000089b00000, 0x0000000089b00000| Complete 

Card table byte_map: [0x0000013fe95b0000,0x0000013fe99b0000] _byte_map_base: 0x0000013fe91a2000

Marking Bits (Prev, Next): (CMBitMap*) 0x0000013fd1fd08e0, (CMBitMap*) 0x0000013fd1fd0920
 Prev Bits: [0x0000013fe9db0000, 0x0000013febd40000)
 Next Bits: [0x0000013febd40000, 0x0000013fedcd0000)

Polling page: 0x0000013fd1750000

Metaspace:

Usage:
  Non-class:     32.04 MB capacity,    31.83 MB (>99%) used,   175.77 KB ( <1%) free+waste,    47.44 KB ( <1%) overhead. 
      Class:      4.79 MB capacity,     4.67 MB ( 97%) used,   110.52 KB (  2%) free+waste,    18.38 KB ( <1%) overhead. 
       Both:     36.84 MB capacity,    36.49 MB (>99%) used,   286.28 KB ( <1%) free+waste,    65.81 KB ( <1%) overhead. 

Virtual space:
  Non-class space:       34.00 MB reserved,      32.07 MB ( 94%) committed 
      Class space:        1.00 GB reserved,       4.88 MB ( <1%) committed 
             Both:        1.03 GB reserved,      36.95 MB (  3%) committed 

Chunk freelists:
   Non-Class:  26.00 KB
       Class:  22.00 KB
        Both:  48.00 KB

MaxMetaspaceSize: 17179869184.00 GB
CompressedClassSpaceSize: 1.00 GB

CodeHeap 'non-profiled nmethods': size=120000Kb used=2238Kb max_used=2238Kb free=117761Kb
 bounds [0x0000013fe1c80000, 0x0000013fe1ef0000, 0x0000013fe91b0000]
CodeHeap 'profiled nmethods': size=120000Kb used=8485Kb max_used=8485Kb free=111514Kb
 bounds [0x0000013fda750000, 0x0000013fdafa0000, 0x0000013fe1c80000]
CodeHeap 'non-nmethods': size=5760Kb used=1340Kb max_used=1398Kb free=4420Kb
 bounds [0x0000013fda1b0000, 0x0000013fda420000, 0x0000013fda750000]
 total_blobs=4300 nmethods=3772 adapters=439
 compilation: enabled
              stopped_count=0, restarted_count=0
 full_count=0

Compilation events (20 events):
Event: 11.881 Thread 0x0000013ff01fea30 3770       3       java.lang.ClassLoader::getNamedPackage (73 bytes)
Event: 11.881 Thread 0x0000013ff01fea30 nmethod 3770 0x0000013fdaf97c90 code [0x0000013fdaf97e80, 0x0000013fdaf98488]
Event: 11.933 Thread 0x0000013ff01fea30 3772  s    3       java.io.ByteArrayInputStream::read (36 bytes)
Event: 11.933 Thread 0x0000013ff01fea30 nmethod 3772 0x0000013fdaf98610 code [0x0000013fdaf987c0, 0x0000013fdaf989f8]
Event: 11.934 Thread 0x0000013ff01fea30 3773       3       java.io.DataInputStream::readByte (23 bytes)
Event: 11.934 Thread 0x0000013ff01fea30 nmethod 3773 0x0000013fdaf98b10 code [0x0000013fdaf98ce0, 0x0000013fdaf98fd8]
Event: 11.935 Thread 0x0000013ff01fea30 3774       1       java.time.temporal.ValueRange::getMinimum (5 bytes)
Event: 11.935 Thread 0x0000013ff01fea30 nmethod 3774 0x0000013fe1eae890 code [0x0000013fe1eaea20, 0x0000013fe1eaead8]
Event: 11.935 Thread 0x0000013ff01fea30 3775       1       java.time.temporal.ValueRange::getMaximum (5 bytes)
Event: 11.935 Thread 0x0000013ff01fea30 nmethod 3775 0x0000013fe1eaeb90 code [0x0000013fe1eaed20, 0x0000013fe1eaedd8]
Event: 11.935 Thread 0x0000013ff01fea30 3776       1       java.time.temporal.ChronoField::range (5 bytes)
Event: 11.935 Thread 0x0000013ff01fea30 nmethod 3776 0x0000013fe1eaee90 code [0x0000013fe1eaf020, 0x0000013fe1eaf0d8]
Event: 11.935 Thread 0x0000013ff01fea30 3777       1       java.time.ZoneOffset::getTotalSeconds (5 bytes)
Event: 11.935 Thread 0x0000013ff01fea30 nmethod 3777 0x0000013fe1eaf190 code [0x0000013fe1eaf320, 0x0000013fe1eaf3d8]
Event: 11.999 Thread 0x0000013ff01fea30 3778       3       java.lang.invoke.MemberName::getFactory (4 bytes)
Event: 11.999 Thread 0x0000013ff01fea30 nmethod 3778 0x0000013fdaf99110 code [0x0000013fdaf992a0, 0x0000013fdaf99398]
Event: 12.093 Thread 0x0000013ff01fea30 3780       3       java.lang.Integer::hashCode (8 bytes)
Event: 12.093 Thread 0x0000013ff01fea30 nmethod 3780 0x0000013fdaf99410 code [0x0000013fdaf995a0, 0x0000013fdaf996f8]
Event: 12.100 Thread 0x0000013ff01fea30 3781       1       java.util.concurrent.atomic.AtomicReference::get (5 bytes)
Event: 12.100 Thread 0x0000013ff01fea30 nmethod 3781 0x0000013fe1eaf790 code [0x0000013fe1eaf920, 0x0000013fe1eaf9d8]

GC Heap History (20 events):
Event: 1.607 GC heap before
{Heap before GC invocations=0 (full 0):
 garbage-first heap   total 131072K, used 13312K [0x0000000081c00000, 0x0000000100000000)
  region size 1024K, 13 young (13312K), 0 survivors (0K)
 Metaspace       used 1909K, capacity 4989K, committed 5120K, reserved 1056768K
  class space    used 173K, capacity 466K, committed 512K, reserved 1048576K
}
Event: 1.612 GC heap after
{Heap after GC invocations=1 (full 0):
 garbage-first heap   total 131072K, used 6620K [0x0000000081c00000, 0x0000000100000000)
  region size 1024K, 2 young (2048K), 2 survivors (2048K)
 Metaspace       used 1909K, capacity 4989K, committed 5120K, reserved 1056768K
  class space    used 173K, capacity 466K, committed 512K, reserved 1048576K
}
Event: 2.161 GC heap before
{Heap before GC invocations=1 (full 0):
 garbage-first heap   total 131072K, used 15836K [0x0000000081c00000, 0x0000000100000000)
  region size 1024K, 11 young (11264K), 2 survivors (2048K)
 Metaspace       used 3798K, capacity 6245K, committed 6400K, reserved 1056768K
  class space    used 418K, capacity 645K, committed 768K, reserved 1048576K
}
Event: 2.165 GC heap after
{Heap after GC invocations=2 (full 0):
 garbage-first heap   total 131072K, used 7242K [0x0000000081c00000, 0x0000000100000000)
  region size 1024K, 1 young (1024K), 1 survivors (1024K)
 Metaspace       used 3798K, capacity 6245K, committed 6400K, reserved 1056768K
  class space    used 418K, capacity 645K, committed 768K, reserved 1048576K
}
Event: 3.371 GC heap before
{Heap before GC invocations=2 (full 0):
 garbage-first heap   total 131072K, used 27722K [0x0000000081c00000, 0x0000000100000000)
  region size 1024K, 22 young (22528K), 1 survivors (1024K)
 Metaspace       used 8397K, capacity 9573K, committed 9856K, reserved 1058816K
  class space    used 994K, capacity 1113K, committed 1152K, reserved 1048576K
}
Event: 3.376 GC heap after
{Heap after GC invocations=3 (full 0):
 garbage-first heap   total 131072K, used 8723K [0x0000000081c00000, 0x0000000100000000)
  region size 1024K, 2 young (2048K), 2 survivors (2048K)
 Metaspace       used 8397K, capacity 9573K, committed 9856K, reserved 1058816K
  class space    used 994K, capacity 1113K, committed 1152K, reserved 1048576K
}
Event: 6.227 GC heap before
{Heap before GC invocations=3 (full 0):
 garbage-first heap   total 131072K, used 83475K [0x0000000081c00000, 0x0000000100000000)
  region size 1024K, 76 young (77824K), 2 survivors (2048K)
 Metaspace       used 19808K, capacity 20107K, committed 20224K, reserved 1067008K
  class space    used 2458K, capacity 2551K, committed 2560K, reserved 1048576K
}
Event: 6.237 GC heap after
{Heap after GC invocations=4 (full 0):
 garbage-first heap   total 131072K, used 11522K [0x0000000081c00000, 0x0000000100000000)
  region size 1024K, 5 young (5120K), 5 survivors (5120K)
 Metaspace       used 19808K, capacity 20107K, committed 20224K, reserved 1067008K
  class space    used 2458K, capacity 2551K, committed 2560K, reserved 1048576K
}
Event: 6.481 GC heap before
{Heap before GC invocations=4 (full 0):
 garbage-first heap   total 131072K, used 44290K [0x0000000081c00000, 0x0000000100000000)
  region size 1024K, 39 young (39936K), 5 survivors (5120K)
 Metaspace       used 20954K, capacity 21212K, committed 21296K, reserved 1069056K
  class space    used 2605K, capacity 2686K, committed 2688K, reserved 1048576K
}
Event: 6.488 GC heap after
{Heap after GC invocations=5 (full 0):
 garbage-first heap   total 131072K, used 12093K [0x0000000081c00000, 0x0000000100000000)
  region size 1024K, 6 young (6144K), 6 survivors (6144K)
 Metaspace       used 20954K, capacity 21212K, committed 21296K, reserved 1069056K
  class space    used 2605K, capacity 2686K, committed 2688K, reserved 1048576K
}
Event: 7.296 GC heap before
{Heap before GC invocations=6 (full 0):
 garbage-first heap   total 48128K, used 34621K [0x0000000081c00000, 0x0000000100000000)
  region size 1024K, 28 young (28672K), 6 survivors (6144K)
 Metaspace       used 22579K, capacity 22851K, committed 23088K, reserved 1069056K
  class space    used 2791K, capacity 2886K, committed 2944K, reserved 1048576K
}
Event: 7.308 GC heap after
{Heap after GC invocations=7 (full 0):
 garbage-first heap   total 48128K, used 12961K [0x0000000081c00000, 0x0000000100000000)
  region size 1024K, 2 young (2048K), 2 survivors (2048K)
 Metaspace       used 22579K, capacity 22851K, committed 23088K, reserved 1069056K
  class space    used 2791K, capacity 2886K, committed 2944K, reserved 1048576K
}
Event: 8.514 GC heap before
{Heap before GC invocations=7 (full 0):
 garbage-first heap   total 48128K, used 34465K [0x0000000081c00000, 0x0000000100000000)
  region size 1024K, 23 young (23552K), 2 survivors (2048K)
 Metaspace       used 25713K, capacity 26015K, committed 26288K, reserved 1073152K
  class space    used 3188K, capacity 3312K, committed 3328K, reserved 1048576K
}
Event: 8.522 GC heap after
{Heap after GC invocations=8 (full 0):
 garbage-first heap   total 48128K, used 14096K [0x0000000081c00000, 0x0000000100000000)
  region size 1024K, 3 young (3072K), 3 survivors (3072K)
 Metaspace       used 25713K, capacity 26015K, committed 26288K, reserved 1073152K
  class space    used 3188K, capacity 3312K, committed 3328K, reserved 1048576K
}
Event: 9.737 GC heap before
{Heap before GC invocations=8 (full 0):
 garbage-first heap   total 48128K, used 35600K [0x0000000081c00000, 0x0000000100000000)
  region size 1024K, 24 young (24576K), 3 survivors (3072K)
 Metaspace       used 27963K, capacity 28328K, committed 28464K, reserved 1075200K
  class space    used 3505K, capacity 3614K, committed 3712K, reserved 1048576K
}
Event: 9.749 GC heap after
{Heap after GC invocations=9 (full 0):
 garbage-first heap   total 48128K, used 15909K [0x0000000081c00000, 0x0000000100000000)
  region size 1024K, 3 young (3072K), 3 survivors (3072K)
 Metaspace       used 27963K, capacity 28328K, committed 28464K, reserved 1075200K
  class space    used 3505K, capacity 3614K, committed 3712K, reserved 1048576K
}
Event: 10.811 GC heap before
{Heap before GC invocations=9 (full 0):
 garbage-first heap   total 48128K, used 36389K [0x0000000081c00000, 0x0000000100000000)
  region size 1024K, 23 young (23552K), 3 survivors (3072K)
 Metaspace       used 31903K, capacity 32262K, committed 32304K, reserved 1077248K
  class space    used 4059K, capacity 4196K, committed 4224K, reserved 1048576K
}
Event: 10.821 GC heap after
{Heap after GC invocations=10 (full 0):
 garbage-first heap   total 48128K, used 16746K [0x0000000081c00000, 0x0000000100000000)
  region size 1024K, 1 young (1024K), 1 survivors (1024K)
 Metaspace       used 31903K, capacity 32262K, committed 32304K, reserved 1077248K
  class space    used 4059K, capacity 4196K, committed 4224K, reserved 1048576K
}
Event: 11.746 GC heap before
{Heap before GC invocations=10 (full 0):
 garbage-first heap   total 48128K, used 30058K [0x0000000081c00000, 0x0000000100000000)
  region size 1024K, 15 young (15360K), 1 survivors (1024K)
 Metaspace       used 35227K, capacity 35541K, committed 35632K, reserved 1081344K
  class space    used 4534K, capacity 4649K, committed 4736K, reserved 1048576K
}
Event: 11.751 GC heap after
{Heap after GC invocations=11 (full 0):
 garbage-first heap   total 48128K, used 17305K [0x0000000081c00000, 0x0000000100000000)
  region size 1024K, 2 young (2048K), 2 survivors (2048K)
 Metaspace       used 35227K, capacity 35541K, committed 35632K, reserved 1081344K
  class space    used 4534K, capacity 4649K, committed 4736K, reserved 1048576K
}

Deoptimization events (20 events):
Event: 11.520 Thread 0x0000013fd1f904e0 Uncommon trap: trap_request=0xffffffde fr.pc=0x0000013fe1da85d8 relative=0x0000000000001418
Event: 11.520 Thread 0x0000013fd1f904e0 Uncommon trap: reason=class_check action=maybe_recompile pc=0x0000013fe1da85d8 method=java.util.Properties$LineReader.readLine()I @ 70 c2
Event: 11.520 Thread 0x0000013fd1f904e0 DEOPT PACKING pc=0x0000013fe1da85d8 sp=0x00000017105f9710
Event: 11.520 Thread 0x0000013fd1f904e0 DEOPT UNPACKING pc=0x0000013fda1fe42f sp=0x00000017105f96b0 mode 2
Event: 11.520 Thread 0x0000013fd1f904e0 Uncommon trap: trap_request=0xffffffde fr.pc=0x0000013fe1da86d4 relative=0x0000000000001514
Event: 11.520 Thread 0x0000013fd1f904e0 Uncommon trap: reason=class_check action=maybe_recompile pc=0x0000013fe1da86d4 method=java.util.Properties$LineReader.readLine()I @ 479 c2
Event: 11.520 Thread 0x0000013fd1f904e0 DEOPT PACKING pc=0x0000013fe1da86d4 sp=0x00000017105f9710
Event: 11.520 Thread 0x0000013fd1f904e0 DEOPT UNPACKING pc=0x0000013fda1fe42f sp=0x00000017105f96b0 mode 2
Event: 11.520 Thread 0x0000013fd1f904e0 Uncommon trap: trap_request=0xffffffde fr.pc=0x0000013fe1da85d8 relative=0x0000000000001418
Event: 11.520 Thread 0x0000013fd1f904e0 Uncommon trap: reason=class_check action=maybe_recompile pc=0x0000013fe1da85d8 method=java.util.Properties$LineReader.readLine()I @ 70 c2
Event: 11.520 Thread 0x0000013fd1f904e0 DEOPT PACKING pc=0x0000013fe1da85d8 sp=0x00000017105f9710
Event: 11.520 Thread 0x0000013fd1f904e0 DEOPT UNPACKING pc=0x0000013fda1fe42f sp=0x00000017105f96b0 mode 2
Event: 11.559 Thread 0x0000013fd1f904e0 DEOPT PACKING pc=0x0000013fda897afc sp=0x00000017105f96b0
Event: 11.559 Thread 0x0000013fd1f904e0 DEOPT UNPACKING pc=0x0000013fda1fe23f sp=0x00000017105f8b48 mode 1
Event: 11.559 Thread 0x0000013fd1f904e0 DEOPT PACKING pc=0x0000013fda8901e4 sp=0x00000017105f9780
Event: 11.559 Thread 0x0000013fd1f904e0 DEOPT UNPACKING pc=0x0000013fda1fe23f sp=0x00000017105f8c38 mode 1
Event: 11.559 Thread 0x0000013fd1f904e0 DEOPT PACKING pc=0x0000013fdabfa16c sp=0x00000017105fa190
Event: 11.559 Thread 0x0000013fd1f904e0 DEOPT UNPACKING pc=0x0000013fda1fe23f sp=0x00000017105f9660 mode 1
Event: 11.570 Thread 0x0000013fd1f904e0 DEOPT PACKING pc=0x0000013fe1e17700 sp=0x00000017105f67b0
Event: 11.570 Thread 0x0000013fd1f904e0 DEOPT UNPACKING pc=0x0000013fda1fe23f sp=0x00000017105f5dd8 mode 0

Classes unloaded (0 events):
No events

Classes redefined (0 events):
No events

Internal exceptions (20 events):
Event: 9.658 Thread 0x0000013fd1f904e0 Exception <a 'java/lang/ClassNotFoundException'{0x00000000837d4ea0}: org/springframework/orm/jpa/AbstractEntityManagerFactoryBeanCustomizer> (0x00000000837d4ea0) 
thrown [./open/src/hotspot/share/classfile/systemDictionary.cpp, line 295]
Event: 9.661 Thread 0x0000013fd1f904e0 Exception <a 'java/lang/ClassNotFoundException'{0x00000000837fd790}: org/springframework/orm/jpa/LocalContainerEntityManagerFactoryBeanCustomizer> (0x00000000837fd790) 
thrown [./open/src/hotspot/share/classfile/systemDictionary.cpp, line 295]
Event: 9.667 Thread 0x0000013fd1f904e0 Exception <a 'java/lang/ClassNotFoundException'{0x0000000083645148}: org/springframework/context/ResourceLoaderAwareCustomizer> (0x0000000083645148) 
thrown [./open/src/hotspot/share/classfile/systemDictionary.cpp, line 295]
Event: 9.669 Thread 0x0000013fd1f904e0 Exception <a 'java/lang/ClassNotFoundException'{0x000000008364c360}: org/springframework/beans/factory/AwareCustomizer> (0x000000008364c360) 
thrown [./open/src/hotspot/share/classfile/systemDictionary.cpp, line 295]
Event: 9.670 Thread 0x0000013fd1f904e0 Exception <a 'java/lang/ClassNotFoundException'{0x0000000083652c50}: org/springframework/context/weaving/LoadTimeWeaverAwareCustomizer> (0x0000000083652c50) 
thrown [./open/src/hotspot/share/classfile/systemDictionary.cpp, line 295]
Event: 9.672 Thread 0x0000013fd1f904e0 Exception <a 'java/lang/ClassNotFoundException'{0x000000008365a350}: org/springframework/beans/factory/AwareCustomizer> (0x000000008365a350) 
thrown [./open/src/hotspot/share/classfile/systemDictionary.cpp, line 295]
Event: 9.673 Thread 0x0000013fd1f904e0 Exception <a 'java/lang/ClassNotFoundException'{0x0000000083660a30}: org/springframework/beans/factory/FactoryBeanCustomizer> (0x0000000083660a30) 
thrown [./open/src/hotspot/share/classfile/systemDictionary.cpp, line 295]
Event: 9.677 Thread 0x0000013fd1f904e0 Exception <a 'java/lang/ClassNotFoundException'{0x000000008366b798}: org/springframework/beans/factory/BeanClassLoaderAwareCustomizer> (0x000000008366b798) 
thrown [./open/src/hotspot/share/classfile/systemDictionary.cpp, line 295]
Event: 9.707 Thread 0x0000013fd1f904e0 Exception <a 'java/lang/ClassNotFoundException'{0x0000000083672a08}: org/springframework/beans/factory/AwareCustomizer> (0x0000000083672a08) 
thrown [./open/src/hotspot/share/classfile/systemDictionary.cpp, line 295]
Event: 9.719 Thread 0x0000013fd1f904e0 Exception <a 'java/lang/ClassNotFoundException'{0x00000000836790c8}: org/springframework/beans/factory/BeanFactoryAwareCustomizer> (0x00000000836790c8) 
thrown [./open/src/hotspot/share/classfile/systemDictionary.cpp, line 295]
Event: 9.721 Thread 0x0000013fd1f904e0 Exception <a 'java/lang/ClassNotFoundException'{0x0000000083680a88}: org/springframework/beans/factory/AwareCustomizer> (0x0000000083680a88) 
thrown [./open/src/hotspot/share/classfile/systemDictionary.cpp, line 295]
Event: 9.722 Thread 0x0000013fd1f904e0 Exception <a 'java/lang/ClassNotFoundException'{0x0000000083687118}: org/springframework/beans/factory/BeanNameAwareCustomizer> (0x0000000083687118) 
thrown [./open/src/hotspot/share/classfile/systemDictionary.cpp, line 295]
Event: 9.724 Thread 0x0000013fd1f904e0 Exception <a 'java/lang/ClassNotFoundException'{0x000000008368e738}: org/springframework/beans/factory/AwareCustomizer> (0x000000008368e738) 
thrown [./open/src/hotspot/share/classfile/systemDictionary.cpp, line 295]
Event: 9.725 Thread 0x0000013fd1f904e0 Exception <a 'java/lang/ClassNotFoundException'{0x0000000083694df8}: org/springframework/beans/factory/InitializingBeanCustomizer> (0x0000000083694df8) 
thrown [./open/src/hotspot/share/classfile/systemDictionary.cpp, line 295]
Event: 9.726 Thread 0x0000013fd1f904e0 Exception <a 'java/lang/ClassNotFoundException'{0x000000008369bd80}: org/springframework/beans/factory/DisposableBeanCustomizer> (0x000000008369bd80) 
thrown [./open/src/hotspot/share/classfile/systemDictionary.cpp, line 295]
Event: 9.727 Thread 0x0000013fd1f904e0 Exception <a 'java/lang/ClassNotFoundException'{0x00000000836a32e8}: org/springframework/orm/jpa/EntityManagerFactoryInfoCustomizer> (0x00000000836a32e8) 
thrown [./open/src/hotspot/share/classfile/systemDictionary.cpp, line 295]
Event: 9.730 Thread 0x0000013fd1f904e0 Exception <a 'java/lang/ClassNotFoundException'{0x00000000836b45e8}: org/springframework/dao/support/PersistenceExceptionTranslatorCustomizer> (0x00000000836b45e8) 
thrown [./open/src/hotspot/share/classfile/systemDictionary.cpp, line 295]
Event: 10.825 Thread 0x0000013fd1f904e0 Exception <a 'java/lang/NoSuchMethodError'{0x0000000089b1eca8}: 'java.lang.Object java.lang.invoke.DirectMethodHandle$Holder.invokeStaticInit(java.lang.Object, int, int, int, int)'> (0x0000000089b1eca8) 
thrown [./open/src/hotspot/share/interpreter/linkResolver.cpp, line 782]
Event: 11.186 Thread 0x0000013fd1f904e0 Exception <a 'java/lang/NoSuchMethodError'{0x0000000087902b08}: 'java.lang.Object java.lang.invoke.DirectMethodHandle$Holder.invokeStaticInit(java.lang.Object, java.lang.Object, int, int, int, int)'> (0x0000000087902b08) 
thrown [./open/src/hotspot/share/interpreter/linkResolver.cpp, line 782]
Event: 11.835 Thread 0x0000013fd1f904e0 Exception <a 'java/lang/NoSuchMethodError'{0x000000008791eac8}: 'void java.lang.invoke.DirectMethodHandle$Holder.invokeStaticInit(java.lang.Object, java.lang.Object, java.lang.Object, java.lang.Object, java.lang.Object)'> (0x000000008791eac8) 
thrown [./open/src/hotspot/share/interpreter/linkResolver.cpp, line 782]

Events (20 events):
Event: 12.316 loading class org/h2/expression/Format
Event: 12.316 loading class org/h2/expression/Format done
Event: 12.316 loading class org/h2/command/ddl/Analyze
Event: 12.316 loading class org/h2/command/ddl/Analyze done
Event: 12.317 loading class org/h2/command/dml/TransactionCommand
Event: 12.317 loading class org/h2/command/dml/TransactionCommand done
Event: 12.318 loading class org/h2/command/ddl/DeallocateProcedure
Event: 12.318 loading class org/h2/command/ddl/DeallocateProcedure done
Event: 12.318 loading class org/h2/command/dml/Explain
Event: 12.318 loading class org/h2/command/dml/Explain done
Event: 12.319 loading class org/h2/command/ddl/GrantRevoke
Event: 12.319 loading class org/h2/command/ddl/GrantRevoke done
Event: 12.330 loading class org/h2/command/dml/RunScriptCommand
Event: 12.330 loading class org/h2/command/dml/RunScriptCommand done
Event: 12.331 loading class org/h2/command/dml/ScriptBase
Event: 12.331 loading class org/h2/command/dml/ScriptBase done
Event: 12.335 loading class org/h2/command/dml/ScriptCommand
Event: 12.335 loading class org/h2/command/dml/ScriptCommand done
Event: 12.336 loading class org/h2/command/dml/BackupCommand
Event: 12.336 loading class org/h2/command/dml/BackupCommand done


Dynamic libraries:
0x00007ff6e8ae0000 - 0x00007ff6e8aef000 	C:\Program Files\Java\jdk-15.0.1\bin\java.exe
0x00007ffd4ed10000 - 0x00007ffd4ef08000 	C:\WINDOWS\SYSTEM32\ntdll.dll
0x00007ffd4cd70000 - 0x00007ffd4ce2f000 	C:\WINDOWS\System32\KERNEL32.DLL
0x00007ffd4c6f0000 - 0x00007ffd4c9e6000 	C:\WINDOWS\System32\KERNELBASE.dll
0x00007ffd4cc70000 - 0x00007ffd4cd70000 	C:\WINDOWS\System32\ucrtbase.dll
0x00007ffd45420000 - 0x00007ffd45439000 	C:\Program Files\Java\jdk-15.0.1\bin\VCRUNTIME140.dll
0x00007ffd26330000 - 0x00007ffd26348000 	C:\Program Files\Java\jdk-15.0.1\bin\jli.dll
0x00007ffd4da90000 - 0x00007ffd4db3f000 	C:\WINDOWS\System32\ADVAPI32.dll
0x00007ffd4ce60000 - 0x00007ffd4cefe000 	C:\WINDOWS\System32\msvcrt.dll
0x00007ffd4d2e0000 - 0x00007ffd4d37c000 	C:\WINDOWS\System32\sechost.dll
0x00007ffd4dda0000 - 0x00007ffd4dec6000 	C:\WINDOWS\System32\RPCRT4.dll
0x00007ffd4dbf0000 - 0x00007ffd4dd8d000 	C:\WINDOWS\System32\USER32.dll
0x00007ffd4c6c0000 - 0x00007ffd4c6e2000 	C:\WINDOWS\System32\win32u.dll
0x00007ffd4d0b0000 - 0x00007ffd4d0dc000 	C:\WINDOWS\System32\GDI32.dll
0x00007ffd4c460000 - 0x00007ffd4c575000 	C:\WINDOWS\System32\gdi32full.dll
0x00007ffd4cbd0000 - 0x00007ffd4cc6d000 	C:\WINDOWS\System32\msvcp_win.dll
0x00007ffd3b4f0000 - 0x00007ffd3b78a000 	C:\WINDOWS\WinSxS\amd64_microsoft.windows.common-controls_6595b64144ccf1df_6.0.19041.1110_none_60b5254171f9507e\COMCTL32.dll
0x00007ffd44ab0000 - 0x00007ffd44aba000 	C:\WINDOWS\SYSTEM32\VERSION.dll
0x00007ffd4ce30000 - 0x00007ffd4ce60000 	C:\WINDOWS\System32\IMM32.DLL
0x00007ffd45410000 - 0x00007ffd4541c000 	C:\Program Files\Java\jdk-15.0.1\bin\vcruntime140_1.dll
0x00007ffd16670000 - 0x00007ffd16701000 	C:\Program Files\Java\jdk-15.0.1\bin\msvcp140.dll
0x00007ffd05340000 - 0x00007ffd05e9e000 	C:\Program Files\Java\jdk-15.0.1\bin\server\jvm.dll
0x00007ffd4dd90000 - 0x00007ffd4dd98000 	C:\WINDOWS\System32\PSAPI.DLL
0x00007ffd46870000 - 0x00007ffd46879000 	C:\WINDOWS\SYSTEM32\WSOCK32.dll
0x00007ffd4d380000 - 0x00007ffd4d3eb000 	C:\WINDOWS\System32\WS2_32.dll
0x00007ffd3f190000 - 0x00007ffd3f1b7000 	C:\WINDOWS\SYSTEM32\WINMM.dll
0x00007ffd4a260000 - 0x00007ffd4a272000 	C:\WINDOWS\SYSTEM32\kernel.appcore.dll
0x00007ffd34a80000 - 0x00007ffd34a8a000 	C:\Program Files\Java\jdk-15.0.1\bin\jimage.dll
0x00007ffd39200000 - 0x00007ffd393e4000 	C:\WINDOWS\SYSTEM32\DBGHELP.DLL
0x00007ffd391c0000 - 0x00007ffd391f4000 	C:\WINDOWS\SYSTEM32\dbgcore.DLL
0x00007ffd4c580000 - 0x00007ffd4c602000 	C:\WINDOWS\System32\bcryptPrimitives.dll
0x00007ffd25bc0000 - 0x00007ffd25bf9000 	C:\Program Files\Java\jdk-15.0.1\bin\jdwp.dll
0x00007ffd349f0000 - 0x00007ffd349fe000 	C:\Program Files\Java\jdk-15.0.1\bin\instrument.dll
0x00007ffd20500000 - 0x00007ffd20525000 	C:\Program Files\Java\jdk-15.0.1\bin\java.dll
0x00007ffd25e90000 - 0x00007ffd25ea8000 	C:\Program Files\Java\jdk-15.0.1\bin\zip.dll
0x00007ffd4df60000 - 0x00007ffd4e6a4000 	C:\WINDOWS\System32\SHELL32.dll
0x00007ffd4a460000 - 0x00007ffd4abf4000 	C:\WINDOWS\SYSTEM32\windows.storage.dll
0x00007ffd4d450000 - 0x00007ffd4d7a4000 	C:\WINDOWS\System32\combase.dll
0x00007ffd4be30000 - 0x00007ffd4be5e000 	C:\WINDOWS\SYSTEM32\Wldp.dll
0x00007ffd4d910000 - 0x00007ffd4d9bd000 	C:\WINDOWS\System32\SHCORE.dll
0x00007ffd4d280000 - 0x00007ffd4d2d5000 	C:\WINDOWS\System32\shlwapi.dll
0x00007ffd4c320000 - 0x00007ffd4c345000 	C:\WINDOWS\SYSTEM32\profapi.dll
0x00007ffd34d80000 - 0x00007ffd34d8b000 	C:\Program Files\Java\jdk-15.0.1\bin\dt_socket.dll
0x00007ffd4b800000 - 0x00007ffd4b83c000 	C:\WINDOWS\SYSTEM32\IPHLPAPI.DLL
0x00007ffd4bb40000 - 0x00007ffd4bbaa000 	C:\WINDOWS\system32\mswsock.dll
0x00007ffd25b90000 - 0x00007ffd25ba9000 	C:\Program Files\Java\jdk-15.0.1\bin\net.dll
0x00007ffd44570000 - 0x00007ffd4467a000 	C:\WINDOWS\SYSTEM32\WINHTTP.dll
0x00007ffd21a40000 - 0x00007ffd21a52000 	C:\Program Files\Java\jdk-15.0.1\bin\nio.dll
0x00007ffd34930000 - 0x00007ffd34940000 	C:\Program Files\Java\jdk-15.0.1\bin\verify.dll
0x00007ffd340b0000 - 0x00007ffd340b9000 	C:\Program Files\Java\jdk-15.0.1\bin\management.dll
0x00007ffd33cb0000 - 0x00007ffd33cbb000 	C:\Program Files\Java\jdk-15.0.1\bin\management_ext.dll
0x00007ffd2c5e0000 - 0x00007ffd2c5f7000 	C:\WINDOWS\system32\napinsp.dll
0x00007ffd2c5c0000 - 0x00007ffd2c5db000 	C:\WINDOWS\system32\pnrpnsp.dll
0x00007ffd47560000 - 0x00007ffd47575000 	C:\WINDOWS\system32\wshbth.dll
0x00007ffd48100000 - 0x00007ffd4811d000 	C:\WINDOWS\system32\NLAapi.dll
0x00007ffd4b850000 - 0x00007ffd4b91a000 	C:\WINDOWS\SYSTEM32\DNSAPI.dll
0x00007ffd4df50000 - 0x00007ffd4df58000 	C:\WINDOWS\System32\NSI.dll
0x00007ffd2c580000 - 0x00007ffd2c592000 	C:\WINDOWS\System32\winrnr.dll
0x00007ffd44090000 - 0x00007ffd4409a000 	C:\Windows\System32\rasadhlp.dll
0x00007ffd3f380000 - 0x00007ffd3f402000 	C:\WINDOWS\System32\fwpuclnt.dll
0x00007ffd4cba0000 - 0x00007ffd4cbc7000 	C:\WINDOWS\System32\bcrypt.dll
0x00007ffd4bd90000 - 0x00007ffd4bda8000 	C:\WINDOWS\SYSTEM32\CRYPTSP.dll
0x00007ffd4b400000 - 0x00007ffd4b434000 	C:\WINDOWS\system32\rsaenh.dll
0x00007ffd4c2e0000 - 0x00007ffd4c30e000 	C:\WINDOWS\SYSTEM32\USERENV.dll
0x00007ffd4bd80000 - 0x00007ffd4bd8c000 	C:\WINDOWS\SYSTEM32\CRYPTBASE.dll
0x00007ffd44a90000 - 0x00007ffd44aa7000 	C:\WINDOWS\SYSTEM32\dhcpcsvc6.DLL
0x00007ffd43f40000 - 0x00007ffd43f5d000 	C:\WINDOWS\SYSTEM32\dhcpcsvc.DLL

dbghelp: loaded successfully - version: 4.0.5 - missing functions: none
symbol engine: initialized successfully - sym options: 0x614 - pdb path: .;C:\Program Files\Java\jdk-15.0.1\bin;C:\WINDOWS\SYSTEM32;C:\WINDOWS\WinSxS\amd64_microsoft.windows.common-controls_6595b64144ccf1df_6.0.19041.1110_none_60b5254171f9507e;C:\Program Files\Java\jdk-15.0.1\bin\server

VM Arguments:
jvm_args: -agentlib:jdwp=transport=dt_socket,address=127.0.0.1:65109,suspend=y,server=n -ea -Didea.test.cyclic.buffer.size=1048576 -javaagent:C:\Users\qkdlf\ideaIU-2022.1.3.win\plugins\java\lib\rt\debugger-agent.jar -Dfile.encoding=UTF-8 
java_command: com.intellij.rt.junit.JUnitStarter -ideVersion5 -junit5 jpabook.jpashop.MemberRepositoryTest,testMember
java_class_path (initial): C:\Users\qkdlf\.m2\repository\org\junit\platform\junit-platform-launcher\1.8.2\junit-platform-launcher-1.8.2.jar;C:\Users\qkdlf\.m2\repository\org\junit\platform\junit-platform-engine\1.8.2\junit-platform-engine-1.8.2.jar;C:\Users\qkdlf\.m2\repository\org\opentest4j\opentest4j\1.2.0\opentest4j-1.2.0.jar;C:\Users\qkdlf\.m2\repository\org\junit\platform\junit-platform-commons\1.8.2\junit-platform-commons-1.8.2.jar;C:\Users\qkdlf\.m2\repository\org\apiguardian\apiguardian-api\1.1.2\apiguardian-api-1.1.2.jar;C:\Users\qkdlf\ideaIU-2022.1.3.win\lib\idea_rt.jar;C:\Users\qkdlf\ideaIU-2022.1.3.win\plugins\junit\lib\junit5-rt.jar;C:\Users\qkdlf\ideaIU-2022.1.3.win\plugins\junit\lib\junit-rt.jar;C:\Users\qkdlf\Project\springBootProject\jpashop\out\test\classes;C:\Users\qkdlf\Project\springBootProject\jpashop\out\production\classes;C:\Users\qkdlf\Project\springBootProject\jpashop\out\production\resources;C:\Users\qkdlf\.gradle\caches\modules-2\files-2.1\org.springframework.boot\spring-boot-starter-data-jpa\2.7.14\ad7d3be24a386ec45ce020b8922e9d056f7a6835\spring-boot-starter-data-jpa-2.7.14.jar;C:\Users\qkdlf\.gradle\caches\modules-2\files-2.1\org.springframework.boot\spring-boot-starter-thymeleaf\2.7.14\91a1934c6fae08a28665182ab802d41e0b44ffd\spring-boot-starter-thymeleaf-2.7.14.jar;C:\Users\qkdlf\.gradle\caches\modules-2\files-2.1\org.springframework.boot\spring-boot-starter-web\2.7.14\300b311c5fb98a2ee547df33a9d37782dddb496e\spring-boot-starter-web-2.7.14.jar;C:\Users\qkdlf\.gradle\caches\modules-2\files-2.1\org.springframework.boot\spring-boot-starter-test\2.7.14\271dd314bbd13c71e45e8001cb7bb22e3495da83\spring-boot-starter-test-2.7.14.jar;C:\Users\qkdlf\.gradle\caches\modules-2\files-2.1\org.springframework.boot\spring-boot-starter-aop\2.7.14\c4fb902f51ab09247de60c463761980d0d1a5888\spring-boot-starter-aop-2.7.14.jar;C:\Users\qkdlf\.gradle\caches\modules-2\files-2.1\org.springframework.boot\spring-boot-starter-jdbc\2.7.14\80b80408b6b75ce0dc2833cb0
Launcher Type: SUN_STANDARD

[Global flags]
     intx CICompilerCount                          = 3                                         {product} {ergonomic}
     uint ConcGCThreads                            = 1                                         {product} {ergonomic}
     uint G1ConcRefinementThreads                  = 4                                         {product} {ergonomic}
   size_t G1HeapRegionSize                         = 1048576                                   {product} {ergonomic}
    uintx GCDrainStackTargetSize                   = 64                                        {product} {ergonomic}
   size_t InitialHeapSize                          = 134217728                                 {product} {ergonomic}
   size_t MarkStackSize                            = 4194304                                   {product} {ergonomic}
   size_t MaxHeapSize                              = 2118123520                                {product} {ergonomic}
   size_t MaxNewSize                               = 1270874112                                {product} {ergonomic}
   size_t MinHeapDeltaBytes                        = 1048576                                   {product} {ergonomic}
   size_t MinHeapSize                              = 8388608                                   {product} {ergonomic}
    uintx NonNMethodCodeHeapSize                   = 5832780                                {pd product} {ergonomic}
    uintx NonProfiledCodeHeapSize                  = 122912730                              {pd product} {ergonomic}
    uintx ProfiledCodeHeapSize                     = 122912730                              {pd product} {ergonomic}
    uintx ReservedCodeCacheSize                    = 251658240                              {pd product} {ergonomic}
     bool SegmentedCodeCache                       = true                                      {product} {ergonomic}
   size_t SoftMaxHeapSize                          = 2118123520                             {manageable} {ergonomic}
     bool UseCompressedClassPointers               = true                                 {lp64_product} {ergonomic}
     bool UseCompressedOops                        = true                                 {lp64_product} {ergonomic}
     bool UseG1GC                                  = true                                      {product} {ergonomic}
     bool UseLargePagesIndividualAllocation        = false                                  {pd product} {ergonomic}

Logging:
Log output configuration:
 #0: stdout all=warning uptime,level,tags
 #1: stderr all=off uptime,level,tags

Environment Variables:
JAVA_HOME=C:\Program Files\Java\jdk-15.0.1
PATH=D:\oracleDatabase\WINDOWS.X64_193000_db_home\bin;C:\xampp\mysql\bin;C:\Program Files (x86)\Windows Resource Kits\Tools\;C:\Users\qkdlf\OneDrive\πŸ≈¡ »≠∏È\tool\spring5\gradle-7.1\bin;C:\Users\qkdlf\OneDrive\πŸ≈¡ »≠∏È\tool\spring5\apache-maven-3.8.1\bin;C:\Program Files\Java\jdk-15.0.1\bin;C:\Program Files\Common Files\Oracle\Java\javapath;C:\Program Files (x86)\Common Files\Oracle\Java\javapath;D:\OracleDatabase\bin;C:\Program Files (x86)\NAT Service;C:\Program Files (x86)\Intel\iCLS Client\;C:\Program Files\Intel\iCLS Client\;C:\windows\system32;C:\windows;C:\windows\System32\Wbem;C:\windows\System32\WindowsPowerShell\v1.0\;C:\Program Files (x86)\NVIDIA Corporation\PhysX\Common;C:\Program Files (x86)\Intel\Intel(R) Management Engine Components\DAL;C:\Program Files\Intel\Intel(R) Management Engine Components\DAL;C:\Program Files (x86)\Intel\Intel(R) Management Engine Components\IPT;C:\Program Files\Intel\Intel(R) Management Engine Components\IPT;C:\Program Files\dotnet\;C:\Program Files\Microsoft SQL Server\130\Tools\Binn\;C:\WINDOWS\system32;C:\WINDOWS;C:\WINDOWS\System32\Wbem;C:\WINDOWS\System32\WindowsPowerShell\v1.0\;C:\WINDOWS\System32\OpenSSH\;C:\Program Files (x86)\PuTTY\;C:\Program Files\nodejs\;C:\Program Files\MySQL\MySQL Server 8.0\bin;C:\Program Files\Git\cmd;C:\Program Files\Amazon\AWSCLIV2\;C:\Program Files\PuTTY\;C:\Program Files\Docker\Docker\resources\bin;D:\Ruby27-x64\bin;C:\Users\qkdlf\AppData\Local\Programs\Python\Python38-32\Scripts\;C:\Users\qkdlf\AppData\Local\Programs\Python\Python38-32\;C:\Users\qkdlf\AppData\Local\Microsoft\WindowsApps;C:\Users\qkdlf\AppData\Local\Programs\Microsoft VS Code\bin;C:\Program Files\Wireshark;C:\Program Files\Bandizip\;D:\MiKTex\miktex\bin\x64\;C:\Users\qkdlf\AppData\Local\Microsoft\WindowsApps;C:\Users\qkdlf\AppData\Roaming\npm;C:\Users\qkdlf\ideaIU-2022.1.3.win\bin;
USERNAME=qkdlf
OS=Windows_NT
PROCESSOR_IDENTIFIER=Intel64 Family 6 Model 142 Stepping 9, GenuineIntel



---------------  S Y S T E M  ---------------

OS:
 Windows 10 , 64 bit Build 19041 (10.0.19041.3155)
OS uptime: 3 days 12:27 hours
HyperV virtualization detected

CPU: total 4 (initial active 4) (2 cores per cpu, 2 threads per core) family 6 model 142 stepping 9 microcode 0xb4, cmov, cx8, fxsr, mmx, sse, sse2, sse3, ssse3, sse4.1, sse4.2, popcnt, vzeroupper, avx, avx2, aes, clmul, erms, 3dnowpref, lzcnt, ht, tsc, tscinvbit, bmi1, bmi2, adx, fma, clflush, clflushopt

Memory: 4k page, system-wide physical 8072M (455M free)
TotalPageFile size 32648M (AvailPageFile size 1M)
current process WorkingSet (physical memory assigned to process): 249M, peak: 249M
current process commit charge ("private bytes"): 284M, peak: 284M

vm_info: Java HotSpot(TM) 64-Bit Server VM (15.0.1+9-18) for windows-amd64 JRE (15.0.1+9-18), built on Sep 15 2020 14:43:54 by "mach5one" with unknown MS VC++:1925

END.
