#
# There is insufficient memory for the Java Runtime Environment to continue.
# Native memory allocation (mmap) failed to map 134217728 bytes for G1 virtual space
# Possible reasons:
#   The system is out of physical RAM or swap space
#   The process is running with CompressedOops enabled, and the Java Heap may be blocking the growth of the native heap
# Possible solutions:
#   Reduce memory load on the system
#   Increase physical memory or swap space
#   Check if swap backing store is full
#   Decrease Java heap size (-Xmx/-Xms)
#   Decrease number of Java threads
#   Decrease Java thread stack sizes (-Xss)
#   Set larger code cache with -XX:ReservedCodeCacheSize=
#   JVM is running with Unscaled Compressed Oops mode in which the Java heap is
#     placed in the first 4GB address space. The Java Heap base address is the
#     maximum limit for the native heap growth. Please use -XX:HeapBaseMinAddress
#     to set the Java Heap base and to place the Java Heap above 4GB virtual address.
# This output file may be truncated or incomplete.
#
#  Out of Memory Error (./open/src/hotspot/os/windows/os_windows.cpp:3472), pid=22568, tid=20316
#
# JRE version:  (15.0.1+9) (build )
# Java VM: Java HotSpot(TM) 64-Bit Server VM (15.0.1+9-18, mixed mode, sharing, tiered, compressed oops, g1 gc, windows-amd64)
# No core dump will be written. Minidumps are not enabled by default on client versions of Windows
#

---------------  S U M M A R Y ------------

Command Line: -ea -Didea.test.cyclic.buffer.size=1048576 -javaagent:C:\Users\qkdlf\ideaIU-2022.1.3.win\lib\idea_rt.jar=63163:C:\Users\qkdlf\ideaIU-2022.1.3.win\bin -Dfile.encoding=UTF-8 com.intellij.rt.junit.JUnitStarter -ideVersion5 -junit5 jpabook.jpashop.MemberRepositoryTest,testMember

Host: Intel(R) Core(TM) i5-7200U CPU @ 2.50GHz, 4 cores, 7G,  Windows 10 , 64 bit Build 19041 (10.0.19041.3155)
Time: Fri Aug 11 01:38:44 2023 ¥Î«—πŒ±π «•¡ÿΩ√ elapsed time: 0.058797 seconds (0d 0h 0m 0s)

---------------  T H R E A D  ---------------

Current thread (0x0000021170861270):  JavaThread "Unknown thread" [_thread_in_vm, id=20316, stack(0x00000056da900000,0x00000056daa00000)]

Stack: [0x00000056da900000,0x00000056daa00000]
Native frames: (J=compiled Java code, j=interpreted, Vv=VM code, C=native code)
V  [jvm.dll+0x62ae9a]
V  [jvm.dll+0x781389]
V  [jvm.dll+0x782ae3]
V  [jvm.dll+0x783143]
V  [jvm.dll+0x216265]
V  [jvm.dll+0x6281d9]
V  [jvm.dll+0x61cd15]
V  [jvm.dll+0x2d01fd]
V  [jvm.dll+0x2d0062]
V  [jvm.dll+0x2d603c]
V  [jvm.dll+0x325b2a]
V  [jvm.dll+0x3251f4]
V  [jvm.dll+0x2a717a]
V  [jvm.dll+0x2a8318]
V  [jvm.dll+0x75e101]
V  [jvm.dll+0x3343e4]
V  [jvm.dll+0x73e826]
V  [jvm.dll+0x3b7777]
V  [jvm.dll+0x3b9201]
C  [jli.dll+0x52fb]
C  [ucrtbase.dll+0x21bb2]
C  [KERNEL32.DLL+0x17614]
C  [ntdll.dll+0x526b1]


---------------  P R O C E S S  ---------------

Threads class SMR info:
_java_thread_list=0x00007ffd05e04ff0, length=0, elements={
}

Java Threads: ( => current thread )

Other Threads:
  0x00000211708a00f0 GCTaskThread "GC Thread#0" [stack: 0x00000056daa00000,0x00000056dab00000] [id=1304]
  0x00000211708b0ec0 ConcurrentGCThread "G1 Main Marker" [stack: 0x00000056dab00000,0x00000056dac00000] [id=14472]
  0x00000211708b2250 ConcurrentGCThread "G1 Conc#0" [stack: 0x00000056dac00000,0x00000056dad00000] [id=9392]

[error occurred during error reporting (printing all threads), id 0xc0000005, EXCEPTION_ACCESS_VIOLATION (0xc0000005) at pc=0x00007ffd055f8047]

VM state: not at safepoint (not fully initialized)

VM Mutex/Monitor currently owned by a thread:  ([mutex/lock_event])
[0x000002117085cdb0] Heap_lock - owner thread: 0x0000021170861270

Heap address: 0x0000000081c00000, size: 2020 MB, Compressed Oops mode: 32-bit
CDS archive(s) mapped at: [0x0000000000000000-0x0000000000000000-0x0000000000000000), size 0, SharedBaseAddress: 0x0000000800000000, ArchiveRelocationMode: 0.
Narrow klass base: 0x0000000000000000, Narrow klass shift: 0, Narrow klass range: 0x0

Heap:
 garbage-first heap   total 131072K, used 0K [0x0000000081c00000, 0x0000000100000000)
  region size 1024K, 0 young (0K), 0 survivors (0K)
 Metaspace       used 0K, capacity 0K, committed 0K, reserved 0K
  class space    used 0K, capacity 0K, committed 0K, reserved 0K

Heap Regions: E=young(eden), S=young(survivor), O=old, HS=humongous(starts), HC=humongous(continues), CS=collection set, F=free, OA=open archive, CA=closed archive, TAMS=top-at-mark-start (previous, next)

Card table byte_map: [0x0000021178e80000,0x0000021179280000] _byte_map_base: 0x0000021178a72000

Marking Bits (Prev, Next): (CMBitMap*) 0x00000211708a08e0, (CMBitMap*) 0x00000211708a0920
 Prev Bits: [0x0000021179680000, 0x000002117b610000)
 Next Bits: [0x000002117b610000, 0x000002117d5a0000)

GC Heap History (0 events):
No events

Deoptimization events (0 events):
No events

Classes unloaded (0 events):
No events

Classes redefined (0 events):
No events

Internal exceptions (0 events):
No events

Events (1 events):
Event: 0.041 Loaded shared library C:\Program Files\Java\jdk-15.0.1\bin\java.dll


Dynamic libraries:
0x00007ff6e8ae0000 - 0x00007ff6e8aef000 	C:\Program Files\Java\jdk-15.0.1\bin\java.exe
0x00007ffd4ed10000 - 0x00007ffd4ef08000 	C:\WINDOWS\SYSTEM32\ntdll.dll
0x00007ffd4cd70000 - 0x00007ffd4ce2f000 	C:\WINDOWS\System32\KERNEL32.DLL
0x00007ffd4c6f0000 - 0x00007ffd4c9e6000 	C:\WINDOWS\System32\KERNELBASE.dll
0x00007ffd4cc70000 - 0x00007ffd4cd70000 	C:\WINDOWS\System32\ucrtbase.dll
0x00007ffd45420000 - 0x00007ffd45439000 	C:\Program Files\Java\jdk-15.0.1\bin\VCRUNTIME140.dll
0x00007ffd26330000 - 0x00007ffd26348000 	C:\Program Files\Java\jdk-15.0.1\bin\jli.dll
0x00007ffd4da90000 - 0x00007ffd4db3f000 	C:\WINDOWS\System32\ADVAPI32.dll
0x00007ffd4ce60000 - 0x00007ffd4cefe000 	C:\WINDOWS\System32\msvcrt.dll
0x00007ffd4d2e0000 - 0x00007ffd4d37c000 	C:\WINDOWS\System32\sechost.dll
0x00007ffd4dda0000 - 0x00007ffd4dec6000 	C:\WINDOWS\System32\RPCRT4.dll
0x00007ffd4dbf0000 - 0x00007ffd4dd8d000 	C:\WINDOWS\System32\USER32.dll
0x00007ffd4c6c0000 - 0x00007ffd4c6e2000 	C:\WINDOWS\System32\win32u.dll
0x00007ffd4d0b0000 - 0x00007ffd4d0dc000 	C:\WINDOWS\System32\GDI32.dll
0x00007ffd4c460000 - 0x00007ffd4c575000 	C:\WINDOWS\System32\gdi32full.dll
0x00007ffd4cbd0000 - 0x00007ffd4cc6d000 	C:\WINDOWS\System32\msvcp_win.dll
0x00007ffd3b4f0000 - 0x00007ffd3b78a000 	C:\WINDOWS\WinSxS\amd64_microsoft.windows.common-controls_6595b64144ccf1df_6.0.19041.1110_none_60b5254171f9507e\COMCTL32.dll
0x00007ffd44ab0000 - 0x00007ffd44aba000 	C:\WINDOWS\SYSTEM32\VERSION.dll
0x00007ffd4ce30000 - 0x00007ffd4ce60000 	C:\WINDOWS\System32\IMM32.DLL
0x00007ffd45410000 - 0x00007ffd4541c000 	C:\Program Files\Java\jdk-15.0.1\bin\vcruntime140_1.dll
0x00007ffd16670000 - 0x00007ffd16701000 	C:\Program Files\Java\jdk-15.0.1\bin\msvcp140.dll
0x00007ffd05340000 - 0x00007ffd05e9e000 	C:\Program Files\Java\jdk-15.0.1\bin\server\jvm.dll
0x00007ffd4dd90000 - 0x00007ffd4dd98000 	C:\WINDOWS\System32\PSAPI.DLL
0x00007ffd46870000 - 0x00007ffd46879000 	C:\WINDOWS\SYSTEM32\WSOCK32.dll
0x00007ffd4d380000 - 0x00007ffd4d3eb000 	C:\WINDOWS\System32\WS2_32.dll
0x00007ffd3f190000 - 0x00007ffd3f1b7000 	C:\WINDOWS\SYSTEM32\WINMM.dll
0x00007ffd4a260000 - 0x00007ffd4a272000 	C:\WINDOWS\SYSTEM32\kernel.appcore.dll
0x00007ffd34a80000 - 0x00007ffd34a8a000 	C:\Program Files\Java\jdk-15.0.1\bin\jimage.dll
0x00007ffd39200000 - 0x00007ffd393e4000 	C:\WINDOWS\SYSTEM32\DBGHELP.DLL
0x00007ffd391c0000 - 0x00007ffd391f4000 	C:\WINDOWS\SYSTEM32\dbgcore.DLL
0x00007ffd4c580000 - 0x00007ffd4c602000 	C:\WINDOWS\System32\bcryptPrimitives.dll
0x00007ffd349f0000 - 0x00007ffd349fe000 	C:\Program Files\Java\jdk-15.0.1\bin\instrument.dll
0x00007ffd20500000 - 0x00007ffd20525000 	C:\Program Files\Java\jdk-15.0.1\bin\java.dll

dbghelp: loaded successfully - version: 4.0.5 - missing functions: none
symbol engine: initialized successfully - sym options: 0x614 - pdb path: .;C:\Program Files\Java\jdk-15.0.1\bin;C:\WINDOWS\SYSTEM32;C:\WINDOWS\WinSxS\amd64_microsoft.windows.common-controls_6595b64144ccf1df_6.0.19041.1110_none_60b5254171f9507e;C:\Program Files\Java\jdk-15.0.1\bin\server

VM Arguments:
jvm_args: -ea -Didea.test.cyclic.buffer.size=1048576 -javaagent:C:\Users\qkdlf\ideaIU-2022.1.3.win\lib\idea_rt.jar=63163:C:\Users\qkdlf\ideaIU-2022.1.3.win\bin -Dfile.encoding=UTF-8 
java_command: com.intellij.rt.junit.JUnitStarter -ideVersion5 -junit5 jpabook.jpashop.MemberRepositoryTest,testMember
java_class_path (initial): C:\Users\qkdlf\.m2\repository\org\junit\platform\junit-platform-launcher\1.8.2\junit-platform-launcher-1.8.2.jar;C:\Users\qkdlf\.m2\repository\org\junit\platform\junit-platform-engine\1.8.2\junit-platform-engine-1.8.2.jar;C:\Users\qkdlf\.m2\repository\org\opentest4j\opentest4j\1.2.0\opentest4j-1.2.0.jar;C:\Users\qkdlf\.m2\repository\org\junit\platform\junit-platform-commons\1.8.2\junit-platform-commons-1.8.2.jar;C:\Users\qkdlf\.m2\repository\org\apiguardian\apiguardian-api\1.1.2\apiguardian-api-1.1.2.jar;C:\Users\qkdlf\ideaIU-2022.1.3.win\lib\idea_rt.jar;C:\Users\qkdlf\ideaIU-2022.1.3.win\plugins\junit\lib\junit5-rt.jar;C:\Users\qkdlf\ideaIU-2022.1.3.win\plugins\junit\lib\junit-rt.jar;C:\Users\qkdlf\Project\springBootProject\jpashop\out\test\classes;C:\Users\qkdlf\Project\springBootProject\jpashop\out\production\classes;C:\Users\qkdlf\Project\springBootProject\jpashop\out\production\resources;C:\Users\qkdlf\.gradle\caches\modules-2\files-2.1\org.springframework.boot\spring-boot-starter-data-jpa\2.7.14\ad7d3be24a386ec45ce020b8922e9d056f7a6835\spring-boot-starter-data-jpa-2.7.14.jar;C:\Users\qkdlf\.gradle\caches\modules-2\files-2.1\org.springframework.boot\spring-boot-starter-thymeleaf\2.7.14\91a1934c6fae08a28665182ab802d41e0b44ffd\spring-boot-starter-thymeleaf-2.7.14.jar;C:\Users\qkdlf\.gradle\caches\modules-2\files-2.1\org.springframework.boot\spring-boot-starter-web\2.7.14\300b311c5fb98a2ee547df33a9d37782dddb496e\spring-boot-starter-web-2.7.14.jar;C:\Users\qkdlf\.gradle\caches\modules-2\files-2.1\org.springframework.boot\spring-boot-starter-test\2.7.14\271dd314bbd13c71e45e8001cb7bb22e3495da83\spring-boot-starter-test-2.7.14.jar;C:\Users\qkdlf\.gradle\caches\modules-2\files-2.1\org.springframework.boot\spring-boot-starter-aop\2.7.14\c4fb902f51ab09247de60c463761980d0d1a5888\spring-boot-starter-aop-2.7.14.jar;C:\Users\qkdlf\.gradle\caches\modules-2\files-2.1\org.springframework.boot\spring-boot-starter-jdbc\2.7.14\80b80408b6b75ce0dc2833cb0
Launcher Type: SUN_STANDARD

[Global flags]
     intx CICompilerCount                          = 3                                         {product} {ergonomic}
     uint ConcGCThreads                            = 1                                         {product} {ergonomic}
     uint G1ConcRefinementThreads                  = 4                                         {product} {ergonomic}
   size_t G1HeapRegionSize                         = 1048576                                   {product} {ergonomic}
    uintx GCDrainStackTargetSize                   = 64                                        {product} {ergonomic}
   size_t InitialHeapSize                          = 134217728                                 {product} {ergonomic}
   size_t MarkStackSize                            = 4194304                                   {product} {ergonomic}
   size_t MaxHeapSize                              = 2118123520                                {product} {ergonomic}
   size_t MinHeapDeltaBytes                        = 1048576                                   {product} {ergonomic}
   size_t MinHeapSize                              = 8388608                                   {product} {ergonomic}
    uintx NonNMethodCodeHeapSize                   = 5832780                                {pd product} {ergonomic}
    uintx NonProfiledCodeHeapSize                  = 122912730                              {pd product} {ergonomic}
    uintx ProfiledCodeHeapSize                     = 122912730                              {pd product} {ergonomic}
    uintx ReservedCodeCacheSize                    = 251658240                              {pd product} {ergonomic}
     bool SegmentedCodeCache                       = true                                      {product} {ergonomic}
   size_t SoftMaxHeapSize                          = 2118123520                             {manageable} {ergonomic}
     bool UseCompressedClassPointers               = true                                 {lp64_product} {ergonomic}
     bool UseCompressedOops                        = true                                 {lp64_product} {ergonomic}
     bool UseG1GC                                  = true                                      {product} {ergonomic}
     bool UseLargePagesIndividualAllocation        = false                                  {pd product} {ergonomic}

Logging:
Log output configuration:
 #0: stdout all=warning uptime,level,tags
 #1: stderr all=off uptime,level,tags

Environment Variables:
JAVA_HOME=C:\Program Files\Java\jdk-15.0.1
PATH=D:\oracleDatabase\WINDOWS.X64_193000_db_home\bin;C:\xampp\mysql\bin;C:\Program Files (x86)\Windows Resource Kits\Tools\;C:\Users\qkdlf\OneDrive\πŸ≈¡ »≠∏È\tool\spring5\gradle-7.1\bin;C:\Users\qkdlf\OneDrive\πŸ≈¡ »≠∏È\tool\spring5\apache-maven-3.8.1\bin;C:\Program Files\Java\jdk-15.0.1\bin;C:\Program Files\Common Files\Oracle\Java\javapath;C:\Program Files (x86)\Common Files\Oracle\Java\javapath;D:\OracleDatabase\bin;C:\Program Files (x86)\NAT Service;C:\Program Files (x86)\Intel\iCLS Client\;C:\Program Files\Intel\iCLS Client\;C:\windows\system32;C:\windows;C:\windows\System32\Wbem;C:\windows\System32\WindowsPowerShell\v1.0\;C:\Program Files (x86)\NVIDIA Corporation\PhysX\Common;C:\Program Files (x86)\Intel\Intel(R) Management Engine Components\DAL;C:\Program Files\Intel\Intel(R) Management Engine Components\DAL;C:\Program Files (x86)\Intel\Intel(R) Management Engine Components\IPT;C:\Program Files\Intel\Intel(R) Management Engine Components\IPT;C:\Program Files\dotnet\;C:\Program Files\Microsoft SQL Server\130\Tools\Binn\;C:\WINDOWS\system32;C:\WINDOWS;C:\WINDOWS\System32\Wbem;C:\WINDOWS\System32\WindowsPowerShell\v1.0\;C:\WINDOWS\System32\OpenSSH\;C:\Program Files (x86)\PuTTY\;C:\Program Files\nodejs\;C:\Program Files\MySQL\MySQL Server 8.0\bin;C:\Program Files\Git\cmd;C:\Program Files\Amazon\AWSCLIV2\;C:\Program Files\PuTTY\;C:\Program Files\Docker\Docker\resources\bin;D:\Ruby27-x64\bin;C:\Users\qkdlf\AppData\Local\Programs\Python\Python38-32\Scripts\;C:\Users\qkdlf\AppData\Local\Programs\Python\Python38-32\;C:\Users\qkdlf\AppData\Local\Microsoft\WindowsApps;C:\Users\qkdlf\AppData\Local\Programs\Microsoft VS Code\bin;C:\Program Files\Wireshark;C:\Program Files\Bandizip\;D:\MiKTex\miktex\bin\x64\;C:\Users\qkdlf\AppData\Local\Microsoft\WindowsApps;C:\Users\qkdlf\AppData\Roaming\npm;C:\Users\qkdlf\ideaIU-2022.1.3.win\bin;
USERNAME=qkdlf
OS=Windows_NT
PROCESSOR_IDENTIFIER=Intel64 Family 6 Model 142 Stepping 9, GenuineIntel



---------------  S Y S T E M  ---------------

OS:
 Windows 10 , 64 bit Build 19041 (10.0.19041.3155)
OS uptime: 3 days 11:56 hours
HyperV virtualization detected

CPU: total 4 (initial active 4) (2 cores per cpu, 2 threads per core) family 6 model 142 stepping 9 microcode 0xb4, cmov, cx8, fxsr, mmx, sse, sse2, sse3, ssse3, sse4.1, sse4.2, popcnt, vzeroupper, avx, avx2, aes, clmul, erms, 3dnowpref, lzcnt, ht, tsc, tscinvbit, bmi1, bmi2, adx, fma, clflush, clflushopt

Memory: 4k page, system-wide physical 8072M (586M free)
TotalPageFile size 32648M (AvailPageFile size 98M)
current process WorkingSet (physical memory assigned to process): 11M, peak: 11M
current process commit charge ("private bytes"): 52M, peak: 180M

vm_info: Java HotSpot(TM) 64-Bit Server VM (15.0.1+9-18) for windows-amd64 JRE (15.0.1+9-18), built on Sep 15 2020 14:43:54 by "mach5one" with unknown MS VC++:1925

END.
