#
# There is insufficient memory for the Java Runtime Environment to continue.
# Native memory allocation (malloc) failed to allocate 1784976 bytes for Chunk::new
# Possible reasons:
#   The system is out of physical RAM or swap space
#   The process is running with CompressedOops enabled, and the Java Heap may be blocking the growth of the native heap
# Possible solutions:
#   Reduce memory load on the system
#   Increase physical memory or swap space
#   Check if swap backing store is full
#   Decrease Java heap size (-Xmx/-Xms)
#   Decrease number of Java threads
#   Decrease Java thread stack sizes (-Xss)
#   Set larger code cache with -XX:ReservedCodeCacheSize=
#   JVM is running with Unscaled Compressed Oops mode in which the Java heap is
#     placed in the first 4GB address space. The Java Heap base address is the
#     maximum limit for the native heap growth. Please use -XX:HeapBaseMinAddress
#     to set the Java Heap base and to place the Java Heap above 4GB virtual address.
# This output file may be truncated or incomplete.
#
#  Out of Memory Error (./open/src/hotspot/share/memory/arena.cpp:195), pid=14208, tid=4860
#
# JRE version: Java(TM) SE Runtime Environment (15.0.1+9) (build 15.0.1+9-18)
# Java VM: Java HotSpot(TM) 64-Bit Server VM (15.0.1+9-18, mixed mode, sharing, tiered, compressed oops, g1 gc, windows-amd64)
# No core dump will be written. Minidumps are not enabled by default on client versions of Windows
#

---------------  S U M M A R Y ------------

Command Line: --add-opens=java.base/java.util.concurrent.atomic=ALL-UNNAMED -XX:MaxMetaspaceSize=384m -XX:+HeapDumpOnOutOfMemoryError --add-opens=java.base/java.util=ALL-UNNAMED --add-opens=java.base/java.lang=ALL-UNNAMED --add-opens=java.base/java.lang.invoke=ALL-UNNAMED --add-opens=java.prefs/java.util.prefs=ALL-UNNAMED --add-opens=java.base/java.nio.charset=ALL-UNNAMED --add-opens=java.base/java.net=ALL-UNNAMED --add-opens=java.base/java.util.concurrent.atomic=ALL-UNNAMED -Xms256m -Xmx512m -Dfile.encoding=UTF-8 -Duser.country=KR -Duser.language=ko -Duser.variant -javaagent:C:\Users\qkdlf\.gradle\wrapper\dists\gradle-8.2.1-bin\5hap6b9n41hkg4jeh2au2pllh\gradle-8.2.1\lib\agents\gradle-instrumentation-agent-8.2.1.jar org.gradle.launcher.daemon.bootstrap.GradleDaemon 8.2.1

Host: Intel(R) Core(TM) i5-7200U CPU @ 2.50GHz, 4 cores, 7G,  Windows 10 , 64 bit Build 19041 (10.0.19041.3155)
Time: Fri Aug 11 02:05:23 2023 대한민국 표준시 elapsed time: 2956.104271 seconds (0d 0h 49m 16s)

---------------  T H R E A D  ---------------

Current thread (0x000002e71b0b6850):  JavaThread "C2 CompilerThread0" daemon [_thread_in_native, id=4860, stack(0x000000e9ee100000,0x000000e9ee200000)]


Current CompileTask:
C2:2956105 13590       4       java.lang.reflect.Method::toGenericString (12 bytes)

Stack: [0x000000e9ee100000,0x000000e9ee200000]
Native frames: (J=compiled Java code, j=interpreted, Vv=VM code, C=native code)
V  [jvm.dll+0x62ae9a]
V  [jvm.dll+0x781389]
V  [jvm.dll+0x782ae3]
V  [jvm.dll+0x783143]
V  [jvm.dll+0x216265]
V  [jvm.dll+0x97efa]
V  [jvm.dll+0x985dc]
V  [jvm.dll+0x32e4c8]
V  [jvm.dll+0x2f78aa]
V  [jvm.dll+0x2f6c6a]
V  [jvm.dll+0x1ea645]
V  [jvm.dll+0x1e98ae]
V  [jvm.dll+0x1784c7]
V  [jvm.dll+0x1f9165]
V  [jvm.dll+0x1f720c]
V  [jvm.dll+0x74485d]
V  [jvm.dll+0x73d65a]
V  [jvm.dll+0x629c56]
C  [ucrtbase.dll+0x21bb2]
C  [KERNEL32.DLL+0x17614]
C  [ntdll.dll+0x526b1]


---------------  P R O C E S S  ---------------

Threads class SMR info:
_java_thread_list=0x000002e71dfd6860, length=85, elements={
0x000002e77bc1c970, 0x000002e71b094920, 0x000002e71b098420, 0x000002e71b0b07c0,
0x000002e71b0b3190, 0x000002e71b0b5b60, 0x000002e71b0b6850, 0x000002e71b0ce070,
0x000002e71b0f6e60, 0x000002e71b0c0c70, 0x000002e71bb81760, 0x000002e71ccf7cb0,
0x000002e71d44f820, 0x000002e71cd88ea0, 0x000002e71d467e50, 0x000002e71d468320,
0x000002e71d469b30, 0x000002e71fd88290, 0x000002e71fd86f50, 0x000002e71fd84400,
0x000002e71fd85c10, 0x000002e71fd860e0, 0x000002e71fd8b2b0, 0x000002e71e32aa10,
0x000002e71ff344d0, 0x000002e71ff34e70, 0x000002e71df5ab10, 0x000002e71df5a640,
0x000002e71df5b980, 0x000002e71df5c7f0, 0x000002e71df5b4b0, 0x000002e71fabca10,
0x000002e71fabcee0, 0x000002e71f8b3ed0, 0x000002e71f8b56e0, 0x000002e71fabd3b0,
0x000002e7242340d0, 0x000002e71df5c320, 0x000002e7242323f0, 0x000002e724233730,
0x000002e724233c00, 0x000002e7242358e0, 0x000002e71faba390, 0x000002e71f8b5bb0,
0x000002e71f8b6080, 0x000002e71f8b6a20, 0x000002e71faba860, 0x000002e71f8b6550,
0x000002e724234a70, 0x000002e724234f40, 0x000002e724235410, 0x000002e71df597d0,
0x000002e71df58e30, 0x000002e71df59ca0, 0x000002e71df59300, 0x000002e71df5a170,
0x000002e71fe98510, 0x000002e71fabad30, 0x000002e71fe976a0, 0x000002e71f8b3530,
0x000002e71f8b3060, 0x000002e724235db0, 0x000002e71ff327f0, 0x000002e71ff32320,
0x000002e71ff349a0, 0x000002e71ff35340, 0x000002e71ff31980, 0x000002e71ff32cc0,
0x000002e71ff34000, 0x000002e71fab9ec0, 0x000002e71fab99f0, 0x000002e71f8b3a00,
0x000002e71fe96360, 0x000002e71fe97b70, 0x000002e71fabb200, 0x000002e71fabbba0,
0x000002e71ff33190, 0x000002e71fd88760, 0x000002e71fd87420, 0x000002e71fd878f0,
0x000002e71fd84da0, 0x000002e71db48850, 0x000002e71db48380, 0x000002e723f301e0,
0x000002e723f33200
}

Java Threads: ( => current thread )
  0x000002e77bc1c970 JavaThread "main" [_thread_blocked, id=10740, stack(0x000000e9ed500000,0x000000e9ed600000)]
  0x000002e71b094920 JavaThread "Reference Handler" daemon [_thread_blocked, id=12084, stack(0x000000e9edc00000,0x000000e9edd00000)]
  0x000002e71b098420 JavaThread "Finalizer" daemon [_thread_blocked, id=21416, stack(0x000000e9edd00000,0x000000e9ede00000)]
  0x000002e71b0b07c0 JavaThread "Signal Dispatcher" daemon [_thread_blocked, id=11084, stack(0x000000e9ede00000,0x000000e9edf00000)]
  0x000002e71b0b3190 JavaThread "Attach Listener" daemon [_thread_blocked, id=16316, stack(0x000000e9edf00000,0x000000e9ee000000)]
  0x000002e71b0b5b60 JavaThread "Service Thread" daemon [_thread_blocked, id=20600, stack(0x000000e9ee000000,0x000000e9ee100000)]
=>0x000002e71b0b6850 JavaThread "C2 CompilerThread0" daemon [_thread_in_native, id=4860, stack(0x000000e9ee100000,0x000000e9ee200000)]
  0x000002e71b0ce070 JavaThread "C1 CompilerThread0" daemon [_thread_blocked, id=13648, stack(0x000000e9ee200000,0x000000e9ee300000)]
  0x000002e71b0f6e60 JavaThread "Sweeper thread" daemon [_thread_blocked, id=9636, stack(0x000000e9ee300000,0x000000e9ee400000)]
  0x000002e71b0c0c70 JavaThread "Common-Cleaner" daemon [_thread_blocked, id=25148, stack(0x000000e9ee400000,0x000000e9ee500000)]
  0x000002e71bb81760 JavaThread "Notification Thread" daemon [_thread_blocked, id=15072, stack(0x000000e9ee500000,0x000000e9ee600000)]
  0x000002e71ccf7cb0 JavaThread "Daemon health stats" [_thread_blocked, id=14704, stack(0x000000e9ee700000,0x000000e9ee800000)]
  0x000002e71d44f820 JavaThread "Incoming local TCP Connector on port 61672" [_thread_in_native, id=14700, stack(0x000000e9eeb00000,0x000000e9eec00000)]
  0x000002e71cd88ea0 JavaThread "Daemon periodic checks" [_thread_blocked, id=11112, stack(0x000000e9eec00000,0x000000e9eed00000)]
  0x000002e71d467e50 JavaThread "Cache worker for journal cache (C:\Users\qkdlf\.gradle\caches\journal-1)" [_thread_blocked, id=14912, stack(0x000000e9ef400000,0x000000e9ef500000)]
  0x000002e71d468320 JavaThread "File lock request listener" [_thread_in_native, id=8016, stack(0x000000e9ef500000,0x000000e9ef600000)]
  0x000002e71d469b30 JavaThread "Cache worker for file hash cache (C:\Users\qkdlf\.gradle\caches\8.2.1\fileHashes)" [_thread_blocked, id=12396, stack(0x000000e9ef600000,0x000000e9ef700000)]
  0x000002e71fd88290 JavaThread "File watcher server" daemon [_thread_in_native, id=18056, stack(0x000000e9ef700000,0x000000e9ef800000)]
  0x000002e71fd86f50 JavaThread "File watcher consumer" daemon [_thread_blocked, id=17388, stack(0x000000e9ef800000,0x000000e9ef900000)]
  0x000002e71fd84400 JavaThread "jar transforms" [_thread_blocked, id=3140, stack(0x000000e9efa00000,0x000000e9efb00000)]
  0x000002e71fd85c10 JavaThread "jar transforms Thread 2" [_thread_blocked, id=21404, stack(0x000000e9efb00000,0x000000e9efc00000)]
  0x000002e71fd860e0 JavaThread "jar transforms Thread 3" [_thread_blocked, id=24844, stack(0x000000e9efc00000,0x000000e9efd00000)]
  0x000002e71fd8b2b0 JavaThread "jar transforms Thread 4" [_thread_blocked, id=21580, stack(0x000000e9efd00000,0x000000e9efe00000)]
  0x000002e71e32aa10 JavaThread "Cache worker for file content cache (C:\Users\qkdlf\.gradle\caches\8.2.1\fileContent)" [_thread_blocked, id=16504, stack(0x000000e9eff00000,0x000000e9f0000000)]
  0x000002e71ff344d0 JavaThread "Cache worker for execution history cache (C:\Users\qkdlf\.gradle\caches\8.2.1\executionHistory)" [_thread_blocked, id=22220, stack(0x000000e9f0200000,0x000000e9f0300000)]
  0x000002e71ff34e70 JavaThread "Memory manager" [_thread_blocked, id=24284, stack(0x000000e9f0b00000,0x000000e9f0c00000)]
  0x000002e71df5ab10 JavaThread "Daemon Thread 2" [_thread_blocked, id=22664, stack(0x000000e9ed200000,0x000000e9ed300000)]
  0x000002e71df5a640 JavaThread "Handler for socket connection from /127.0.0.1:61672 to /127.0.0.1:64765" [_thread_in_native, id=5984, stack(0x000000e9ed300000,0x000000e9ed400000)]
  0x000002e71df5b980 JavaThread "Cancel handler" [_thread_blocked, id=14836, stack(0x000000e9ed400000,0x000000e9ed500000)]
  0x000002e71df5c7f0 JavaThread "Daemon worker Thread 2" [_thread_in_vm, id=3684, stack(0x000000e9eed00000,0x000000e9eee00000)]
  0x000002e71df5b4b0 JavaThread "Asynchronous log dispatcher for DefaultDaemonConnection: socket connection from /127.0.0.1:61672 to /127.0.0.1:64765" [_thread_blocked, id=23016, stack(0x000000e9eee00000,0x000000e9eef00000)]
  0x000002e71fabca10 JavaThread "Stdin handler" [_thread_blocked, id=11136, stack(0x000000e9eef00000,0x000000e9ef000000)]
  0x000002e71fabcee0 JavaThread "Daemon client event forwarder" [_thread_blocked, id=14108, stack(0x000000e9ef000000,0x000000e9ef100000)]
  0x000002e71f8b3ed0 JavaThread "Cache worker for checksums cache (C:\Users\qkdlf\Project\springBootProject\jpashop\.gradle\8.2.1\checksums)" [_thread_blocked, id=19352, stack(0x000000e9ef100000,0x000000e9ef200000)]
  0x000002e71f8b56e0 JavaThread "Cache worker for cache directory md-rule (C:\Users\qkdlf\.gradle\caches\8.2.1\md-rule)" [_thread_blocked, id=7248, stack(0x000000e9ef200000,0x000000e9ef300000)]
  0x000002e71fabd3b0 JavaThread "Cache worker for file hash cache (C:\Users\qkdlf\Project\springBootProject\jpashop\.gradle\8.2.1\fileHashes)" [_thread_blocked, id=17124, stack(0x000000e9ef300000,0x000000e9ef400000)]
  0x000002e7242340d0 JavaThread "Cache worker for cache directory md-supplier (C:\Users\qkdlf\.gradle\caches\8.2.1\md-supplier)" [_thread_blocked, id=21892, stack(0x000000e9ef900000,0x000000e9efa00000)]
  0x000002e71df5c320 JavaThread "Cache worker for dependencies-accessors (C:\Users\qkdlf\Project\springBootProject\jpashop\.gradle\8.2.1\dependencies-accessors)" [_thread_blocked, id=17856, stack(0x000000e9efe00000,0x000000e9eff00000)]
  0x000002e7242323f0 JavaThread "Cache worker for Build Output Cleanup Cache (C:\Users\qkdlf\Project\springBootProject\jpashop\.gradle\buildOutputCleanup)" [_thread_blocked, id=25428, stack(0x000000e9f0000000,0x000000e9f0100000)]
  0x000002e724233730 JavaThread "Unconstrained build operations" [_thread_blocked, id=6992, stack(0x000000e9f0100000,0x000000e9f0200000)]
  0x000002e724233c00 JavaThread "Unconstrained build operations Thread 2" [_thread_blocked, id=9504, stack(0x000000e9f0500000,0x000000e9f0600000)]
  0x000002e7242358e0 JavaThread "Unconstrained build operations Thread 3" [_thread_blocked, id=21104, stack(0x000000e9f0600000,0x000000e9f0700000)]
  0x000002e71faba390 JavaThread "included builds" [_thread_blocked, id=8300, stack(0x000000e9f0700000,0x000000e9f0800000)]
  0x000002e71f8b5bb0 JavaThread "Execution worker" [_thread_blocked, id=20896, stack(0x000000e9f0800000,0x000000e9f0900000)]
  0x000002e71f8b6080 JavaThread "Execution worker Thread 2" [_thread_blocked, id=14612, stack(0x000000e9f0900000,0x000000e9f0a00000)]
  0x000002e71f8b6a20 JavaThread "Execution worker Thread 3" [_thread_blocked, id=21220, stack(0x000000e9f0a00000,0x000000e9f0b00000)]
  0x000002e71faba860 JavaThread "Cache worker for execution history cache (C:\Users\qkdlf\Project\springBootProject\jpashop\.gradle\8.2.1\executionHistory)" [_thread_blocked, id=12960, stack(0x000000e9f0c00000,0x000000e9f0d00000)]
  0x000002e71f8b6550 JavaThread "idea-tooling-model-converter" [_thread_blocked, id=13388, stack(0x000000e9f0d00000,0x000000e9f0e00000)]
  0x000002e724234a70 JavaThread "Unconstrained build operations Thread 4" [_thread_blocked, id=12024, stack(0x000000e9f0e00000,0x000000e9f0f00000)]
  0x000002e724234f40 JavaThread "Unconstrained build operations Thread 5" [_thread_blocked, id=12376, stack(0x000000e9f0f00000,0x000000e9f1000000)]
  0x000002e724235410 JavaThread "Unconstrained build operations Thread 6" [_thread_blocked, id=22572, stack(0x000000e9f1000000,0x000000e9f1100000)]
  0x000002e71df597d0 JavaThread "Unconstrained build operations Thread 7" [_thread_blocked, id=24220, stack(0x000000e9f1100000,0x000000e9f1200000)]
  0x000002e71df58e30 JavaThread "Unconstrained build operations Thread 8" [_thread_blocked, id=5908, stack(0x000000e9f1200000,0x000000e9f1300000)]
  0x000002e71df59ca0 JavaThread "Unconstrained build operations Thread 9" [_thread_blocked, id=19068, stack(0x000000e9f1300000,0x000000e9f1400000)]
  0x000002e71df59300 JavaThread "Unconstrained build operations Thread 10" [_thread_blocked, id=23256, stack(0x000000e9f1400000,0x000000e9f1500000)]
  0x000002e71df5a170 JavaThread "Unconstrained build operations Thread 11" [_thread_blocked, id=4428, stack(0x000000e9f1500000,0x000000e9f1600000)]
  0x000002e71fe98510 JavaThread "Unconstrained build operations Thread 12" [_thread_blocked, id=11536, stack(0x000000e9f1600000,0x000000e9f1700000)]
  0x000002e71fabad30 JavaThread "Unconstrained build operations Thread 13" [_thread_blocked, id=18488, stack(0x000000e9f1700000,0x000000e9f1800000)]
  0x000002e71fe976a0 JavaThread "Unconstrained build operations Thread 14" [_thread_blocked, id=14132, stack(0x000000e9f1800000,0x000000e9f1900000)]
  0x000002e71f8b3530 JavaThread "Unconstrained build operations Thread 15" [_thread_blocked, id=19264, stack(0x000000e9f1900000,0x000000e9f1a00000)]
  0x000002e71f8b3060 JavaThread "Unconstrained build operations Thread 16" [_thread_blocked, id=22904, stack(0x000000e9f1a00000,0x000000e9f1b00000)]
  0x000002e724235db0 JavaThread "Unconstrained build operations Thread 17" [_thread_blocked, id=10804, stack(0x000000e9f1b00000,0x000000e9f1c00000)]
  0x000002e71ff327f0 JavaThread "Unconstrained build operations Thread 18" [_thread_blocked, id=3580, stack(0x000000e9f1c00000,0x000000e9f1d00000)]
  0x000002e71ff32320 JavaThread "Unconstrained build operations Thread 19" [_thread_blocked, id=15588, stack(0x000000e9f1d00000,0x000000e9f1e00000)]
  0x000002e71ff349a0 JavaThread "Unconstrained build operations Thread 20" [_thread_blocked, id=12920, stack(0x000000e9f1e00000,0x000000e9f1f00000)]
  0x000002e71ff35340 JavaThread "Unconstrained build operations Thread 21" [_thread_blocked, id=1172, stack(0x000000e9f1f00000,0x000000e9f2000000)]
  0x000002e71ff31980 JavaThread "Unconstrained build operations Thread 22" [_thread_blocked, id=6172, stack(0x000000e9f2000000,0x000000e9f2100000)]
  0x000002e71ff32cc0 JavaThread "Unconstrained build operations Thread 23" [_thread_blocked, id=22412, stack(0x000000e9f2100000,0x000000e9f2200000)]
  0x000002e71ff34000 JavaThread "Unconstrained build operations Thread 24" [_thread_blocked, id=25144, stack(0x000000e9f2200000,0x000000e9f2300000)]
  0x000002e71fab9ec0 JavaThread "Unconstrained build operations Thread 25" [_thread_blocked, id=14544, stack(0x000000e9f2300000,0x000000e9f2400000)]
  0x000002e71fab99f0 JavaThread "Unconstrained build operations Thread 26" [_thread_blocked, id=22848, stack(0x000000e9f2400000,0x000000e9f2500000)]
  0x000002e71f8b3a00 JavaThread "Unconstrained build operations Thread 27" [_thread_blocked, id=21572, stack(0x000000e9f2500000,0x000000e9f2600000)]
  0x000002e71fe96360 JavaThread "Unconstrained build operations Thread 28" [_thread_blocked, id=17160, stack(0x000000e9f2600000,0x000000e9f2700000)]
  0x000002e71fe97b70 JavaThread "Unconstrained build operations Thread 29" [_thread_blocked, id=24244, stack(0x000000e9f2700000,0x000000e9f2800000)]
  0x000002e71fabb200 JavaThread "Unconstrained build operations Thread 30" [_thread_blocked, id=22896, stack(0x000000e9f2800000,0x000000e9f2900000)]
  0x000002e71fabbba0 JavaThread "Unconstrained build operations Thread 31" [_thread_blocked, id=10912, stack(0x000000e9f2900000,0x000000e9f2a00000)]
  0x000002e71ff33190 JavaThread "Unconstrained build operations Thread 32" [_thread_blocked, id=25384, stack(0x000000e9f2a00000,0x000000e9f2b00000)]
  0x000002e71fd88760 JavaThread "Unconstrained build operations Thread 33" [_thread_blocked, id=23364, stack(0x000000e9f2b00000,0x000000e9f2c00000)]
  0x000002e71fd87420 JavaThread "Unconstrained build operations Thread 34" [_thread_blocked, id=11480, stack(0x000000e9f2c00000,0x000000e9f2d00000)]
  0x000002e71fd878f0 JavaThread "Unconstrained build operations Thread 35" [_thread_blocked, id=19936, stack(0x000000e9f2d00000,0x000000e9f2e00000)]
  0x000002e71fd84da0 JavaThread "Unconstrained build operations Thread 36" [_thread_blocked, id=10580, stack(0x000000e9f2e00000,0x000000e9f2f00000)]
  0x000002e71db48850 JavaThread "Unconstrained build operations Thread 37" [_thread_blocked, id=1204, stack(0x000000e9f2f00000,0x000000e9f3000000)]
  0x000002e71db48380 JavaThread "Unconstrained build operations Thread 38" [_thread_blocked, id=20472, stack(0x000000e9f3000000,0x000000e9f3100000)]
  0x000002e723f301e0 JavaThread "Unconstrained build operations Thread 39" [_thread_blocked, id=19960, stack(0x000000e9f3100000,0x000000e9f3200000)]
  0x000002e723f33200 JavaThread "Unconstrained build operations Thread 40" [_thread_blocked, id=19244, stack(0x000000e9f3200000,0x000000e9f3300000)]

Other Threads:
  0x000002e71b08d170 VMThread "VM Thread" [stack: 0x000000e9edb00000,0x000000e9edc00000] [id=1492]
  0x000002e71bb836e0 WatcherThread [stack: 0x000000e9ee600000,0x000000e9ee700000] [id=17752]
  0x000002e77bc41450 GCTaskThread "GC Thread#0" [stack: 0x000000e9ed600000,0x000000e9ed700000] [id=17708]
  0x000002e71c399640 GCTaskThread "GC Thread#1" [stack: 0x000000e9ee800000,0x000000e9ee900000] [id=3504]
  0x000002e71c399ca0 GCTaskThread "GC Thread#2" [stack: 0x000000e9ee900000,0x000000e9eea00000] [id=7744]
  0x000002e71c39a300 GCTaskThread "GC Thread#3" [stack: 0x000000e9eea00000,0x000000e9eeb00000] [id=20824]
  0x000002e77bc474c0 ConcurrentGCThread "G1 Main Marker" [stack: 0x000000e9ed700000,0x000000e9ed800000] [id=7556]
  0x000002e77bc47fc0 ConcurrentGCThread "G1 Conc#0" [stack: 0x000000e9ed800000,0x000000e9ed900000] [id=19476]
  0x000002e77bb9ec70 ConcurrentGCThread "G1 Refine#0" [stack: 0x000000e9ed900000,0x000000e9eda00000] [id=24088]
  0x000002e71d5b5f80 ConcurrentGCThread "G1 Refine#1" [stack: 0x000000e9f0300000,0x000000e9f0400000] [id=25536]
  0x000002e71d5b47e0 ConcurrentGCThread "G1 Refine#2" [stack: 0x000000e9f0400000,0x000000e9f0500000] [id=8960]
  0x000002e72387d010 ConcurrentGCThread "G1 Refine#3" [stack: 0x000000e9f3300000,0x000000e9f3400000] [id=24916]
  0x000002e77bced220 ConcurrentGCThread "G1 Young RemSet Sampling" [stack: 0x000000e9eda00000,0x000000e9edb00000] [id=960]

Threads with active compile tasks:
C2 CompilerThread0  2956224 13590       4       java.lang.reflect.Method::toGenericString (12 bytes)

VM state: not at safepoint (normal execution)

VM Mutex/Monitor currently owned by a thread: None

Heap address: 0x00000000e0000000, size: 512 MB, Compressed Oops mode: 32-bit
CDS archive(s) mapped at: [0x0000000800000000-0x0000000800b50000-0x0000000800b50000), size 11862016, SharedBaseAddress: 0x0000000800000000, ArchiveRelocationMode: 0.
Compressed class space mapped at: 0x0000000800b50000-0x0000000818350000, size: 394264576
Narrow klass base: 0x0000000800000000, Narrow klass shift: 3, Narrow klass range: 0x100000000

GC Precious Log:
 CPUs: 4 total, 4 available
 Memory: 8072M
 Large Page Support: Disabled
 NUMA Support: Disabled
 Compressed Oops: Enabled (32-bit)
 Heap Region Size: 1M
 Heap Min Capacity: 256M
 Heap Initial Capacity: 256M
 Heap Max Capacity: 512M
 Pre-touch: Disabled
 Parallel Workers: 4
 Concurrent Workers: 1
 Concurrent Refinement Workers: 4
 Periodic GC: Disabled

Heap:
 garbage-first heap   total 307200K, used 228643K [0x00000000e0000000, 0x0000000100000000)
  region size 1024K, 61 young (62464K), 7 survivors (7168K)
 Metaspace       used 86553K, capacity 88273K, committed 89008K, reserved 462848K
  class space    used 11075K, capacity 11566K, committed 11776K, reserved 385024K

Heap Regions: E=young(eden), S=young(survivor), O=old, HS=humongous(starts), HC=humongous(continues), CS=collection set, F=free, OA=open archive, CA=closed archive, TAMS=top-at-mark-start (previous, next)
|   0|0x00000000e0000000, 0x00000000e0100000, 0x00000000e0100000|100%| O|  |TAMS 0x00000000e0100000, 0x00000000e0000000| Untracked 
|   1|0x00000000e0100000, 0x00000000e0200000, 0x00000000e0200000|100%| O|  |TAMS 0x00000000e0200000, 0x00000000e0100000| Untracked 
|   2|0x00000000e0200000, 0x00000000e0300000, 0x00000000e0300000|100%|HS|  |TAMS 0x00000000e0300000, 0x00000000e0200000| Complete 
|   3|0x00000000e0300000, 0x00000000e0400000, 0x00000000e0400000|100%|HC|  |TAMS 0x00000000e0400000, 0x00000000e0300000| Complete 
|   4|0x00000000e0400000, 0x00000000e0500000, 0x00000000e0500000|100%|HC|  |TAMS 0x00000000e0500000, 0x00000000e0400000| Complete 
|   5|0x00000000e0500000, 0x00000000e0600000, 0x00000000e0600000|100%|HC|  |TAMS 0x00000000e0600000, 0x00000000e0500000| Complete 
|   6|0x00000000e0600000, 0x00000000e0700000, 0x00000000e0700000|100%| O|  |TAMS 0x00000000e0700000, 0x00000000e0600000| Untracked 
|   7|0x00000000e0700000, 0x00000000e0800000, 0x00000000e0800000|100%| O|  |TAMS 0x00000000e0800000, 0x00000000e0700000| Untracked 
|   8|0x00000000e0800000, 0x00000000e0900000, 0x00000000e0900000|100%| O|  |TAMS 0x00000000e0900000, 0x00000000e0800000| Untracked 
|   9|0x00000000e0900000, 0x00000000e0a00000, 0x00000000e0a00000|100%| O|  |TAMS 0x00000000e0a00000, 0x00000000e0900000| Untracked 
|  10|0x00000000e0a00000, 0x00000000e0b00000, 0x00000000e0b00000|100%| O|  |TAMS 0x00000000e0b00000, 0x00000000e0a00000| Untracked 
|  11|0x00000000e0b00000, 0x00000000e0c00000, 0x00000000e0c00000|100%| O|  |TAMS 0x00000000e0c00000, 0x00000000e0b00000| Untracked 
|  12|0x00000000e0c00000, 0x00000000e0d00000, 0x00000000e0d00000|100%|HS|  |TAMS 0x00000000e0d00000, 0x00000000e0c00000| Complete 
|  13|0x00000000e0d00000, 0x00000000e0e00000, 0x00000000e0e00000|100%|HS|  |TAMS 0x00000000e0e00000, 0x00000000e0d00000| Complete 
|  14|0x00000000e0e00000, 0x00000000e0f00000, 0x00000000e0f00000|100%|HC|  |TAMS 0x00000000e0f00000, 0x00000000e0e00000| Complete 
|  15|0x00000000e0f00000, 0x00000000e1000000, 0x00000000e1000000|100%|HS|  |TAMS 0x00000000e1000000, 0x00000000e0f00000| Complete 
|  16|0x00000000e1000000, 0x00000000e1100000, 0x00000000e1100000|100%|HC|  |TAMS 0x00000000e1100000, 0x00000000e1000000| Complete 
|  17|0x00000000e1100000, 0x00000000e1200000, 0x00000000e1200000|100%|HC|  |TAMS 0x00000000e1200000, 0x00000000e1100000| Complete 
|  18|0x00000000e1200000, 0x00000000e1300000, 0x00000000e1300000|100%|HS|  |TAMS 0x00000000e1300000, 0x00000000e1200000| Complete 
|  19|0x00000000e1300000, 0x00000000e1400000, 0x00000000e1400000|100%|HC|  |TAMS 0x00000000e1400000, 0x00000000e1300000| Complete 
|  20|0x00000000e1400000, 0x00000000e1500000, 0x00000000e1500000|100%|HC|  |TAMS 0x00000000e1500000, 0x00000000e1400000| Complete 
|  21|0x00000000e1500000, 0x00000000e1600000, 0x00000000e1600000|100%|HC|  |TAMS 0x00000000e1600000, 0x00000000e1500000| Complete 
|  22|0x00000000e1600000, 0x00000000e1700000, 0x00000000e1700000|100%|HC|  |TAMS 0x00000000e1700000, 0x00000000e1600000| Complete 
|  23|0x00000000e1700000, 0x00000000e1800000, 0x00000000e1800000|100%|HC|  |TAMS 0x00000000e1800000, 0x00000000e1700000| Complete 
|  24|0x00000000e1800000, 0x00000000e1900000, 0x00000000e1900000|100%|HC|  |TAMS 0x00000000e1900000, 0x00000000e1800000| Complete 
|  25|0x00000000e1900000, 0x00000000e1a00000, 0x00000000e1a00000|100%|HS|  |TAMS 0x00000000e1a00000, 0x00000000e1900000| Complete 
|  26|0x00000000e1a00000, 0x00000000e1b00000, 0x00000000e1b00000|100%|HC|  |TAMS 0x00000000e1b00000, 0x00000000e1a00000| Complete 
|  27|0x00000000e1b00000, 0x00000000e1c00000, 0x00000000e1c00000|100%|HS|  |TAMS 0x00000000e1c00000, 0x00000000e1b00000| Complete 
|  28|0x00000000e1c00000, 0x00000000e1d00000, 0x00000000e1d00000|100%|HS|  |TAMS 0x00000000e1d00000, 0x00000000e1c00000| Complete 
|  29|0x00000000e1d00000, 0x00000000e1e00000, 0x00000000e1e00000|100%|HC|  |TAMS 0x00000000e1e00000, 0x00000000e1d00000| Complete 
|  30|0x00000000e1e00000, 0x00000000e1f00000, 0x00000000e1f00000|100%|HC|  |TAMS 0x00000000e1f00000, 0x00000000e1e00000| Complete 
|  31|0x00000000e1f00000, 0x00000000e2000000, 0x00000000e2000000|100%|HS|  |TAMS 0x00000000e2000000, 0x00000000e1f00000| Complete 
|  32|0x00000000e2000000, 0x00000000e2100000, 0x00000000e2100000|100%|HC|  |TAMS 0x00000000e2100000, 0x00000000e2000000| Complete 
|  33|0x00000000e2100000, 0x00000000e2200000, 0x00000000e2200000|100%|HC|  |TAMS 0x00000000e2200000, 0x00000000e2100000| Complete 
|  34|0x00000000e2200000, 0x00000000e2300000, 0x00000000e2300000|100%|HC|  |TAMS 0x00000000e2300000, 0x00000000e2200000| Complete 
|  35|0x00000000e2300000, 0x00000000e2400000, 0x00000000e2400000|100%|HC|  |TAMS 0x00000000e2400000, 0x00000000e2300000| Complete 
|  36|0x00000000e2400000, 0x00000000e2500000, 0x00000000e2500000|100%|HC|  |TAMS 0x00000000e2500000, 0x00000000e2400000| Complete 
|  37|0x00000000e2500000, 0x00000000e2600000, 0x00000000e2600000|100%|HC|  |TAMS 0x00000000e2600000, 0x00000000e2500000| Complete 
|  38|0x00000000e2600000, 0x00000000e2700000, 0x00000000e2700000|100%|HC|  |TAMS 0x00000000e2700000, 0x00000000e2600000| Complete 
|  39|0x00000000e2700000, 0x00000000e2800000, 0x00000000e2800000|100%|HC|  |TAMS 0x00000000e2800000, 0x00000000e2700000| Complete 
|  40|0x00000000e2800000, 0x00000000e2900000, 0x00000000e2900000|100%|HC|  |TAMS 0x00000000e2900000, 0x00000000e2800000| Complete 
|  41|0x00000000e2900000, 0x00000000e2a00000, 0x00000000e2a00000|100%|HC|  |TAMS 0x00000000e2a00000, 0x00000000e2900000| Complete 
|  42|0x00000000e2a00000, 0x00000000e2b00000, 0x00000000e2b00000|100%|HS|  |TAMS 0x00000000e2b00000, 0x00000000e2a00000| Complete 
|  43|0x00000000e2b00000, 0x00000000e2c00000, 0x00000000e2c00000|100%|HC|  |TAMS 0x00000000e2c00000, 0x00000000e2b00000| Complete 
|  44|0x00000000e2c00000, 0x00000000e2d00000, 0x00000000e2d00000|100%|HS|  |TAMS 0x00000000e2d00000, 0x00000000e2c00000| Complete 
|  45|0x00000000e2d00000, 0x00000000e2e00000, 0x00000000e2e00000|100%|HC|  |TAMS 0x00000000e2e00000, 0x00000000e2d00000| Complete 
|  46|0x00000000e2e00000, 0x00000000e2f00000, 0x00000000e2f00000|100%|HC|  |TAMS 0x00000000e2f00000, 0x00000000e2e00000| Complete 
|  47|0x00000000e2f00000, 0x00000000e3000000, 0x00000000e3000000|100%|HS|  |TAMS 0x00000000e3000000, 0x00000000e2f00000| Complete 
|  48|0x00000000e3000000, 0x00000000e3100000, 0x00000000e3100000|100%|HC|  |TAMS 0x00000000e3100000, 0x00000000e3000000| Complete 
|  49|0x00000000e3100000, 0x00000000e3200000, 0x00000000e3200000|100%| O|  |TAMS 0x00000000e3200000, 0x00000000e3100000| Untracked 
|  50|0x00000000e3200000, 0x00000000e3300000, 0x00000000e3300000|100%| O|  |TAMS 0x00000000e3300000, 0x00000000e3200000| Untracked 
|  51|0x00000000e3300000, 0x00000000e3400000, 0x00000000e3400000|100%| O|  |TAMS 0x00000000e3400000, 0x00000000e3300000| Untracked 
|  52|0x00000000e3400000, 0x00000000e3500000, 0x00000000e3500000|100%| O|  |TAMS 0x00000000e3500000, 0x00000000e3400000| Untracked 
|  53|0x00000000e3500000, 0x00000000e3600000, 0x00000000e3600000|100%| O|  |TAMS 0x00000000e3600000, 0x00000000e3500000| Untracked 
|  54|0x00000000e3600000, 0x00000000e3700000, 0x00000000e3700000|100%| O|  |TAMS 0x00000000e3700000, 0x00000000e3600000| Untracked 
|  55|0x00000000e3700000, 0x00000000e3800000, 0x00000000e3800000|100%| O|  |TAMS 0x00000000e3800000, 0x00000000e3700000| Untracked 
|  56|0x00000000e3800000, 0x00000000e3900000, 0x00000000e3900000|100%| O|  |TAMS 0x00000000e3900000, 0x00000000e3800000| Untracked 
|  57|0x00000000e3900000, 0x00000000e3a00000, 0x00000000e3a00000|100%| O|  |TAMS 0x00000000e3a00000, 0x00000000e3900000| Untracked 
|  58|0x00000000e3a00000, 0x00000000e3b00000, 0x00000000e3b00000|100%| O|  |TAMS 0x00000000e3b00000, 0x00000000e3a00000| Untracked 
|  59|0x00000000e3b00000, 0x00000000e3c00000, 0x00000000e3c00000|100%| O|  |TAMS 0x00000000e3c00000, 0x00000000e3b00000| Untracked 
|  60|0x00000000e3c00000, 0x00000000e3d00000, 0x00000000e3d00000|100%|HS|  |TAMS 0x00000000e3d00000, 0x00000000e3c00000| Complete 
|  61|0x00000000e3d00000, 0x00000000e3e00000, 0x00000000e3e00000|100%|HC|  |TAMS 0x00000000e3e00000, 0x00000000e3d00000| Complete 
|  62|0x00000000e3e00000, 0x00000000e3f00000, 0x00000000e3f00000|100%|HC|  |TAMS 0x00000000e3f00000, 0x00000000e3e00000| Complete 
|  63|0x00000000e3f00000, 0x00000000e4000000, 0x00000000e4000000|100%|HS|  |TAMS 0x00000000e4000000, 0x00000000e3f00000| Complete 
|  64|0x00000000e4000000, 0x00000000e4100000, 0x00000000e4100000|100%|HC|  |TAMS 0x00000000e4100000, 0x00000000e4000000| Complete 
|  65|0x00000000e4100000, 0x00000000e4200000, 0x00000000e4200000|100%|HC|  |TAMS 0x00000000e4200000, 0x00000000e4100000| Complete 
|  66|0x00000000e4200000, 0x00000000e4300000, 0x00000000e4300000|100%|HC|  |TAMS 0x00000000e4300000, 0x00000000e4200000| Complete 
|  67|0x00000000e4300000, 0x00000000e4400000, 0x00000000e4400000|100%|HC|  |TAMS 0x00000000e4400000, 0x00000000e4300000| Complete 
|  68|0x00000000e4400000, 0x00000000e4500000, 0x00000000e4500000|100%|HC|  |TAMS 0x00000000e4500000, 0x00000000e4400000| Complete 
|  69|0x00000000e4500000, 0x00000000e4600000, 0x00000000e4600000|100%|HS|  |TAMS 0x00000000e4600000, 0x00000000e4500000| Complete 
|  70|0x00000000e4600000, 0x00000000e4700000, 0x00000000e4700000|100%| O|  |TAMS 0x00000000e4700000, 0x00000000e4600000| Untracked 
|  71|0x00000000e4700000, 0x00000000e4800000, 0x00000000e4800000|100%| O|  |TAMS 0x00000000e4800000, 0x00000000e4700000| Untracked 
|  72|0x00000000e4800000, 0x00000000e4900000, 0x00000000e4900000|100%| O|  |TAMS 0x00000000e4900000, 0x00000000e4800000| Untracked 
|  73|0x00000000e4900000, 0x00000000e4a00000, 0x00000000e4a00000|100%| O|  |TAMS 0x00000000e4a00000, 0x00000000e4900000| Untracked 
|  74|0x00000000e4a00000, 0x00000000e4b00000, 0x00000000e4b00000|100%| O|  |TAMS 0x00000000e4b00000, 0x00000000e4a00000| Untracked 
|  75|0x00000000e4b00000, 0x00000000e4c00000, 0x00000000e4c00000|100%| O|  |TAMS 0x00000000e4c00000, 0x00000000e4b00000| Untracked 
|  76|0x00000000e4c00000, 0x00000000e4d00000, 0x00000000e4d00000|100%| O|  |TAMS 0x00000000e4d00000, 0x00000000e4c00000| Untracked 
|  77|0x00000000e4d00000, 0x00000000e4e00000, 0x00000000e4e00000|100%| O|  |TAMS 0x00000000e4e00000, 0x00000000e4d00000| Untracked 
|  78|0x00000000e4e00000, 0x00000000e4f00000, 0x00000000e4f00000|100%| O|  |TAMS 0x00000000e4f00000, 0x00000000e4e00000| Untracked 
|  79|0x00000000e4f00000, 0x00000000e5000000, 0x00000000e5000000|100%|HS|  |TAMS 0x00000000e5000000, 0x00000000e4f00000| Complete 
|  80|0x00000000e5000000, 0x00000000e5100000, 0x00000000e5100000|100%|HC|  |TAMS 0x00000000e5100000, 0x00000000e5000000| Complete 
|  81|0x00000000e5100000, 0x00000000e5200000, 0x00000000e5200000|100%|HC|  |TAMS 0x00000000e5200000, 0x00000000e5100000| Complete 
|  82|0x00000000e5200000, 0x00000000e5300000, 0x00000000e5300000|100%|HS|  |TAMS 0x00000000e5300000, 0x00000000e5200000| Complete 
|  83|0x00000000e5300000, 0x00000000e5400000, 0x00000000e5400000|100%|HC|  |TAMS 0x00000000e5400000, 0x00000000e5300000| Complete 
|  84|0x00000000e5400000, 0x00000000e5500000, 0x00000000e5500000|100%|HC|  |TAMS 0x00000000e5500000, 0x00000000e5400000| Complete 
|  85|0x00000000e5500000, 0x00000000e5600000, 0x00000000e5600000|100%|HC|  |TAMS 0x00000000e5600000, 0x00000000e5500000| Complete 
|  86|0x00000000e5600000, 0x00000000e5700000, 0x00000000e5700000|100%|HC|  |TAMS 0x00000000e5700000, 0x00000000e5600000| Complete 
|  87|0x00000000e5700000, 0x00000000e5800000, 0x00000000e5800000|100%|HC|  |TAMS 0x00000000e5800000, 0x00000000e5700000| Complete 
|  88|0x00000000e5800000, 0x00000000e5900000, 0x00000000e5900000|100%|HC|  |TAMS 0x00000000e5900000, 0x00000000e5800000| Complete 
|  89|0x00000000e5900000, 0x00000000e5a00000, 0x00000000e5a00000|100%|HS|  |TAMS 0x00000000e5a00000, 0x00000000e5900000| Complete 
|  90|0x00000000e5a00000, 0x00000000e5b00000, 0x00000000e5b00000|100%|HS|  |TAMS 0x00000000e5b00000, 0x00000000e5a00000| Complete 
|  91|0x00000000e5b00000, 0x00000000e5c00000, 0x00000000e5c00000|100%|HC|  |TAMS 0x00000000e5c00000, 0x00000000e5b00000| Complete 
|  92|0x00000000e5c00000, 0x00000000e5d00000, 0x00000000e5d00000|100%|HS|  |TAMS 0x00000000e5d00000, 0x00000000e5c00000| Complete 
|  93|0x00000000e5d00000, 0x00000000e5e00000, 0x00000000e5e00000|100%|HS|  |TAMS 0x00000000e5e00000, 0x00000000e5d00000| Complete 
|  94|0x00000000e5e00000, 0x00000000e5f00000, 0x00000000e5f00000|100%|HC|  |TAMS 0x00000000e5f00000, 0x00000000e5e00000| Complete 
|  95|0x00000000e5f00000, 0x00000000e6000000, 0x00000000e6000000|100%|HC|  |TAMS 0x00000000e6000000, 0x00000000e5f00000| Complete 
|  96|0x00000000e6000000, 0x00000000e6100000, 0x00000000e6100000|100%|HS|  |TAMS 0x00000000e6100000, 0x00000000e6000000| Complete 
|  97|0x00000000e6100000, 0x00000000e6200000, 0x00000000e6200000|100%|HC|  |TAMS 0x00000000e6200000, 0x00000000e6100000| Complete 
|  98|0x00000000e6200000, 0x00000000e6300000, 0x00000000e6300000|100%|HC|  |TAMS 0x00000000e6300000, 0x00000000e6200000| Complete 
|  99|0x00000000e6300000, 0x00000000e6400000, 0x00000000e6400000|100%|HC|  |TAMS 0x00000000e6400000, 0x00000000e6300000| Complete 
| 100|0x00000000e6400000, 0x00000000e6500000, 0x00000000e6500000|100%|HC|  |TAMS 0x00000000e6500000, 0x00000000e6400000| Complete 
| 101|0x00000000e6500000, 0x00000000e6600000, 0x00000000e6600000|100%|HC|  |TAMS 0x00000000e6600000, 0x00000000e6500000| Complete 
| 102|0x00000000e6600000, 0x00000000e6700000, 0x00000000e6700000|100%|HC|  |TAMS 0x00000000e6700000, 0x00000000e6600000| Complete 
| 103|0x00000000e6700000, 0x00000000e6800000, 0x00000000e6800000|100%|HC|  |TAMS 0x00000000e6800000, 0x00000000e6700000| Complete 
| 104|0x00000000e6800000, 0x00000000e6900000, 0x00000000e6900000|100%|HC|  |TAMS 0x00000000e6900000, 0x00000000e6800000| Complete 
| 105|0x00000000e6900000, 0x00000000e6a00000, 0x00000000e6a00000|100%|HC|  |TAMS 0x00000000e6a00000, 0x00000000e6900000| Complete 
| 106|0x00000000e6a00000, 0x00000000e6b00000, 0x00000000e6b00000|100%|HC|  |TAMS 0x00000000e6b00000, 0x00000000e6a00000| Complete 
| 107|0x00000000e6b00000, 0x00000000e6c00000, 0x00000000e6c00000|100%|HS|  |TAMS 0x00000000e6c00000, 0x00000000e6b00000| Complete 
| 108|0x00000000e6c00000, 0x00000000e6d00000, 0x00000000e6d00000|100%|HC|  |TAMS 0x00000000e6d00000, 0x00000000e6c00000| Complete 
| 109|0x00000000e6d00000, 0x00000000e6e00000, 0x00000000e6e00000|100%| O|  |TAMS 0x00000000e6e00000, 0x00000000e6d00000| Untracked 
| 110|0x00000000e6e00000, 0x00000000e6f00000, 0x00000000e6f00000|100%| O|  |TAMS 0x00000000e6f00000, 0x00000000e6e00000| Untracked 
| 111|0x00000000e6f00000, 0x00000000e7000000, 0x00000000e7000000|100%| O|  |TAMS 0x00000000e7000000, 0x00000000e6f00000| Untracked 
| 112|0x00000000e7000000, 0x00000000e7100000, 0x00000000e7100000|100%| O|  |TAMS 0x00000000e7100000, 0x00000000e7000000| Untracked 
| 113|0x00000000e7100000, 0x00000000e7200000, 0x00000000e7200000|100%| O|  |TAMS 0x00000000e7200000, 0x00000000e7100000| Untracked 
| 114|0x00000000e7200000, 0x00000000e7300000, 0x00000000e7300000|100%| O|  |TAMS 0x00000000e7300000, 0x00000000e7200000| Untracked 
| 115|0x00000000e7300000, 0x00000000e7400000, 0x00000000e7400000|100%| O|  |TAMS 0x00000000e7400000, 0x00000000e7300000| Untracked 
| 116|0x00000000e7400000, 0x00000000e7500000, 0x00000000e7500000|100%| O|  |TAMS 0x00000000e7500000, 0x00000000e7400000| Untracked 
| 117|0x00000000e7500000, 0x00000000e7600000, 0x00000000e7600000|100%| O|  |TAMS 0x00000000e7600000, 0x00000000e7500000| Untracked 
| 118|0x00000000e7600000, 0x00000000e7700000, 0x00000000e7700000|100%| O|  |TAMS 0x00000000e7700000, 0x00000000e7600000| Untracked 
| 119|0x00000000e7700000, 0x00000000e7800000, 0x00000000e7800000|100%| O|  |TAMS 0x00000000e7800000, 0x00000000e7700000| Untracked 
| 120|0x00000000e7800000, 0x00000000e7900000, 0x00000000e7900000|100%| O|  |TAMS 0x00000000e7900000, 0x00000000e7800000| Untracked 
| 121|0x00000000e7900000, 0x00000000e7a00000, 0x00000000e7a00000|100%| O|  |TAMS 0x00000000e7a00000, 0x00000000e7900000| Untracked 
| 122|0x00000000e7a00000, 0x00000000e7b00000, 0x00000000e7b00000|100%| O|  |TAMS 0x00000000e7b00000, 0x00000000e7a00000| Untracked 
| 123|0x00000000e7b00000, 0x00000000e7c00000, 0x00000000e7c00000|100%| O|  |TAMS 0x00000000e7c00000, 0x00000000e7b00000| Untracked 
| 124|0x00000000e7c00000, 0x00000000e7d00000, 0x00000000e7d00000|100%| O|  |TAMS 0x00000000e7d00000, 0x00000000e7c00000| Untracked 
| 125|0x00000000e7d00000, 0x00000000e7e00000, 0x00000000e7e00000|100%| O|  |TAMS 0x00000000e7e00000, 0x00000000e7d00000| Untracked 
| 126|0x00000000e7e00000, 0x00000000e7f00000, 0x00000000e7f00000|100%| O|  |TAMS 0x00000000e7f00000, 0x00000000e7e00000| Untracked 
| 127|0x00000000e7f00000, 0x00000000e8000000, 0x00000000e8000000|100%| O|  |TAMS 0x00000000e8000000, 0x00000000e7f00000| Untracked 
| 128|0x00000000e8000000, 0x00000000e8100000, 0x00000000e8100000|100%| O|  |TAMS 0x00000000e8100000, 0x00000000e8000000| Untracked 
| 129|0x00000000e8100000, 0x00000000e8200000, 0x00000000e8200000|100%|HS|  |TAMS 0x00000000e8200000, 0x00000000e8100000| Complete 
| 130|0x00000000e8200000, 0x00000000e8300000, 0x00000000e8300000|100%|HC|  |TAMS 0x00000000e8300000, 0x00000000e8200000| Complete 
| 131|0x00000000e8300000, 0x00000000e8400000, 0x00000000e8400000|100%|HC|  |TAMS 0x00000000e8400000, 0x00000000e8300000| Complete 
| 132|0x00000000e8400000, 0x00000000e8500000, 0x00000000e8500000|100%|HC|  |TAMS 0x00000000e8500000, 0x00000000e8400000| Complete 
| 133|0x00000000e8500000, 0x00000000e8600000, 0x00000000e8600000|100%|HC|  |TAMS 0x00000000e8600000, 0x00000000e8500000| Complete 
| 134|0x00000000e8600000, 0x00000000e8700000, 0x00000000e8700000|100%|HC|  |TAMS 0x00000000e8700000, 0x00000000e8600000| Complete 
| 135|0x00000000e8700000, 0x00000000e8800000, 0x00000000e8800000|100%|HC|  |TAMS 0x00000000e8800000, 0x00000000e8700000| Complete 
| 136|0x00000000e8800000, 0x00000000e8900000, 0x00000000e8900000|100%|HC|  |TAMS 0x00000000e8900000, 0x00000000e8800000| Complete 
| 137|0x00000000e8900000, 0x00000000e8a00000, 0x00000000e8a00000|100%|HC|  |TAMS 0x00000000e8a00000, 0x00000000e8900000| Complete 
| 138|0x00000000e8a00000, 0x00000000e8b00000, 0x00000000e8b00000|100%|HC|  |TAMS 0x00000000e8b00000, 0x00000000e8a00000| Complete 
| 139|0x00000000e8b00000, 0x00000000e8c00000, 0x00000000e8c00000|100%|HS|  |TAMS 0x00000000e8c00000, 0x00000000e8b00000| Complete 
| 140|0x00000000e8c00000, 0x00000000e8d00000, 0x00000000e8d00000|100%|HC|  |TAMS 0x00000000e8d00000, 0x00000000e8c00000| Complete 
| 141|0x00000000e8d00000, 0x00000000e8e00000, 0x00000000e8e00000|100%| O|  |TAMS 0x00000000e8e00000, 0x00000000e8d00000| Untracked 
| 142|0x00000000e8e00000, 0x00000000e8f00000, 0x00000000e8f00000|100%| O|  |TAMS 0x00000000e8f00000, 0x00000000e8e00000| Untracked 
| 143|0x00000000e8f00000, 0x00000000e9000000, 0x00000000e9000000|100%| O|  |TAMS 0x00000000e9000000, 0x00000000e8f00000| Untracked 
| 144|0x00000000e9000000, 0x00000000e9100000, 0x00000000e9100000|100%| O|  |TAMS 0x00000000e9100000, 0x00000000e9000000| Untracked 
| 145|0x00000000e9100000, 0x00000000e9200000, 0x00000000e9200000|100%| O|  |TAMS 0x00000000e9200000, 0x00000000e9100000| Untracked 
| 146|0x00000000e9200000, 0x00000000e9300000, 0x00000000e9300000|100%| O|  |TAMS 0x00000000e9300000, 0x00000000e9200000| Untracked 
| 147|0x00000000e9300000, 0x00000000e9400000, 0x00000000e9400000|100%| O|  |TAMS 0x00000000e9400000, 0x00000000e9300000| Untracked 
| 148|0x00000000e9400000, 0x00000000e9500000, 0x00000000e9500000|100%| O|  |TAMS 0x00000000e9500000, 0x00000000e9400000| Untracked 
| 149|0x00000000e9500000, 0x00000000e9600000, 0x00000000e9600000|100%| O|  |TAMS 0x00000000e9600000, 0x00000000e9500000| Untracked 
| 150|0x00000000e9600000, 0x00000000e9700000, 0x00000000e9700000|100%| O|  |TAMS 0x00000000e9700000, 0x00000000e9600000| Untracked 
| 151|0x00000000e9700000, 0x00000000e9800000, 0x00000000e9800000|100%| O|  |TAMS 0x00000000e9800000, 0x00000000e9700000| Untracked 
| 152|0x00000000e9800000, 0x00000000e9900000, 0x00000000e9900000|100%| O|  |TAMS 0x00000000e9900000, 0x00000000e9800000| Untracked 
| 153|0x00000000e9900000, 0x00000000e9a00000, 0x00000000e9a00000|100%| O|  |TAMS 0x00000000e9a00000, 0x00000000e9900000| Untracked 
| 154|0x00000000e9a00000, 0x00000000e9b00000, 0x00000000e9b00000|100%| O|  |TAMS 0x00000000e9b00000, 0x00000000e9a00000| Untracked 
| 155|0x00000000e9b00000, 0x00000000e9c00000, 0x00000000e9c00000|100%| O|  |TAMS 0x00000000e9c00000, 0x00000000e9b00000| Untracked 
| 156|0x00000000e9c00000, 0x00000000e9d00000, 0x00000000e9d00000|100%| O|  |TAMS 0x00000000e9d00000, 0x00000000e9c00000| Untracked 
| 157|0x00000000e9d00000, 0x00000000e9e00000, 0x00000000e9e00000|100%| O|  |TAMS 0x00000000e9e00000, 0x00000000e9d00000| Untracked 
| 158|0x00000000e9e00000, 0x00000000e9f00000, 0x00000000e9f00000|100%| O|  |TAMS 0x00000000e9f00000, 0x00000000e9e00000| Untracked 
| 159|0x00000000e9f00000, 0x00000000ea000000, 0x00000000ea000000|100%| O|  |TAMS 0x00000000ea000000, 0x00000000e9f00000| Untracked 
| 160|0x00000000ea000000, 0x00000000ea100000, 0x00000000ea100000|100%| O|  |TAMS 0x00000000ea100000, 0x00000000ea000000| Untracked 
| 161|0x00000000ea100000, 0x00000000ea200000, 0x00000000ea200000|100%| O|  |TAMS 0x00000000ea200000, 0x00000000ea100000| Untracked 
| 162|0x00000000ea200000, 0x00000000ea300000, 0x00000000ea300000|100%| O|  |TAMS 0x00000000ea300000, 0x00000000ea200000| Untracked 
| 163|0x00000000ea300000, 0x00000000ea376200, 0x00000000ea400000| 46%| O|  |TAMS 0x00000000ea376200, 0x00000000ea300000| Untracked 
| 164|0x00000000ea400000, 0x00000000ea400000, 0x00000000ea500000|  0%| F|  |TAMS 0x00000000ea400000, 0x00000000ea400000| Untracked 
| 165|0x00000000ea500000, 0x00000000ea500000, 0x00000000ea600000|  0%| F|  |TAMS 0x00000000ea500000, 0x00000000ea500000| Untracked 
| 166|0x00000000ea600000, 0x00000000ea600000, 0x00000000ea700000|  0%| F|  |TAMS 0x00000000ea600000, 0x00000000ea600000| Untracked 
| 167|0x00000000ea700000, 0x00000000ea700000, 0x00000000ea800000|  0%| F|  |TAMS 0x00000000ea700000, 0x00000000ea700000| Untracked 
| 168|0x00000000ea800000, 0x00000000ea800000, 0x00000000ea900000|  0%| F|  |TAMS 0x00000000ea800000, 0x00000000ea800000| Untracked 
| 169|0x00000000ea900000, 0x00000000ea900000, 0x00000000eaa00000|  0%| F|  |TAMS 0x00000000ea900000, 0x00000000ea900000| Untracked 
| 170|0x00000000eaa00000, 0x00000000eaa00000, 0x00000000eab00000|  0%| F|  |TAMS 0x00000000eaa00000, 0x00000000eaa00000| Untracked 
| 171|0x00000000eab00000, 0x00000000eab00000, 0x00000000eac00000|  0%| F|  |TAMS 0x00000000eab00000, 0x00000000eab00000| Untracked 
| 172|0x00000000eac00000, 0x00000000eac00000, 0x00000000ead00000|  0%| F|  |TAMS 0x00000000eac00000, 0x00000000eac00000| Untracked 
| 173|0x00000000ead00000, 0x00000000ead00000, 0x00000000eae00000|  0%| F|  |TAMS 0x00000000ead00000, 0x00000000ead00000| Untracked 
| 174|0x00000000eae00000, 0x00000000eae00000, 0x00000000eaf00000|  0%| F|  |TAMS 0x00000000eae00000, 0x00000000eae00000| Untracked 
| 175|0x00000000eaf00000, 0x00000000eaf00000, 0x00000000eb000000|  0%| F|  |TAMS 0x00000000eaf00000, 0x00000000eaf00000| Untracked 
| 176|0x00000000eb000000, 0x00000000eb000000, 0x00000000eb100000|  0%| F|  |TAMS 0x00000000eb000000, 0x00000000eb000000| Untracked 
| 177|0x00000000eb100000, 0x00000000eb100000, 0x00000000eb200000|  0%| F|  |TAMS 0x00000000eb100000, 0x00000000eb100000| Untracked 
| 178|0x00000000eb200000, 0x00000000eb200000, 0x00000000eb300000|  0%| F|  |TAMS 0x00000000eb200000, 0x00000000eb200000| Untracked 
| 179|0x00000000eb300000, 0x00000000eb300000, 0x00000000eb400000|  0%| F|  |TAMS 0x00000000eb300000, 0x00000000eb300000| Untracked 
| 180|0x00000000eb400000, 0x00000000eb400000, 0x00000000eb500000|  0%| F|  |TAMS 0x00000000eb400000, 0x00000000eb400000| Untracked 
| 181|0x00000000eb500000, 0x00000000eb500000, 0x00000000eb600000|  0%| F|  |TAMS 0x00000000eb500000, 0x00000000eb500000| Untracked 
| 182|0x00000000eb600000, 0x00000000eb600000, 0x00000000eb700000|  0%| F|  |TAMS 0x00000000eb600000, 0x00000000eb600000| Untracked 
| 183|0x00000000eb700000, 0x00000000eb700000, 0x00000000eb800000|  0%| F|  |TAMS 0x00000000eb700000, 0x00000000eb700000| Untracked 
| 184|0x00000000eb800000, 0x00000000eb800000, 0x00000000eb900000|  0%| F|  |TAMS 0x00000000eb800000, 0x00000000eb800000| Untracked 
| 185|0x00000000eb900000, 0x00000000eb900000, 0x00000000eba00000|  0%| F|  |TAMS 0x00000000eb900000, 0x00000000eb900000| Untracked 
| 186|0x00000000eba00000, 0x00000000eba00000, 0x00000000ebb00000|  0%| F|  |TAMS 0x00000000eba00000, 0x00000000eba00000| Untracked 
| 187|0x00000000ebb00000, 0x00000000ebb00000, 0x00000000ebc00000|  0%| F|  |TAMS 0x00000000ebb00000, 0x00000000ebb00000| Untracked 
| 188|0x00000000ebc00000, 0x00000000ebc00000, 0x00000000ebd00000|  0%| F|  |TAMS 0x00000000ebc00000, 0x00000000ebc00000| Untracked 
| 189|0x00000000ebd00000, 0x00000000ebd00000, 0x00000000ebe00000|  0%| F|  |TAMS 0x00000000ebd00000, 0x00000000ebd00000| Untracked 
| 190|0x00000000ebe00000, 0x00000000ebe00000, 0x00000000ebf00000|  0%| F|  |TAMS 0x00000000ebe00000, 0x00000000ebe00000| Untracked 
| 191|0x00000000ebf00000, 0x00000000ebf00000, 0x00000000ec000000|  0%| F|  |TAMS 0x00000000ebf00000, 0x00000000ebf00000| Untracked 
| 192|0x00000000ec000000, 0x00000000ec000000, 0x00000000ec100000|  0%| F|  |TAMS 0x00000000ec000000, 0x00000000ec000000| Untracked 
| 193|0x00000000ec100000, 0x00000000ec100000, 0x00000000ec200000|  0%| F|  |TAMS 0x00000000ec100000, 0x00000000ec100000| Untracked 
| 194|0x00000000ec200000, 0x00000000ec200000, 0x00000000ec300000|  0%| F|  |TAMS 0x00000000ec200000, 0x00000000ec200000| Untracked 
| 195|0x00000000ec300000, 0x00000000ec300000, 0x00000000ec400000|  0%| F|  |TAMS 0x00000000ec300000, 0x00000000ec300000| Untracked 
| 196|0x00000000ec400000, 0x00000000ec400000, 0x00000000ec500000|  0%| F|  |TAMS 0x00000000ec400000, 0x00000000ec400000| Untracked 
| 197|0x00000000ec500000, 0x00000000ec500000, 0x00000000ec600000|  0%| F|  |TAMS 0x00000000ec500000, 0x00000000ec500000| Untracked 
| 198|0x00000000ec600000, 0x00000000ec6d2a10, 0x00000000ec700000| 82%| S|CS|TAMS 0x00000000ec600000, 0x00000000ec600000| Complete 
| 199|0x00000000ec700000, 0x00000000ec800000, 0x00000000ec800000|100%| S|CS|TAMS 0x00000000ec700000, 0x00000000ec700000| Complete 
| 200|0x00000000ec800000, 0x00000000ec900000, 0x00000000ec900000|100%| S|CS|TAMS 0x00000000ec800000, 0x00000000ec800000| Complete 
| 201|0x00000000ec900000, 0x00000000eca00000, 0x00000000eca00000|100%| S|CS|TAMS 0x00000000ec900000, 0x00000000ec900000| Complete 
| 202|0x00000000eca00000, 0x00000000ecb00000, 0x00000000ecb00000|100%| S|CS|TAMS 0x00000000eca00000, 0x00000000eca00000| Complete 
| 203|0x00000000ecb00000, 0x00000000ecc00000, 0x00000000ecc00000|100%| S|CS|TAMS 0x00000000ecb00000, 0x00000000ecb00000| Complete 
| 204|0x00000000ecc00000, 0x00000000ecd00000, 0x00000000ecd00000|100%| S|CS|TAMS 0x00000000ecc00000, 0x00000000ecc00000| Complete 
| 205|0x00000000ecd00000, 0x00000000ecd00000, 0x00000000ece00000|  0%| F|  |TAMS 0x00000000ecd00000, 0x00000000ecd00000| Untracked 
| 206|0x00000000ece00000, 0x00000000ece00000, 0x00000000ecf00000|  0%| F|  |TAMS 0x00000000ece00000, 0x00000000ece00000| Untracked 
| 207|0x00000000ecf00000, 0x00000000ecf00000, 0x00000000ed000000|  0%| F|  |TAMS 0x00000000ecf00000, 0x00000000ecf00000| Untracked 
| 208|0x00000000ed000000, 0x00000000ed000000, 0x00000000ed100000|  0%| F|  |TAMS 0x00000000ed000000, 0x00000000ed000000| Untracked 
| 209|0x00000000ed100000, 0x00000000ed100000, 0x00000000ed200000|  0%| F|  |TAMS 0x00000000ed100000, 0x00000000ed100000| Untracked 
| 210|0x00000000ed200000, 0x00000000ed200000, 0x00000000ed300000|  0%| F|  |TAMS 0x00000000ed200000, 0x00000000ed200000| Untracked 
| 211|0x00000000ed300000, 0x00000000ed300000, 0x00000000ed400000|  0%| F|  |TAMS 0x00000000ed300000, 0x00000000ed300000| Untracked 
| 212|0x00000000ed400000, 0x00000000ed400000, 0x00000000ed500000|  0%| F|  |TAMS 0x00000000ed400000, 0x00000000ed400000| Untracked 
| 213|0x00000000ed500000, 0x00000000ed500000, 0x00000000ed600000|  0%| F|  |TAMS 0x00000000ed500000, 0x00000000ed500000| Untracked 
| 214|0x00000000ed600000, 0x00000000ed600000, 0x00000000ed700000|  0%| F|  |TAMS 0x00000000ed600000, 0x00000000ed600000| Untracked 
| 215|0x00000000ed700000, 0x00000000ed700000, 0x00000000ed800000|  0%| F|  |TAMS 0x00000000ed700000, 0x00000000ed700000| Untracked 
| 216|0x00000000ed800000, 0x00000000ed800000, 0x00000000ed900000|  0%| F|  |TAMS 0x00000000ed800000, 0x00000000ed800000| Untracked 
| 217|0x00000000ed900000, 0x00000000ed900000, 0x00000000eda00000|  0%| F|  |TAMS 0x00000000ed900000, 0x00000000ed900000| Untracked 
| 218|0x00000000eda00000, 0x00000000eda00000, 0x00000000edb00000|  0%| F|  |TAMS 0x00000000eda00000, 0x00000000eda00000| Untracked 
| 219|0x00000000edb00000, 0x00000000edb00000, 0x00000000edc00000|  0%| F|  |TAMS 0x00000000edb00000, 0x00000000edb00000| Untracked 
| 220|0x00000000edc00000, 0x00000000edc00000, 0x00000000edd00000|  0%| F|  |TAMS 0x00000000edc00000, 0x00000000edc00000| Untracked 
| 221|0x00000000edd00000, 0x00000000edd00000, 0x00000000ede00000|  0%| F|  |TAMS 0x00000000edd00000, 0x00000000edd00000| Untracked 
| 222|0x00000000ede00000, 0x00000000ede00000, 0x00000000edf00000|  0%| F|  |TAMS 0x00000000ede00000, 0x00000000ede00000| Untracked 
| 223|0x00000000edf00000, 0x00000000edf00000, 0x00000000ee000000|  0%| F|  |TAMS 0x00000000edf00000, 0x00000000edf00000| Untracked 
| 224|0x00000000ee000000, 0x00000000ee000000, 0x00000000ee100000|  0%| F|  |TAMS 0x00000000ee000000, 0x00000000ee000000| Untracked 
| 225|0x00000000ee100000, 0x00000000ee100000, 0x00000000ee200000|  0%| F|  |TAMS 0x00000000ee100000, 0x00000000ee100000| Untracked 
| 226|0x00000000ee200000, 0x00000000ee200000, 0x00000000ee300000|  0%| F|  |TAMS 0x00000000ee200000, 0x00000000ee200000| Untracked 
| 227|0x00000000ee300000, 0x00000000ee300000, 0x00000000ee400000|  0%| F|  |TAMS 0x00000000ee300000, 0x00000000ee300000| Untracked 
| 228|0x00000000ee400000, 0x00000000ee400000, 0x00000000ee500000|  0%| F|  |TAMS 0x00000000ee400000, 0x00000000ee400000| Untracked 
| 229|0x00000000ee500000, 0x00000000ee500000, 0x00000000ee600000|  0%| F|  |TAMS 0x00000000ee500000, 0x00000000ee500000| Untracked 
| 230|0x00000000ee600000, 0x00000000ee600000, 0x00000000ee700000|  0%| F|  |TAMS 0x00000000ee600000, 0x00000000ee600000| Untracked 
| 231|0x00000000ee700000, 0x00000000ee700000, 0x00000000ee800000|  0%| F|  |TAMS 0x00000000ee700000, 0x00000000ee700000| Untracked 
| 232|0x00000000ee800000, 0x00000000ee800000, 0x00000000ee900000|  0%| F|  |TAMS 0x00000000ee800000, 0x00000000ee800000| Untracked 
| 233|0x00000000ee900000, 0x00000000ee900000, 0x00000000eea00000|  0%| F|  |TAMS 0x00000000ee900000, 0x00000000ee900000| Untracked 
| 234|0x00000000eea00000, 0x00000000eea00000, 0x00000000eeb00000|  0%| F|  |TAMS 0x00000000eea00000, 0x00000000eea00000| Untracked 
| 235|0x00000000eeb00000, 0x00000000eeb00000, 0x00000000eec00000|  0%| F|  |TAMS 0x00000000eeb00000, 0x00000000eeb00000| Untracked 
| 236|0x00000000eec00000, 0x00000000eec00000, 0x00000000eed00000|  0%| F|  |TAMS 0x00000000eec00000, 0x00000000eec00000| Untracked 
| 237|0x00000000eed00000, 0x00000000eed00000, 0x00000000eee00000|  0%| F|  |TAMS 0x00000000eed00000, 0x00000000eed00000| Untracked 
| 238|0x00000000eee00000, 0x00000000eee00000, 0x00000000eef00000|  0%| F|  |TAMS 0x00000000eee00000, 0x00000000eee00000| Untracked 
| 239|0x00000000eef00000, 0x00000000eef00000, 0x00000000ef000000|  0%| F|  |TAMS 0x00000000eef00000, 0x00000000eef00000| Untracked 
| 240|0x00000000ef000000, 0x00000000ef000000, 0x00000000ef100000|  0%| F|  |TAMS 0x00000000ef000000, 0x00000000ef000000| Untracked 
| 241|0x00000000ef100000, 0x00000000ef100000, 0x00000000ef200000|  0%| F|  |TAMS 0x00000000ef100000, 0x00000000ef100000| Untracked 
| 242|0x00000000ef200000, 0x00000000ef200000, 0x00000000ef300000|  0%| F|  |TAMS 0x00000000ef200000, 0x00000000ef200000| Untracked 
| 243|0x00000000ef300000, 0x00000000ef300000, 0x00000000ef400000|  0%| F|  |TAMS 0x00000000ef300000, 0x00000000ef300000| Untracked 
| 244|0x00000000ef400000, 0x00000000ef400000, 0x00000000ef500000|  0%| F|  |TAMS 0x00000000ef400000, 0x00000000ef400000| Untracked 
| 245|0x00000000ef500000, 0x00000000ef580800, 0x00000000ef600000| 50%| E|  |TAMS 0x00000000ef500000, 0x00000000ef500000| Complete 
| 246|0x00000000ef600000, 0x00000000ef700000, 0x00000000ef700000|100%| E|CS|TAMS 0x00000000ef600000, 0x00000000ef600000| Complete 
| 247|0x00000000ef700000, 0x00000000ef800000, 0x00000000ef800000|100%| E|CS|TAMS 0x00000000ef700000, 0x00000000ef700000| Complete 
| 248|0x00000000ef800000, 0x00000000ef900000, 0x00000000ef900000|100%| E|CS|TAMS 0x00000000ef800000, 0x00000000ef800000| Complete 
| 249|0x00000000ef900000, 0x00000000efa00000, 0x00000000efa00000|100%| E|CS|TAMS 0x00000000ef900000, 0x00000000ef900000| Complete 
| 250|0x00000000efa00000, 0x00000000efb00000, 0x00000000efb00000|100%| E|CS|TAMS 0x00000000efa00000, 0x00000000efa00000| Complete 
| 251|0x00000000efb00000, 0x00000000efc00000, 0x00000000efc00000|100%| E|CS|TAMS 0x00000000efb00000, 0x00000000efb00000| Complete 
| 252|0x00000000efc00000, 0x00000000efd00000, 0x00000000efd00000|100%| E|CS|TAMS 0x00000000efc00000, 0x00000000efc00000| Complete 
| 253|0x00000000efd00000, 0x00000000efe00000, 0x00000000efe00000|100%| E|CS|TAMS 0x00000000efd00000, 0x00000000efd00000| Complete 
| 254|0x00000000efe00000, 0x00000000eff00000, 0x00000000eff00000|100%| E|CS|TAMS 0x00000000efe00000, 0x00000000efe00000| Complete 
| 255|0x00000000eff00000, 0x00000000f0000000, 0x00000000f0000000|100%| E|CS|TAMS 0x00000000eff00000, 0x00000000eff00000| Complete 
| 256|0x00000000f0000000, 0x00000000f0100000, 0x00000000f0100000|100%| E|CS|TAMS 0x00000000f0000000, 0x00000000f0000000| Complete 
| 257|0x00000000f0100000, 0x00000000f0200000, 0x00000000f0200000|100%| E|CS|TAMS 0x00000000f0100000, 0x00000000f0100000| Complete 
| 258|0x00000000f0200000, 0x00000000f0300000, 0x00000000f0300000|100%| E|CS|TAMS 0x00000000f0200000, 0x00000000f0200000| Complete 
| 259|0x00000000f0300000, 0x00000000f0400000, 0x00000000f0400000|100%| E|CS|TAMS 0x00000000f0300000, 0x00000000f0300000| Complete 
| 260|0x00000000f0400000, 0x00000000f0500000, 0x00000000f0500000|100%| E|CS|TAMS 0x00000000f0400000, 0x00000000f0400000| Complete 
| 261|0x00000000f0500000, 0x00000000f0600000, 0x00000000f0600000|100%| E|CS|TAMS 0x00000000f0500000, 0x00000000f0500000| Complete 
| 262|0x00000000f0600000, 0x00000000f0700000, 0x00000000f0700000|100%| E|CS|TAMS 0x00000000f0600000, 0x00000000f0600000| Complete 
| 263|0x00000000f0700000, 0x00000000f0800000, 0x00000000f0800000|100%| E|CS|TAMS 0x00000000f0700000, 0x00000000f0700000| Complete 
| 264|0x00000000f0800000, 0x00000000f0900000, 0x00000000f0900000|100%| E|CS|TAMS 0x00000000f0800000, 0x00000000f0800000| Complete 
| 265|0x00000000f0900000, 0x00000000f0a00000, 0x00000000f0a00000|100%| E|CS|TAMS 0x00000000f0900000, 0x00000000f0900000| Complete 
| 266|0x00000000f0a00000, 0x00000000f0b00000, 0x00000000f0b00000|100%| E|CS|TAMS 0x00000000f0a00000, 0x00000000f0a00000| Complete 
| 267|0x00000000f0b00000, 0x00000000f0c00000, 0x00000000f0c00000|100%| E|CS|TAMS 0x00000000f0b00000, 0x00000000f0b00000| Complete 
| 268|0x00000000f0c00000, 0x00000000f0d00000, 0x00000000f0d00000|100%| E|CS|TAMS 0x00000000f0c00000, 0x00000000f0c00000| Complete 
| 269|0x00000000f0d00000, 0x00000000f0e00000, 0x00000000f0e00000|100%| E|CS|TAMS 0x00000000f0d00000, 0x00000000f0d00000| Complete 
| 270|0x00000000f0e00000, 0x00000000f0f00000, 0x00000000f0f00000|100%| E|CS|TAMS 0x00000000f0e00000, 0x00000000f0e00000| Complete 
| 271|0x00000000f0f00000, 0x00000000f1000000, 0x00000000f1000000|100%| E|CS|TAMS 0x00000000f0f00000, 0x00000000f0f00000| Complete 
| 272|0x00000000f1000000, 0x00000000f1100000, 0x00000000f1100000|100%| E|CS|TAMS 0x00000000f1000000, 0x00000000f1000000| Complete 
| 273|0x00000000f1100000, 0x00000000f1200000, 0x00000000f1200000|100%| E|CS|TAMS 0x00000000f1100000, 0x00000000f1100000| Complete 
| 274|0x00000000f1200000, 0x00000000f1300000, 0x00000000f1300000|100%| E|CS|TAMS 0x00000000f1200000, 0x00000000f1200000| Complete 
| 275|0x00000000f1300000, 0x00000000f1400000, 0x00000000f1400000|100%| E|CS|TAMS 0x00000000f1300000, 0x00000000f1300000| Complete 
| 276|0x00000000f1400000, 0x00000000f1500000, 0x00000000f1500000|100%| E|CS|TAMS 0x00000000f1400000, 0x00000000f1400000| Complete 
| 277|0x00000000f1500000, 0x00000000f1600000, 0x00000000f1600000|100%| E|CS|TAMS 0x00000000f1500000, 0x00000000f1500000| Complete 
| 278|0x00000000f1600000, 0x00000000f1700000, 0x00000000f1700000|100%| E|CS|TAMS 0x00000000f1600000, 0x00000000f1600000| Complete 
| 279|0x00000000f1700000, 0x00000000f1800000, 0x00000000f1800000|100%| E|CS|TAMS 0x00000000f1700000, 0x00000000f1700000| Complete 
| 280|0x00000000f1800000, 0x00000000f1900000, 0x00000000f1900000|100%| E|CS|TAMS 0x00000000f1800000, 0x00000000f1800000| Complete 
| 281|0x00000000f1900000, 0x00000000f1a00000, 0x00000000f1a00000|100%| E|CS|TAMS 0x00000000f1900000, 0x00000000f1900000| Complete 
| 282|0x00000000f1a00000, 0x00000000f1b00000, 0x00000000f1b00000|100%| E|CS|TAMS 0x00000000f1a00000, 0x00000000f1a00000| Complete 
| 283|0x00000000f1b00000, 0x00000000f1c00000, 0x00000000f1c00000|100%| E|CS|TAMS 0x00000000f1b00000, 0x00000000f1b00000| Complete 
| 284|0x00000000f1c00000, 0x00000000f1d00000, 0x00000000f1d00000|100%| E|CS|TAMS 0x00000000f1c00000, 0x00000000f1c00000| Complete 
| 285|0x00000000f1d00000, 0x00000000f1e00000, 0x00000000f1e00000|100%| E|CS|TAMS 0x00000000f1d00000, 0x00000000f1d00000| Complete 
| 286|0x00000000f1e00000, 0x00000000f1f00000, 0x00000000f1f00000|100%| E|CS|TAMS 0x00000000f1e00000, 0x00000000f1e00000| Complete 
| 287|0x00000000f1f00000, 0x00000000f2000000, 0x00000000f2000000|100%| E|CS|TAMS 0x00000000f1f00000, 0x00000000f1f00000| Complete 
| 288|0x00000000f2000000, 0x00000000f2100000, 0x00000000f2100000|100%| E|CS|TAMS 0x00000000f2000000, 0x00000000f2000000| Complete 
| 289|0x00000000f2100000, 0x00000000f2200000, 0x00000000f2200000|100%| E|CS|TAMS 0x00000000f2100000, 0x00000000f2100000| Complete 
| 290|0x00000000f2200000, 0x00000000f2300000, 0x00000000f2300000|100%| E|CS|TAMS 0x00000000f2200000, 0x00000000f2200000| Complete 
| 291|0x00000000f2300000, 0x00000000f2400000, 0x00000000f2400000|100%| E|CS|TAMS 0x00000000f2300000, 0x00000000f2300000| Complete 
| 292|0x00000000f2400000, 0x00000000f2500000, 0x00000000f2500000|100%| E|CS|TAMS 0x00000000f2400000, 0x00000000f2400000| Complete 
| 293|0x00000000f2500000, 0x00000000f2600000, 0x00000000f2600000|100%| E|CS|TAMS 0x00000000f2500000, 0x00000000f2500000| Complete 
| 294|0x00000000f2600000, 0x00000000f2700000, 0x00000000f2700000|100%| E|CS|TAMS 0x00000000f2600000, 0x00000000f2600000| Complete 
| 295|0x00000000f2700000, 0x00000000f2800000, 0x00000000f2800000|100%| E|CS|TAMS 0x00000000f2700000, 0x00000000f2700000| Complete 
| 296|0x00000000f2800000, 0x00000000f2900000, 0x00000000f2900000|100%| E|CS|TAMS 0x00000000f2800000, 0x00000000f2800000| Complete 
| 297|0x00000000f2900000, 0x00000000f2a00000, 0x00000000f2a00000|100%| E|CS|TAMS 0x00000000f2900000, 0x00000000f2900000| Complete 
| 298|0x00000000f2a00000, 0x00000000f2b00000, 0x00000000f2b00000|100%| E|CS|TAMS 0x00000000f2a00000, 0x00000000f2a00000| Complete 
| 299|0x00000000f2b00000, 0x00000000f2c00000, 0x00000000f2c00000|100%| E|CS|TAMS 0x00000000f2b00000, 0x00000000f2b00000| Complete 

Card table byte_map: [0x000002e7178b0000,0x000002e7179b0000] _byte_map_base: 0x000002e7171b0000

Marking Bits (Prev, Next): (CMBitMap*) 0x000002e77bc42ba0, (CMBitMap*) 0x000002e77bc42b60
 Prev Bits: [0x000002e7182b0000, 0x000002e718ab0000)
 Next Bits: [0x000002e717ab0000, 0x000002e7182b0000)

Polling page: 0x000002e700000000

Metaspace:

Usage:
  Non-class:     74.91 MB capacity,    73.71 MB ( 98%) used,     1.07 MB (  1%) free+waste,   130.12 KB ( <1%) overhead. 
      Class:     11.29 MB capacity,    10.82 MB ( 96%) used,   437.29 KB (  4%) free+waste,    52.81 KB ( <1%) overhead. 
       Both:     86.20 MB capacity,    84.53 MB ( 98%) used,     1.49 MB (  2%) free+waste,   182.94 KB ( <1%) overhead. 

Virtual space:
  Non-class space:       76.00 MB reserved,      75.42 MB (>99%) committed 
      Class space:      376.00 MB reserved,      11.50 MB (  3%) committed 
             Both:      452.00 MB reserved,      86.92 MB ( 19%) committed 

Chunk freelists:
   Non-Class:  525.00 KB
       Class:  178.00 KB
        Both:  703.00 KB

MaxMetaspaceSize: 384.00 MB
CompressedClassSpaceSize: 376.00 MB

CodeHeap 'non-profiled nmethods': size=120000Kb used=8024Kb max_used=8024Kb free=111975Kb
 bounds [0x000002e70fc50000, 0x000002e710430000, 0x000002e717180000]
CodeHeap 'profiled nmethods': size=120000Kb used=25173Kb max_used=25173Kb free=94826Kb
 bounds [0x000002e708720000, 0x000002e709fc0000, 0x000002e70fc50000]
CodeHeap 'non-nmethods': size=5760Kb used=2415Kb max_used=2518Kb free=3344Kb
 bounds [0x000002e708180000, 0x000002e708410000, 0x000002e708720000]
 total_blobs=12984 nmethods=12067 adapters=828
 compilation: enabled
              stopped_count=0, restarted_count=0
 full_count=0

Compilation events (20 events):
Event: 2955.940 Thread 0x000002e71b0ce070 13602       3       org.gradle.api.internal.artifacts.DefaultPublishArtifactSet$$Lambda$556/0x0000000801036c58::<init> (10 bytes)
Event: 2955.940 Thread 0x000002e71b0ce070 nmethod 13602 0x000002e709f99e10 code [0x000002e709f99fa0, 0x000002e709f9a158]
Event: 2955.940 Thread 0x000002e71b0ce070 13603       3       org.gradle.api.internal.artifacts.DefaultPublishArtifactSet$ArtifactsFileCollection::<init> (6 bytes)
Event: 2955.940 Thread 0x000002e71b0ce070 nmethod 13603 0x000002e709f9a210 code [0x000002e709f9a3c0, 0x000002e709f9a5d8]
Event: 2955.940 Thread 0x000002e71b0ce070 13604       3       com.google.common.collect.LinkedHashMultimap::create (11 bytes)
Event: 2955.940 Thread 0x000002e71b0ce070 nmethod 13604 0x000002e709f9a710 code [0x000002e709f9a8c0, 0x000002e709f9aa48]
Event: 2955.941 Thread 0x000002e71b0b6850 nmethod 13585 0x000002e710423e90 code [0x000002e710424040, 0x000002e710424a98]
Event: 2955.941 Thread 0x000002e71b0b6850 13582       4       java.lang.ref.Reference::clear (6 bytes)
Event: 2955.942 Thread 0x000002e71b0b6850 nmethod 13582 0x000002e710424e10 code [0x000002e710424f80, 0x000002e710425038]
Event: 2955.942 Thread 0x000002e71b0b6850 13586       4       org.codehaus.groovy.reflection.CachedClass$3$$Lambda$467/0x0000000800f7c8b8::test (8 bytes)
Event: 2955.942 Thread 0x000002e71b0b6850 nmethod 13586 0x000002e710425110 code [0x000002e7104252a0, 0x000002e710425388]
Event: 2955.942 Thread 0x000002e71b0b6850 13593       4       java.util.concurrent.atomic.AtomicLong::incrementAndGet (14 bytes)
Event: 2955.943 Thread 0x000002e71b0b6850 nmethod 13593 0x000002e710425490 code [0x000002e710425600, 0x000002e710425678]
Event: 2955.943 Thread 0x000002e71b0b6850 13605       4       org.gradle.api.internal.provider.ValueSupplier$Present::pushWhenMissing (2 bytes)
Event: 2955.943 Thread 0x000002e71b0b6850 nmethod 13605 0x000002e710425790 code [0x000002e710425900, 0x000002e710425958]
Event: 2955.943 Thread 0x000002e71b0b6850 13590       4       java.lang.reflect.Method::toGenericString (12 bytes)
Event: 2955.950 Thread 0x000002e71b0ce070 13607       3       org.gradle.api.internal.artifacts.ivyservice.resolveengine.excludes.factories.CachingExcludeFactory$ExcludePair::equals (63 bytes)
Event: 2955.950 Thread 0x000002e71b0ce070 nmethod 13607 0x000002e709f9ab10 code [0x000002e709f9ace0, 0x000002e709f9b278]
Event: 2955.961 Thread 0x000002e71b0ce070 13610       3       org.gradle.api.internal.artifacts.ivyservice.resolveengine.result.BuildIdentifierSerializer::write (66 bytes)
Event: 2955.962 Thread 0x000002e71b0ce070 nmethod 13610 0x000002e709f9b410 code [0x000002e709f9b680, 0x000002e709f9c288]

GC Heap History (20 events):
Event: 29.892 GC heap before
{Heap before GC invocations=9 (full 0):
 garbage-first heap   total 262144K, used 142708K [0x00000000e0000000, 0x0000000100000000)
  region size 1024K, 23 young (23552K), 12 survivors (12288K)
 Metaspace       used 58877K, capacity 60130K, committed 60240K, reserved 438272K
  class space    used 8066K, capacity 8428K, committed 8448K, reserved 385024K
}
Event: 29.904 GC heap after
{Heap after GC invocations=10 (full 0):
 garbage-first heap   total 262144K, used 133891K [0x00000000e0000000, 0x0000000100000000)
  region size 1024K, 2 young (2048K), 2 survivors (2048K)
 Metaspace       used 58877K, capacity 60130K, committed 60240K, reserved 438272K
  class space    used 8066K, capacity 8428K, committed 8448K, reserved 385024K
}
Event: 32.608 GC heap before
{Heap before GC invocations=11 (full 0):
 garbage-first heap   total 262144K, used 180995K [0x00000000e0000000, 0x0000000100000000)
  region size 1024K, 49 young (50176K), 2 survivors (2048K)
 Metaspace       used 62004K, capacity 63210K, committed 63408K, reserved 440320K
  class space    used 8536K, capacity 8927K, committed 8960K, reserved 385024K
}
Event: 32.616 GC heap after
{Heap after GC invocations=12 (full 0):
 garbage-first heap   total 262144K, used 135757K [0x00000000e0000000, 0x0000000100000000)
  region size 1024K, 4 young (4096K), 4 survivors (4096K)
 Metaspace       used 62004K, capacity 63210K, committed 63408K, reserved 440320K
  class space    used 8536K, capacity 8927K, committed 8960K, reserved 385024K
}
Event: 34.960 GC heap before
{Heap before GC invocations=13 (full 0):
 garbage-first heap   total 262144K, used 161357K [0x00000000e0000000, 0x0000000100000000)
  region size 1024K, 20 young (20480K), 4 survivors (4096K)
 Metaspace       used 62957K, capacity 64184K, committed 64304K, reserved 440320K
  class space    used 8661K, capacity 9017K, committed 9088K, reserved 385024K
}
Event: 34.971 GC heap after
{Heap after GC invocations=14 (full 0):
 garbage-first heap   total 262144K, used 148064K [0x00000000e0000000, 0x0000000100000000)
  region size 1024K, 6 young (6144K), 6 survivors (6144K)
 Metaspace       used 62957K, capacity 64184K, committed 64304K, reserved 440320K
  class space    used 8661K, capacity 9017K, committed 9088K, reserved 385024K
}
Event: 37.981 GC heap before
{Heap before GC invocations=15 (full 0):
 garbage-first heap   total 262144K, used 222816K [0x00000000e0000000, 0x0000000100000000)
  region size 1024K, 78 young (79872K), 6 survivors (6144K)
 Metaspace       used 69882K, capacity 71125K, committed 71216K, reserved 446464K
  class space    used 9407K, capacity 9803K, committed 9856K, reserved 385024K
}
Event: 37.995 GC heap after
{Heap after GC invocations=16 (full 0):
 garbage-first heap   total 262144K, used 155263K [0x00000000e0000000, 0x0000000100000000)
  region size 1024K, 10 young (10240K), 10 survivors (10240K)
 Metaspace       used 69882K, capacity 71125K, committed 71216K, reserved 446464K
  class space    used 9407K, capacity 9803K, committed 9856K, reserved 385024K
}
Event: 41.831 GC heap before
{Heap before GC invocations=16 (full 0):
 garbage-first heap   total 262144K, used 221823K [0x00000000e0000000, 0x0000000100000000)
  region size 1024K, 75 young (76800K), 10 survivors (10240K)
 Metaspace       used 75345K, capacity 76546K, committed 76592K, reserved 452608K
  class space    used 9978K, capacity 10364K, committed 10368K, reserved 385024K
}
Event: 41.850 GC heap after
{Heap after GC invocations=17 (full 0):
 garbage-first heap   total 262144K, used 161805K [0x00000000e0000000, 0x0000000100000000)
  region size 1024K, 7 young (7168K), 7 survivors (7168K)
 Metaspace       used 75345K, capacity 76546K, committed 76592K, reserved 452608K
  class space    used 9978K, capacity 10364K, committed 10368K, reserved 385024K
}
Event: 43.621 GC heap before
{Heap before GC invocations=18 (full 0):
 garbage-first heap   total 278528K, used 219149K [0x00000000e0000000, 0x0000000100000000)
  region size 1024K, 64 young (65536K), 7 survivors (7168K)
 Metaspace       used 76116K, capacity 77392K, committed 77616K, reserved 452608K
  class space    used 10004K, capacity 10367K, committed 10368K, reserved 385024K
}
Event: 43.630 GC heap after
{Heap after GC invocations=19 (full 0):
 garbage-first heap   total 278528K, used 162834K [0x00000000e0000000, 0x0000000100000000)
  region size 1024K, 4 young (4096K), 4 survivors (4096K)
 Metaspace       used 76116K, capacity 77392K, committed 77616K, reserved 452608K
  class space    used 10004K, capacity 10367K, committed 10368K, reserved 385024K
}
Event: 45.571 GC heap before
{Heap before GC invocations=19 (full 0):
 garbage-first heap   total 278528K, used 234514K [0x00000000e0000000, 0x0000000100000000)
  region size 1024K, 74 young (75776K), 4 survivors (4096K)
 Metaspace       used 77947K, capacity 79408K, committed 79536K, reserved 454656K
  class space    used 10207K, capacity 10633K, committed 10752K, reserved 385024K
}
Event: 45.590 GC heap after
{Heap after GC invocations=20 (full 0):
 garbage-first heap   total 278528K, used 167635K [0x00000000e0000000, 0x0000000100000000)
  region size 1024K, 8 young (8192K), 8 survivors (8192K)
 Metaspace       used 77947K, capacity 79408K, committed 79536K, reserved 454656K
  class space    used 10207K, capacity 10633K, committed 10752K, reserved 385024K
}
Event: 46.209 GC heap before
{Heap before GC invocations=21 (full 0):
 garbage-first heap   total 290816K, used 188115K [0x00000000e0000000, 0x0000000100000000)
  region size 1024K, 30 young (30720K), 8 survivors (8192K)
 Metaspace       used 80688K, capacity 82128K, committed 82352K, reserved 456704K
  class space    used 10536K, capacity 10977K, committed 11008K, reserved 385024K
}
Event: 46.221 GC heap after
{Heap after GC invocations=22 (full 0):
 garbage-first heap   total 290816K, used 169428K [0x00000000e0000000, 0x0000000100000000)
  region size 1024K, 2 young (2048K), 2 survivors (2048K)
 Metaspace       used 80688K, capacity 82128K, committed 82352K, reserved 456704K
  class space    used 10536K, capacity 10977K, committed 11008K, reserved 385024K
}
Event: 2949.692 GC heap before
{Heap before GC invocations=23 (full 0):
 garbage-first heap   total 293888K, used 248276K [0x00000000e0000000, 0x0000000100000000)
  region size 1024K, 77 young (78848K), 2 survivors (2048K)
 Metaspace       used 83200K, capacity 84794K, committed 84912K, reserved 458752K
  class space    used 10751K, capacity 11241K, committed 11264K, reserved 385024K
}
Event: 2949.750 GC heap after
{Heap after GC invocations=24 (full 0):
 garbage-first heap   total 293888K, used 169770K [0x00000000e0000000, 0x0000000100000000)
  region size 1024K, 3 young (3072K), 3 survivors (3072K)
 Metaspace       used 83200K, capacity 84794K, committed 84912K, reserved 458752K
  class space    used 10751K, capacity 11241K, committed 11264K, reserved 385024K
}
Event: 2954.456 GC heap before
{Heap before GC invocations=24 (full 0):
 garbage-first heap   total 293888K, used 249642K [0x00000000e0000000, 0x0000000100000000)
  region size 1024K, 82 young (83968K), 3 survivors (3072K)
 Metaspace       used 86795K, capacity 88709K, committed 89008K, reserved 462848K
  class space    used 11160K, capacity 11720K, committed 11776K, reserved 385024K
}
Event: 2954.502 GC heap after
{Heap after GC invocations=25 (full 0):
 garbage-first heap   total 293888K, used 174371K [0x00000000e0000000, 0x0000000100000000)
  region size 1024K, 7 young (7168K), 7 survivors (7168K)
 Metaspace       used 86795K, capacity 88709K, committed 89008K, reserved 462848K
  class space    used 11160K, capacity 11720K, committed 11776K, reserved 385024K
}

Deoptimization events (20 events):
Event: 2955.918 Thread 0x000002e71df5c7f0 Uncommon trap: trap_request=0xffffff45 fr.pc=0x000002e70fe705c8 relative=0x0000000000000928
Event: 2955.918 Thread 0x000002e71df5c7f0 Uncommon trap: reason=unstable_if action=reinterpret pc=0x000002e70fe705c8 method=java.lang.ref.SoftReference.get()Ljava/lang/Object; @ 6 c2
Event: 2955.918 Thread 0x000002e71df5c7f0 DEOPT PACKING pc=0x000002e70fe705c8 sp=0x000000e9eedfa330
Event: 2955.918 Thread 0x000002e71df5c7f0 DEOPT UNPACKING pc=0x000002e7081ce42f sp=0x000000e9eedfa240 mode 2
Event: 2955.918 Thread 0x000002e71df5c7f0 Uncommon trap: trap_request=0xffffff45 fr.pc=0x000002e70ffc2cc4 relative=0x0000000000005d44
Event: 2955.918 Thread 0x000002e71df5c7f0 Uncommon trap: reason=unstable_if action=reinterpret pc=0x000002e70ffc2cc4 method=java.lang.ref.SoftReference.get()Ljava/lang/Object; @ 6 c2
Event: 2955.918 Thread 0x000002e71df5c7f0 DEOPT PACKING pc=0x000002e70ffc2cc4 sp=0x000000e9eedf9810
Event: 2955.918 Thread 0x000002e71df5c7f0 DEOPT UNPACKING pc=0x000002e7081ce42f sp=0x000000e9eedf96f8 mode 2
Event: 2955.924 Thread 0x000002e71df5c7f0 Uncommon trap: trap_request=0xffffff45 fr.pc=0x000002e70ffa9cd4 relative=0x0000000000000514
Event: 2955.924 Thread 0x000002e71df5c7f0 Uncommon trap: reason=unstable_if action=reinterpret pc=0x000002e70ffa9cd4 method=java.lang.ref.SoftReference.get()Ljava/lang/Object; @ 6 c2
Event: 2955.924 Thread 0x000002e71df5c7f0 DEOPT PACKING pc=0x000002e70ffa9cd4 sp=0x000000e9eedfa360
Event: 2955.924 Thread 0x000002e71df5c7f0 DEOPT UNPACKING pc=0x000002e7081ce42f sp=0x000000e9eedfa230 mode 2
Event: 2955.924 Thread 0x000002e71df5c7f0 Uncommon trap: trap_request=0xffffff45 fr.pc=0x000002e70fe2aff0 relative=0x0000000000000150
Event: 2955.924 Thread 0x000002e71df5c7f0 Uncommon trap: reason=unstable_if action=reinterpret pc=0x000002e70fe2aff0 method=java.lang.ref.SoftReference.get()Ljava/lang/Object; @ 6 c2
Event: 2955.924 Thread 0x000002e71df5c7f0 DEOPT PACKING pc=0x000002e70fe2aff0 sp=0x000000e9eedfa2e0
Event: 2955.924 Thread 0x000002e71df5c7f0 DEOPT UNPACKING pc=0x000002e7081ce42f sp=0x000000e9eedfa230 mode 2
Event: 2955.928 Thread 0x000002e71df5c7f0 Uncommon trap: trap_request=0xffffff45 fr.pc=0x000002e710361728 relative=0x0000000000000468
Event: 2955.928 Thread 0x000002e71df5c7f0 Uncommon trap: reason=unstable_if action=reinterpret pc=0x000002e710361728 method=java.lang.ref.SoftReference.get()Ljava/lang/Object; @ 6 c2
Event: 2955.928 Thread 0x000002e71df5c7f0 DEOPT PACKING pc=0x000002e710361728 sp=0x000000e9eedfa2e0
Event: 2955.928 Thread 0x000002e71df5c7f0 DEOPT UNPACKING pc=0x000002e7081ce42f sp=0x000000e9eedfa1a8 mode 2

Classes unloaded (20 events):
Event: 2954.967 Thread 0x000002e71b08d170 Unloading class 0x0000000800cb2040 'java/lang/invoke/LambdaForm$MH+0x0000000800cb2040'
Event: 2954.967 Thread 0x000002e71b08d170 Unloading class 0x0000000800cb2c40 'java/lang/invoke/LambdaForm$BMH+0x0000000800cb2c40'
Event: 2954.967 Thread 0x000002e71b08d170 Unloading class 0x0000000800c67440 'java/lang/invoke/LambdaForm$DMH+0x0000000800c67440'
Event: 2954.967 Thread 0x000002e71b08d170 Unloading class 0x0000000800c67c40 'java/lang/invoke/LambdaForm$DMH+0x0000000800c67c40'
Event: 2954.967 Thread 0x000002e71b08d170 Unloading class 0x0000000800c60840 'java/lang/invoke/LambdaForm$MH+0x0000000800c60840'
Event: 2954.967 Thread 0x000002e71b08d170 Unloading class 0x0000000800c60440 'java/lang/invoke/LambdaForm$MH+0x0000000800c60440'
Event: 2954.967 Thread 0x000002e71b08d170 Unloading class 0x0000000800c60040 'java/lang/invoke/LambdaForm$MH+0x0000000800c60040'
Event: 2954.967 Thread 0x000002e71b08d170 Unloading class 0x0000000800be1440 'java/lang/invoke/LambdaForm$MH+0x0000000800be1440'
Event: 2954.967 Thread 0x000002e71b08d170 Unloading class 0x0000000800be1040 'java/lang/invoke/LambdaForm$MH+0x0000000800be1040'
Event: 2954.968 Thread 0x000002e71b08d170 Unloading class 0x0000000800be1c40 'java/lang/invoke/LambdaForm$MH+0x0000000800be1c40'
Event: 2954.968 Thread 0x000002e71b08d170 Unloading class 0x0000000800be1840 'java/lang/invoke/LambdaForm$MH+0x0000000800be1840'
Event: 2954.968 Thread 0x000002e71b08d170 Unloading class 0x0000000800be2c40 'java/lang/invoke/LambdaForm$MH+0x0000000800be2c40'
Event: 2954.968 Thread 0x000002e71b08d170 Unloading class 0x0000000800be3440 'java/lang/invoke/LambdaForm$MH+0x0000000800be3440'
Event: 2954.968 Thread 0x000002e71b08d170 Unloading class 0x0000000800be3040 'java/lang/invoke/LambdaForm$MH+0x0000000800be3040'
Event: 2954.968 Thread 0x000002e71b08d170 Unloading class 0x0000000800be3c40 'java/lang/invoke/LambdaForm$MH+0x0000000800be3c40'
Event: 2954.968 Thread 0x000002e71b08d170 Unloading class 0x0000000800be3840 'java/lang/invoke/LambdaForm$MH+0x0000000800be3840'
Event: 2954.968 Thread 0x000002e71b08d170 Unloading class 0x0000000800be4040 'java/lang/invoke/LambdaForm$MH+0x0000000800be4040'
Event: 2954.968 Thread 0x000002e71b08d170 Unloading class 0x0000000800bb2840 'java/lang/invoke/LambdaForm$MH+0x0000000800bb2840'
Event: 2954.968 Thread 0x000002e71b08d170 Unloading class 0x0000000800bb3440 'java/lang/invoke/LambdaForm$MH+0x0000000800bb3440'
Event: 2954.968 Thread 0x000002e71b08d170 Unloading class 0x0000000800bb5040 'java/lang/invoke/LambdaForm$MH+0x0000000800bb5040'

Classes redefined (0 events):
No events

Internal exceptions (20 events):
Event: 2952.298 Thread 0x000002e71f8b6550 Exception <a 'java/lang/NoSuchMethodError'{0x00000000f0412f98}: static Lorg/jetbrains/gradle/profiler/model/impl/JavaTaskImpl;.<clinit>()V> (0x00000000f0412f98) 
thrown [./open/src/hotspot/share/prims/jni.cpp, line 1204]
Event: 2952.323 Thread 0x000002e71f8b6550 Exception <a 'java/lang/NoSuchMethodError'{0x00000000f04d8938}: static Lorg/jetbrains/kotlin/idea/gradleTooling/model/samWithReceiver/SamWithReceiverModelImpl;.<clinit>()V> (0x00000000f04d8938) 
thrown [./open/src/hotspot/share/prims/jni.cpp, line 1204]
Event: 2952.326 Thread 0x000002e71f8b6550 Exception <a 'java/lang/NoSuchMethodError'{0x00000000f0320eb8}: static Lorg/jetbrains/kotlin/idea/gradleTooling/model/allopen/AllOpenModelImpl;.<clinit>()V> (0x00000000f0320eb8) 
thrown [./open/src/hotspot/share/prims/jni.cpp, line 1204]
Event: 2952.329 Thread 0x000002e71f8b6550 Exception <a 'java/lang/NoSuchMethodError'{0x00000000f03296f0}: static Lorg/jetbrains/kotlin/idea/gradleTooling/model/parcelize/ParcelizeGradleModelImpl;.<clinit>()V> (0x00000000f03296f0) 
thrown [./open/src/hotspot/share/prims/jni.cpp, line 1204]
Event: 2952.333 Thread 0x000002e71f8b6550 Exception <a 'java/lang/NoSuchMethodError'{0x00000000f0331e40}: static Lorg/jetbrains/kotlin/idea/gradleTooling/model/noarg/NoArgModelImpl;.<clinit>()V> (0x00000000f0331e40) 
thrown [./open/src/hotspot/share/prims/jni.cpp, line 1204]
Event: 2953.506 Thread 0x000002e71df5c7f0 Exception <a 'java/lang/ClassNotFoundException'{0x00000000ee5bb378}: org/jetbrains/plugins/gradle/tooling/tasks/DependenciesReport$ProjectNameFunctionBeanInfo> (0x00000000ee5bb378) 
thrown [./open/src/hotspot/share/classfile/systemDictionary.cpp, line 295]
Event: 2953.507 Thread 0x000002e71df5c7f0 Exception <a 'java/lang/ClassNotFoundException'{0x00000000ee4235b8}: org/jetbrains/plugins/gradle/tooling/tasks/DependenciesReport$ProjectNameFunctionCustomizer> (0x00000000ee4235b8) 
thrown [./open/src/hotspot/share/classfile/systemDictionary.cpp, line 295]
Event: 2953.516 Thread 0x000002e71df5c7f0 Exception <a 'java/lang/ClassNotFoundException'{0x00000000ee46deb8}: org/jetbrains/plugins/gradle/tooling/tasks/DependenciesReport$ReportGenerator$IdGeneratorBeanInfo> (0x00000000ee46deb8) 
thrown [./open/src/hotspot/share/classfile/systemDictionary.cpp, line 295]
Event: 2953.517 Thread 0x000002e71df5c7f0 Exception <a 'java/lang/ClassNotFoundException'{0x00000000ee474a18}: org/jetbrains/plugins/gradle/tooling/tasks/DependenciesReport$ReportGenerator$IdGeneratorCustomizer> (0x00000000ee474a18) 
thrown [./open/src/hotspot/share/classfile/systemDictionary.cpp, line 295]
Event: 2955.840 Thread 0x000002e71df5c7f0 Implicit null exception at 0x000002e70feef8c0 to 0x000002e70feefe48
Event: 2955.840 Thread 0x000002e71df5c7f0 Implicit null exception at 0x000002e70feeea20 to 0x000002e70feeeeb8
Event: 2955.840 Thread 0x000002e71df5c7f0 Implicit null exception at 0x000002e70fe02e2b to 0x000002e70fe03088
Event: 2955.918 Thread 0x000002e71df5c7f0 Implicit null exception at 0x000002e70ffbd160 to 0x000002e70ffc2ca8
Event: 2955.924 Thread 0x000002e71df5c7f0 Implicit null exception at 0x000002e70ffa9900 to 0x000002e70ffa9cc0
Event: 2955.924 Thread 0x000002e71df5c7f0 Implicit null exception at 0x000002e70fe2af0b to 0x000002e70fe2afdc
Event: 2955.928 Thread 0x000002e71df5c7f0 Implicit null exception at 0x000002e710361480 to 0x000002e710361714
Event: 2955.933 Thread 0x000002e71df5c7f0 Exception <a 'java/lang/ClassNotFoundException'{0x00000000efb31c80}: org/gradle/api/internal/artifacts/result/DefaultUnresolvedDependencyResultBeanInfo> (0x00000000efb31c80) 
thrown [./open/src/hotspot/share/classfile/systemDictionary.cpp, line 295]
Event: 2955.934 Thread 0x000002e71df5c7f0 Exception <a 'java/lang/ClassNotFoundException'{0x00000000efb3cf18}: org/gradle/api/internal/artifacts/result/AbstractDependencyResultBeanInfo> (0x00000000efb3cf18) 
thrown [./open/src/hotspot/share/classfile/systemDictionary.cpp, line 295]
Event: 2955.934 Thread 0x000002e71df5c7f0 Exception <a 'java/lang/ClassNotFoundException'{0x00000000efb476f8}: org/gradle/api/internal/artifacts/result/AbstractDependencyResultCustomizer> (0x00000000efb476f8) 
thrown [./open/src/hotspot/share/classfile/systemDictionary.cpp, line 295]
Event: 2955.936 Thread 0x000002e71df5c7f0 Exception <a 'java/lang/ClassNotFoundException'{0x00000000efb56210}: org/gradle/api/internal/artifacts/result/DefaultUnresolvedDependencyResultCustomizer> (0x00000000efb56210) 
thrown [./open/src/hotspot/share/classfile/systemDictionary.cpp, line 295]

Events (20 events):
Event: 2952.937 Thread 0x000002e71fabbba0 Thread added: 0x000002e71fabbba0
Event: 2952.948 Thread 0x000002e71ff33190 Thread added: 0x000002e71ff33190
Event: 2952.957 Thread 0x000002e71fd88760 Thread added: 0x000002e71fd88760
Event: 2952.968 Thread 0x000002e71fd87420 Thread added: 0x000002e71fd87420
Event: 2952.989 Thread 0x000002e71fd878f0 Thread added: 0x000002e71fd878f0
Event: 2952.999 Thread 0x000002e71fd84da0 Thread added: 0x000002e71fd84da0
Event: 2953.009 Thread 0x000002e71db48850 Thread added: 0x000002e71db48850
Event: 2953.020 Thread 0x000002e71db48380 Thread added: 0x000002e71db48380
Event: 2953.040 Thread 0x000002e723f301e0 Thread added: 0x000002e723f301e0
Event: 2953.205 Thread 0x000002e723f33200 Thread added: 0x000002e723f33200
Event: 2953.803 Executing VM operation: HandshakeAllThreads
Event: 2953.804 Executing VM operation: HandshakeAllThreads done
Event: 2954.456 Executing VM operation: G1CollectForAllocation
Event: 2954.512 Executing VM operation: G1CollectForAllocation done
Event: 2954.962 Executing VM operation: G1Concurrent
Event: 2955.224 Executing VM operation: G1Concurrent done
Event: 2955.335 Executing VM operation: G1Concurrent
Event: 2955.335 Executing VM operation: G1Concurrent done
Event: 2955.917 Executing VM operation: ICBufferFull
Event: 2955.917 Executing VM operation: ICBufferFull done


Dynamic libraries:
0x00007ff6e8ae0000 - 0x00007ff6e8aef000 	C:\Program Files\Java\jdk-15.0.1\bin\java.exe
0x00007ffd4ed10000 - 0x00007ffd4ef08000 	C:\WINDOWS\SYSTEM32\ntdll.dll
0x00007ffd4cd70000 - 0x00007ffd4ce2f000 	C:\WINDOWS\System32\KERNEL32.DLL
0x00007ffd4c6f0000 - 0x00007ffd4c9e6000 	C:\WINDOWS\System32\KERNELBASE.dll
0x00007ffd4cc70000 - 0x00007ffd4cd70000 	C:\WINDOWS\System32\ucrtbase.dll
0x00007ffd45420000 - 0x00007ffd45439000 	C:\Program Files\Java\jdk-15.0.1\bin\VCRUNTIME140.dll
0x00007ffd26330000 - 0x00007ffd26348000 	C:\Program Files\Java\jdk-15.0.1\bin\jli.dll
0x00007ffd4da90000 - 0x00007ffd4db3f000 	C:\WINDOWS\System32\ADVAPI32.dll
0x00007ffd4ce60000 - 0x00007ffd4cefe000 	C:\WINDOWS\System32\msvcrt.dll
0x00007ffd4d2e0000 - 0x00007ffd4d37c000 	C:\WINDOWS\System32\sechost.dll
0x00007ffd4dda0000 - 0x00007ffd4dec6000 	C:\WINDOWS\System32\RPCRT4.dll
0x00007ffd4dbf0000 - 0x00007ffd4dd8d000 	C:\WINDOWS\System32\USER32.dll
0x00007ffd4c6c0000 - 0x00007ffd4c6e2000 	C:\WINDOWS\System32\win32u.dll
0x00007ffd3b4f0000 - 0x00007ffd3b78a000 	C:\WINDOWS\WinSxS\amd64_microsoft.windows.common-controls_6595b64144ccf1df_6.0.19041.1110_none_60b5254171f9507e\COMCTL32.dll
0x00007ffd4d0b0000 - 0x00007ffd4d0dc000 	C:\WINDOWS\System32\GDI32.dll
0x00007ffd4c460000 - 0x00007ffd4c575000 	C:\WINDOWS\System32\gdi32full.dll
0x00007ffd4cbd0000 - 0x00007ffd4cc6d000 	C:\WINDOWS\System32\msvcp_win.dll
0x00007ffd44ab0000 - 0x00007ffd44aba000 	C:\WINDOWS\SYSTEM32\VERSION.dll
0x00007ffd4ce30000 - 0x00007ffd4ce60000 	C:\WINDOWS\System32\IMM32.DLL
0x00007ffd45410000 - 0x00007ffd4541c000 	C:\Program Files\Java\jdk-15.0.1\bin\vcruntime140_1.dll
0x00007ffd16670000 - 0x00007ffd16701000 	C:\Program Files\Java\jdk-15.0.1\bin\msvcp140.dll
0x00007ffd05340000 - 0x00007ffd05e9e000 	C:\Program Files\Java\jdk-15.0.1\bin\server\jvm.dll
0x00007ffd4dd90000 - 0x00007ffd4dd98000 	C:\WINDOWS\System32\PSAPI.DLL
0x00007ffd3f190000 - 0x00007ffd3f1b7000 	C:\WINDOWS\SYSTEM32\WINMM.dll
0x00007ffd46870000 - 0x00007ffd46879000 	C:\WINDOWS\SYSTEM32\WSOCK32.dll
0x00007ffd4d380000 - 0x00007ffd4d3eb000 	C:\WINDOWS\System32\WS2_32.dll
0x00007ffd4a260000 - 0x00007ffd4a272000 	C:\WINDOWS\SYSTEM32\kernel.appcore.dll
0x00007ffd34a80000 - 0x00007ffd34a8a000 	C:\Program Files\Java\jdk-15.0.1\bin\jimage.dll
0x00007ffd39200000 - 0x00007ffd393e4000 	C:\WINDOWS\SYSTEM32\DBGHELP.DLL
0x00007ffd391c0000 - 0x00007ffd391f4000 	C:\WINDOWS\SYSTEM32\dbgcore.DLL
0x00007ffd4c580000 - 0x00007ffd4c602000 	C:\WINDOWS\System32\bcryptPrimitives.dll
0x00007ffd349f0000 - 0x00007ffd349fe000 	C:\Program Files\Java\jdk-15.0.1\bin\instrument.dll
0x00007ffd20500000 - 0x00007ffd20525000 	C:\Program Files\Java\jdk-15.0.1\bin\java.dll
0x00007ffd4df60000 - 0x00007ffd4e6a4000 	C:\WINDOWS\System32\SHELL32.dll
0x00007ffd4a460000 - 0x00007ffd4abf4000 	C:\WINDOWS\SYSTEM32\windows.storage.dll
0x00007ffd4d450000 - 0x00007ffd4d7a4000 	C:\WINDOWS\System32\combase.dll
0x00007ffd4be30000 - 0x00007ffd4be5e000 	C:\WINDOWS\SYSTEM32\Wldp.dll
0x00007ffd4d910000 - 0x00007ffd4d9bd000 	C:\WINDOWS\System32\SHCORE.dll
0x00007ffd4d280000 - 0x00007ffd4d2d5000 	C:\WINDOWS\System32\shlwapi.dll
0x00007ffd4c320000 - 0x00007ffd4c345000 	C:\WINDOWS\SYSTEM32\profapi.dll
0x00007ffd25e90000 - 0x00007ffd25ea8000 	C:\Program Files\Java\jdk-15.0.1\bin\zip.dll
0x00007ffd25b90000 - 0x00007ffd25ba9000 	C:\Program Files\Java\jdk-15.0.1\bin\net.dll
0x00007ffd44570000 - 0x00007ffd4467a000 	C:\WINDOWS\SYSTEM32\WINHTTP.dll
0x00007ffd4bb40000 - 0x00007ffd4bbaa000 	C:\WINDOWS\system32\mswsock.dll
0x00007ffd21a40000 - 0x00007ffd21a52000 	C:\Program Files\Java\jdk-15.0.1\bin\nio.dll
0x00007ffd34930000 - 0x00007ffd34940000 	C:\Program Files\Java\jdk-15.0.1\bin\verify.dll
0x00007ffd27710000 - 0x00007ffd27737000 	C:\Users\qkdlf\.gradle\native\68d5fa5c4cc2d200863cafc0d521ce42e7d3e7ee720ec0a83991735586a16f82\windows-amd64\native-platform.dll
0x00007ffd15b20000 - 0x00007ffd15c64000 	C:\Users\qkdlf\.gradle\native\e376f236ea51e6404a007f0833ffe2c6e607c4080706a723a18a27aeea778392\windows-amd64\native-platform-file-events.dll
0x00007ffd340b0000 - 0x00007ffd340b9000 	C:\Program Files\Java\jdk-15.0.1\bin\management.dll
0x00007ffd33cb0000 - 0x00007ffd33cbb000 	C:\Program Files\Java\jdk-15.0.1\bin\management_ext.dll
0x00007ffd4bd90000 - 0x00007ffd4bda8000 	C:\WINDOWS\SYSTEM32\CRYPTSP.dll
0x00007ffd4b400000 - 0x00007ffd4b434000 	C:\WINDOWS\system32\rsaenh.dll
0x00007ffd4cba0000 - 0x00007ffd4cbc7000 	C:\WINDOWS\System32\bcrypt.dll
0x00007ffd4c2e0000 - 0x00007ffd4c30e000 	C:\WINDOWS\SYSTEM32\USERENV.dll
0x00007ffd4bd80000 - 0x00007ffd4bd8c000 	C:\WINDOWS\SYSTEM32\CRYPTBASE.dll
0x00007ffd4b800000 - 0x00007ffd4b83c000 	C:\WINDOWS\SYSTEM32\IPHLPAPI.DLL
0x00007ffd4df50000 - 0x00007ffd4df58000 	C:\WINDOWS\System32\NSI.dll
0x00007ffd44a90000 - 0x00007ffd44aa7000 	C:\WINDOWS\SYSTEM32\dhcpcsvc6.DLL
0x00007ffd43f40000 - 0x00007ffd43f5d000 	C:\WINDOWS\SYSTEM32\dhcpcsvc.DLL
0x00007ffd4b850000 - 0x00007ffd4b91a000 	C:\WINDOWS\SYSTEM32\DNSAPI.dll
0x00007ffd38dc0000 - 0x00007ffd38dcd000 	C:\Program Files\Java\jdk-15.0.1\bin\sunmscapi.dll
0x00007ffd4c9f0000 - 0x00007ffd4cb4e000 	C:\WINDOWS\System32\CRYPT32.dll
0x00007ffd4bea0000 - 0x00007ffd4bec8000 	C:\WINDOWS\SYSTEM32\ncrypt.dll
0x00007ffd4be60000 - 0x00007ffd4be9b000 	C:\WINDOWS\SYSTEM32\NTASN1.dll
0x00007ffd44090000 - 0x00007ffd4409a000 	C:\Windows\System32\rasadhlp.dll
0x00007ffd3f380000 - 0x00007ffd3f402000 	C:\WINDOWS\System32\fwpuclnt.dll

dbghelp: loaded successfully - version: 4.0.5 - missing functions: none
symbol engine: initialized successfully - sym options: 0x614 - pdb path: .;C:\Program Files\Java\jdk-15.0.1\bin;C:\WINDOWS\SYSTEM32;C:\WINDOWS\WinSxS\amd64_microsoft.windows.common-controls_6595b64144ccf1df_6.0.19041.1110_none_60b5254171f9507e;C:\Program Files\Java\jdk-15.0.1\bin\server;C:\Users\qkdlf\.gradle\native\68d5fa5c4cc2d200863cafc0d521ce42e7d3e7ee720ec0a83991735586a16f82\windows-amd64;C:\Users\qkdlf\.gradle\native\e376f236ea51e6404a007f0833ffe2c6e607c4080706a723a18a27aeea778392\windows-amd64

VM Arguments:
jvm_args: --add-opens=java.base/java.util.concurrent.atomic=ALL-UNNAMED -XX:MaxMetaspaceSize=384m -XX:+HeapDumpOnOutOfMemoryError --add-opens=java.base/java.util=ALL-UNNAMED --add-opens=java.base/java.lang=ALL-UNNAMED --add-opens=java.base/java.lang.invoke=ALL-UNNAMED --add-opens=java.prefs/java.util.prefs=ALL-UNNAMED --add-opens=java.base/java.nio.charset=ALL-UNNAMED --add-opens=java.base/java.net=ALL-UNNAMED --add-opens=java.base/java.util.concurrent.atomic=ALL-UNNAMED -Xms256m -Xmx512m -Dfile.encoding=UTF-8 -Duser.country=KR -Duser.language=ko -Duser.variant -javaagent:C:\Users\qkdlf\.gradle\wrapper\dists\gradle-8.2.1-bin\5hap6b9n41hkg4jeh2au2pllh\gradle-8.2.1\lib\agents\gradle-instrumentation-agent-8.2.1.jar 
java_command: org.gradle.launcher.daemon.bootstrap.GradleDaemon 8.2.1
java_class_path (initial): C:\Users\qkdlf\.gradle\wrapper\dists\gradle-8.2.1-bin\5hap6b9n41hkg4jeh2au2pllh\gradle-8.2.1\lib\gradle-launcher-8.2.1.jar
Launcher Type: SUN_STANDARD

[Global flags]
     intx CICompilerCount                          = 3                                         {product} {ergonomic}
   size_t CompressedClassSpaceSize                 = 394264576                                 {product} {ergonomic}
     uint ConcGCThreads                            = 1                                         {product} {ergonomic}
     uint G1ConcRefinementThreads                  = 4                                         {product} {ergonomic}
   size_t G1HeapRegionSize                         = 1048576                                   {product} {ergonomic}
    uintx GCDrainStackTargetSize                   = 64                                        {product} {ergonomic}
     bool HeapDumpOnOutOfMemoryError               = true                                   {manageable} {command line}
   size_t InitialHeapSize                          = 268435456                                 {product} {command line}
   size_t MarkStackSize                            = 4194304                                   {product} {ergonomic}
   size_t MaxHeapSize                              = 536870912                                 {product} {command line}
   size_t MaxMetaspaceSize                         = 402653184                                 {product} {command line}
   size_t MaxNewSize                               = 321912832                                 {product} {ergonomic}
   size_t MinHeapDeltaBytes                        = 1048576                                   {product} {ergonomic}
   size_t MinHeapSize                              = 268435456                                 {product} {command line}
    uintx NonNMethodCodeHeapSize                   = 5832780                                {pd product} {ergonomic}
    uintx NonProfiledCodeHeapSize                  = 122912730                              {pd product} {ergonomic}
    uintx ProfiledCodeHeapSize                     = 122912730                              {pd product} {ergonomic}
    uintx ReservedCodeCacheSize                    = 251658240                              {pd product} {ergonomic}
     bool SegmentedCodeCache                       = true                                      {product} {ergonomic}
   size_t SoftMaxHeapSize                          = 536870912                              {manageable} {ergonomic}
     bool UseCompressedClassPointers               = true                                 {lp64_product} {ergonomic}
     bool UseCompressedOops                        = true                                 {lp64_product} {ergonomic}
     bool UseG1GC                                  = true                                      {product} {ergonomic}
     bool UseLargePagesIndividualAllocation        = false                                  {pd product} {ergonomic}

Logging:
Log output configuration:
 #0: stdout all=warning uptime,level,tags
 #1: stderr all=off uptime,level,tags

Environment Variables:
JAVA_HOME=C:\Program Files\Java\jdk-15.0.1
PATH=D:\oracleDatabase\WINDOWS.X64_193000_db_home\bin;C:\xampp\mysql\bin;C:\Program Files (x86)\Windows Resource Kits\Tools\;C:\Users\qkdlf\OneDrive\바탕 화면\tool\spring5\gradle-7.1\bin;C:\Users\qkdlf\OneDrive\바탕 화면\tool\spring5\apache-maven-3.8.1\bin;C:\Program Files\Java\jdk-15.0.1\bin;C:\Program Files\Common Files\Oracle\Java\javapath;C:\Program Files (x86)\Common Files\Oracle\Java\javapath;D:\OracleDatabase\bin;C:\Program Files (x86)\NAT Service;C:\Program Files (x86)\Intel\iCLS Client\;C:\Program Files\Intel\iCLS Client\;C:\windows\system32;C:\windows;C:\windows\System32\Wbem;C:\windows\System32\WindowsPowerShell\v1.0\;C:\Program Files (x86)\NVIDIA Corporation\PhysX\Common;C:\Program Files (x86)\Intel\Intel(R) Management Engine Components\DAL;C:\Program Files\Intel\Intel(R) Management Engine Components\DAL;C:\Program Files (x86)\Intel\Intel(R) Management Engine Components\IPT;C:\Program Files\Intel\Intel(R) Management Engine Components\IPT;C:\Program Files\dotnet\;C:\Program Files\Microsoft SQL Server\130\Tools\Binn\;C:\WINDOWS\system32;C:\WINDOWS;C:\WINDOWS\System32\Wbem;C:\WINDOWS\System32\WindowsPowerShell\v1.0\;C:\WINDOWS\System32\OpenSSH\;C:\Program Files (x86)\PuTTY\;C:\Program Files\nodejs\;C:\Program Files\MySQL\MySQL Server 8.0\bin;C:\Program Files\Git\cmd;C:\Program Files\Amazon\AWSCLIV2\;C:\Program Files\PuTTY\;C:\Program Files\Docker\Docker\resources\bin;D:\Ruby27-x64\bin;C:\Users\qkdlf\AppData\Local\Programs\Python\Python38-32\Scripts\;C:\Users\qkdlf\AppData\Local\Programs\Python\Python38-32\;C:\Users\qkdlf\AppData\Local\Microsoft\WindowsApps;C:\Users\qkdlf\AppData\Local\Programs\Microsoft VS Code\bin;C:\Program Files\Wireshark;C:\Program Files\Bandizip\;D:\MiKTex\miktex\bin\x64\;C:\Users\qkdlf\AppData\Local\Microsoft\WindowsApps;C:\Users\qkdlf\AppData\Roaming\npm;C:\Users\qkdlf\ideaIU-2022.1.3.win\bin;
USERNAME=qkdlf
OS=Windows_NT
PROCESSOR_IDENTIFIER=Intel64 Family 6 Model 142 Stepping 9, GenuineIntel



---------------  S Y S T E M  ---------------

OS:
 Windows 10 , 64 bit Build 19041 (10.0.19041.3155)
OS uptime: 3 days 12:23 hours
HyperV virtualization detected

CPU: total 4 (initial active 4) (2 cores per cpu, 2 threads per core) family 6 model 142 stepping 9 microcode 0xb4, cmov, cx8, fxsr, mmx, sse, sse2, sse3, ssse3, sse4.1, sse4.2, popcnt, vzeroupper, avx, avx2, aes, clmul, erms, 3dnowpref, lzcnt, ht, tsc, tscinvbit, bmi1, bmi2, adx, fma, clflush, clflushopt

Memory: 4k page, system-wide physical 8072M (321M free)
TotalPageFile size 32648M (AvailPageFile size 7M)
current process WorkingSet (physical memory assigned to process): 367M, peak: 528M
current process commit charge ("private bytes"): 585M, peak: 586M

vm_info: Java HotSpot(TM) 64-Bit Server VM (15.0.1+9-18) for windows-amd64 JRE (15.0.1+9-18), built on Sep 15 2020 14:43:54 by "mach5one" with unknown MS VC++:1925

END.
